TN:verilator_coverage
SF:rtl/apb_regs.v
DA:20,3697
BRDA:20,0,0,3697
BRDA:20,0,1,3696
DA:21,1
BRDA:21,0,0,1
BRDA:21,0,1,0
DA:24,902
BRDA:24,0,0,902
BRDA:24,0,1,902
DA:25,902
BRDA:25,0,0,902
BRDA:25,0,1,902
DA:26,53
BRDA:26,0,0,53
BRDA:26,0,1,53
DA:27,13
BRDA:27,0,0,0
BRDA:27,0,1,0
BRDA:27,0,2,1
BRDA:27,0,3,1
BRDA:27,0,4,1
BRDA:27,0,5,1
BRDA:27,0,6,1
BRDA:27,0,7,1
BRDA:27,0,8,1
BRDA:27,0,9,1
BRDA:27,0,10,1
BRDA:27,0,11,1
BRDA:27,0,12,1
BRDA:27,0,13,1
BRDA:27,0,14,1
BRDA:27,0,15,1
BRDA:27,0,16,1
BRDA:27,0,17,1
BRDA:27,0,18,1
BRDA:27,0,19,1
BRDA:27,0,20,1
BRDA:27,0,21,1
BRDA:27,0,22,0
BRDA:27,0,23,0
BRDA:27,0,24,1
BRDA:27,0,25,1
BRDA:27,0,26,1
BRDA:27,0,27,1
BRDA:27,0,28,1
BRDA:27,0,29,1
BRDA:27,0,30,1
BRDA:27,0,31,1
BRDA:27,0,32,1
BRDA:27,0,33,1
BRDA:27,0,34,1
BRDA:27,0,35,1
BRDA:27,0,36,1
BRDA:27,0,37,1
BRDA:27,0,38,1
BRDA:27,0,39,1
BRDA:27,0,40,1
BRDA:27,0,41,1
BRDA:27,0,42,1
BRDA:27,0,43,1
BRDA:27,0,44,7
BRDA:27,0,45,7
BRDA:27,0,46,1
BRDA:27,0,47,1
BRDA:27,0,48,1
BRDA:27,0,49,1
BRDA:27,0,50,13
BRDA:27,0,51,13
BRDA:27,0,52,5
BRDA:27,0,53,5
BRDA:27,0,54,6
BRDA:27,0,55,6
BRDA:27,0,56,1
BRDA:27,0,57,1
BRDA:27,0,58,1
BRDA:27,0,59,1
BRDA:27,0,60,1
BRDA:27,0,61,1
BRDA:27,0,62,1
BRDA:27,0,63,1
DA:28,17
BRDA:28,0,0,17
BRDA:28,0,1,17
BRDA:28,0,2,10
BRDA:28,0,3,10
BRDA:28,0,4,4
BRDA:28,0,5,4
BRDA:28,0,6,2
BRDA:28,0,7,2
BRDA:28,0,8,2
BRDA:28,0,9,2
BRDA:28,0,10,1
BRDA:28,0,11,1
BRDA:28,0,12,1
BRDA:28,0,13,1
BRDA:28,0,14,0
BRDA:28,0,15,0
BRDA:28,0,16,0
BRDA:28,0,17,0
BRDA:28,0,18,0
BRDA:28,0,19,0
BRDA:28,0,20,0
BRDA:28,0,21,0
BRDA:28,0,22,12
BRDA:28,0,23,11
BRDA:28,0,24,0
BRDA:28,0,25,0
BRDA:28,0,26,0
BRDA:28,0,27,0
BRDA:28,0,28,0
BRDA:28,0,29,0
BRDA:28,0,30,0
BRDA:28,0,31,0
BRDA:28,0,32,0
BRDA:28,0,33,0
BRDA:28,0,34,0
BRDA:28,0,35,0
BRDA:28,0,36,0
BRDA:28,0,37,0
BRDA:28,0,38,0
BRDA:28,0,39,0
BRDA:28,0,40,0
BRDA:28,0,41,0
BRDA:28,0,42,0
BRDA:28,0,43,0
BRDA:28,0,44,13
BRDA:28,0,45,13
BRDA:28,0,46,0
BRDA:28,0,47,0
BRDA:28,0,48,0
BRDA:28,0,49,0
BRDA:28,0,50,10
BRDA:28,0,51,10
BRDA:28,0,52,8
BRDA:28,0,53,8
BRDA:28,0,54,14
BRDA:28,0,55,14
BRDA:28,0,56,7
BRDA:28,0,57,7
BRDA:28,0,58,12
BRDA:28,0,59,12
BRDA:28,0,60,7
BRDA:28,0,61,7
BRDA:28,0,62,12
BRDA:28,0,63,12
DA:29,28
BRDA:29,0,0,28
BRDA:29,0,1,28
BRDA:29,0,2,12
BRDA:29,0,3,12
BRDA:29,0,4,4
BRDA:29,0,5,4
BRDA:29,0,6,2
BRDA:29,0,7,2
BRDA:29,0,8,4
BRDA:29,0,9,4
BRDA:29,0,10,1
BRDA:29,0,11,1
BRDA:29,0,12,3
BRDA:29,0,13,3
BRDA:29,0,14,0
BRDA:29,0,15,0
BRDA:29,0,16,0
BRDA:29,0,17,0
BRDA:29,0,18,0
BRDA:29,0,19,0
BRDA:29,0,20,0
BRDA:29,0,21,0
BRDA:29,0,22,18
BRDA:29,0,23,18
BRDA:29,0,24,0
BRDA:29,0,25,0
BRDA:29,0,26,0
BRDA:29,0,27,0
BRDA:29,0,28,0
BRDA:29,0,29,0
BRDA:29,0,30,0
BRDA:29,0,31,0
BRDA:29,0,32,0
BRDA:29,0,33,0
BRDA:29,0,34,0
BRDA:29,0,35,0
BRDA:29,0,36,0
BRDA:29,0,37,0
BRDA:29,0,38,0
BRDA:29,0,39,0
BRDA:29,0,40,0
BRDA:29,0,41,0
BRDA:29,0,42,0
BRDA:29,0,43,0
BRDA:29,0,44,21
BRDA:29,0,45,21
BRDA:29,0,46,0
BRDA:29,0,47,0
BRDA:29,0,48,0
BRDA:29,0,49,0
BRDA:29,0,50,14
BRDA:29,0,51,14
BRDA:29,0,52,7
BRDA:29,0,53,7
BRDA:29,0,54,16
BRDA:29,0,55,16
BRDA:29,0,56,7
BRDA:29,0,57,7
BRDA:29,0,58,14
BRDA:29,0,59,14
BRDA:29,0,60,9
BRDA:29,0,61,9
BRDA:29,0,62,12
BRDA:29,0,63,12
DA:30,902
BRDA:30,0,0,902
BRDA:30,0,1,902
DA:31,4
BRDA:31,0,0,4
BRDA:31,0,1,4
DA:34,1
BRDA:34,0,0,1
BRDA:34,0,1,1
DA:35,9
BRDA:35,0,0,9
BRDA:35,0,1,9
DA:36,1
BRDA:36,0,0,1
BRDA:36,0,1,1
DA:37,1
BRDA:37,0,0,1
BRDA:37,0,1,1
DA:38,1
BRDA:38,0,0,0
BRDA:38,0,1,0
BRDA:38,0,2,0
BRDA:38,0,3,0
BRDA:38,0,4,0
BRDA:38,0,5,0
BRDA:38,0,6,1
BRDA:38,0,7,1
DA:41,32
BRDA:41,0,0,32
BRDA:41,0,1,31
BRDA:41,0,2,0
BRDA:41,0,3,0
BRDA:41,0,4,0
BRDA:41,0,5,0
BRDA:41,0,6,0
BRDA:41,0,7,0
BRDA:41,0,8,0
BRDA:41,0,9,0
BRDA:41,0,10,0
BRDA:41,0,11,0
BRDA:41,0,12,0
BRDA:41,0,13,0
BRDA:41,0,14,16
BRDA:41,0,15,16
BRDA:41,0,16,8
BRDA:41,0,17,8
BRDA:41,0,18,4
BRDA:41,0,19,4
BRDA:41,0,20,2
BRDA:41,0,21,2
BRDA:41,0,22,0
BRDA:41,0,23,0
BRDA:41,0,24,0
BRDA:41,0,25,0
BRDA:41,0,26,0
BRDA:41,0,27,0
BRDA:41,0,28,0
BRDA:41,0,29,0
BRDA:41,0,30,0
BRDA:41,0,31,0
DA:42,17
BRDA:42,0,0,17
BRDA:42,0,1,17
BRDA:42,0,2,10
BRDA:42,0,3,10
BRDA:42,0,4,4
BRDA:42,0,5,4
BRDA:42,0,6,2
BRDA:42,0,7,2
BRDA:42,0,8,2
BRDA:42,0,9,2
BRDA:42,0,10,1
BRDA:42,0,11,1
BRDA:42,0,12,1
BRDA:42,0,13,1
BRDA:42,0,14,12
BRDA:42,0,15,11
BRDA:42,0,16,13
BRDA:42,0,17,13
BRDA:42,0,18,10
BRDA:42,0,19,10
BRDA:42,0,20,8
BRDA:42,0,21,8
BRDA:42,0,22,14
BRDA:42,0,23,14
BRDA:42,0,24,7
BRDA:42,0,25,7
BRDA:42,0,26,12
BRDA:42,0,27,12
BRDA:42,0,28,7
BRDA:42,0,29,7
BRDA:42,0,30,12
BRDA:42,0,31,12
DA:43,30
BRDA:43,0,0,30
BRDA:43,0,1,30
DA:44,31
BRDA:44,0,0,31
BRDA:44,0,1,30
BRDA:44,0,2,19
BRDA:44,0,3,18
BRDA:44,0,4,8
BRDA:44,0,5,8
BRDA:44,0,6,4
BRDA:44,0,7,4
BRDA:44,0,8,3
BRDA:44,0,9,2
BRDA:44,0,10,2
BRDA:44,0,11,2
BRDA:44,0,12,1
BRDA:44,0,13,0
BRDA:44,0,14,14
BRDA:44,0,15,14
BRDA:44,0,16,23
BRDA:44,0,17,22
BRDA:44,0,18,18
BRDA:44,0,19,18
BRDA:44,0,20,10
BRDA:44,0,21,10
BRDA:44,0,22,27
BRDA:44,0,23,26
BRDA:44,0,24,14
BRDA:44,0,25,14
BRDA:44,0,26,23
BRDA:44,0,27,22
BRDA:44,0,28,13
BRDA:44,0,29,12
BRDA:44,0,30,24
BRDA:44,0,31,24
DA:45,1
BRDA:45,0,0,1
BRDA:45,0,1,1
DA:46,1
BRDA:46,0,0,1
BRDA:46,0,1,0
BRDA:46,0,2,1
BRDA:46,0,3,0
BRDA:46,0,4,0
BRDA:46,0,5,0
BRDA:46,0,6,0
BRDA:46,0,7,0
BRDA:46,0,8,1
BRDA:46,0,9,0
BRDA:46,0,10,0
BRDA:46,0,11,0
BRDA:46,0,12,1
BRDA:46,0,13,0
BRDA:46,0,14,0
BRDA:46,0,15,0
BRDA:46,0,16,1
BRDA:46,0,17,0
BRDA:46,0,18,0
BRDA:46,0,19,0
BRDA:46,0,20,0
BRDA:46,0,21,0
BRDA:46,0,22,1
BRDA:46,0,23,0
BRDA:46,0,24,0
BRDA:46,0,25,0
BRDA:46,0,26,1
BRDA:46,0,27,0
BRDA:46,0,28,1
BRDA:46,0,29,0
BRDA:46,0,30,0
BRDA:46,0,31,0
DA:47,1
BRDA:47,0,0,1
BRDA:47,0,1,1
DA:50,5
BRDA:50,0,0,5
BRDA:50,0,1,5
BRDA:50,0,2,0
BRDA:50,0,3,0
BRDA:50,0,4,0
BRDA:50,0,5,0
BRDA:50,0,6,0
BRDA:50,0,7,0
BRDA:50,0,8,0
BRDA:50,0,9,0
BRDA:50,0,10,0
BRDA:50,0,11,0
BRDA:50,0,12,0
BRDA:50,0,13,0
BRDA:50,0,14,0
BRDA:50,0,15,0
BRDA:50,0,16,0
BRDA:50,0,17,0
BRDA:50,0,18,0
BRDA:50,0,19,0
BRDA:50,0,20,0
BRDA:50,0,21,0
BRDA:50,0,22,2
BRDA:50,0,23,2
BRDA:50,0,24,0
BRDA:50,0,25,0
BRDA:50,0,26,0
BRDA:50,0,27,0
BRDA:50,0,28,0
BRDA:50,0,29,0
BRDA:50,0,30,0
BRDA:50,0,31,0
BRDA:50,0,32,0
BRDA:50,0,33,0
BRDA:50,0,34,0
BRDA:50,0,35,0
BRDA:50,0,36,0
BRDA:50,0,37,0
BRDA:50,0,38,0
BRDA:50,0,39,0
BRDA:50,0,40,0
BRDA:50,0,41,0
BRDA:50,0,42,0
BRDA:50,0,43,0
BRDA:50,0,44,2
BRDA:50,0,45,1
BRDA:50,0,46,0
BRDA:50,0,47,0
BRDA:50,0,48,0
BRDA:50,0,49,0
BRDA:50,0,50,0
BRDA:50,0,51,0
BRDA:50,0,52,0
BRDA:50,0,53,0
BRDA:50,0,54,0
BRDA:50,0,55,0
BRDA:50,0,56,0
BRDA:50,0,57,0
BRDA:50,0,58,0
BRDA:50,0,59,0
BRDA:50,0,60,0
BRDA:50,0,61,0
BRDA:50,0,62,0
BRDA:50,0,63,0
DA:51,3
BRDA:51,0,0,3
BRDA:51,0,1,3
BRDA:51,0,2,0
BRDA:51,0,3,0
BRDA:51,0,4,0
BRDA:51,0,5,0
BRDA:51,0,6,0
BRDA:51,0,7,0
BRDA:51,0,8,0
BRDA:51,0,9,0
BRDA:51,0,10,0
BRDA:51,0,11,0
BRDA:51,0,12,0
BRDA:51,0,13,0
BRDA:51,0,14,0
BRDA:51,0,15,0
BRDA:51,0,16,0
BRDA:51,0,17,0
BRDA:51,0,18,0
BRDA:51,0,19,0
BRDA:51,0,20,0
BRDA:51,0,21,0
BRDA:51,0,22,2
BRDA:51,0,23,1
BRDA:51,0,24,0
BRDA:51,0,25,0
BRDA:51,0,26,0
BRDA:51,0,27,0
BRDA:51,0,28,0
BRDA:51,0,29,0
BRDA:51,0,30,0
BRDA:51,0,31,0
BRDA:51,0,32,0
BRDA:51,0,33,0
BRDA:51,0,34,0
BRDA:51,0,35,0
BRDA:51,0,36,0
BRDA:51,0,37,0
BRDA:51,0,38,0
BRDA:51,0,39,0
BRDA:51,0,40,0
BRDA:51,0,41,0
BRDA:51,0,42,0
BRDA:51,0,43,0
BRDA:51,0,44,1
BRDA:51,0,45,1
BRDA:51,0,46,0
BRDA:51,0,47,0
BRDA:51,0,48,0
BRDA:51,0,49,0
BRDA:51,0,50,0
BRDA:51,0,51,0
BRDA:51,0,52,0
BRDA:51,0,53,0
BRDA:51,0,54,0
BRDA:51,0,55,0
BRDA:51,0,56,0
BRDA:51,0,57,0
BRDA:51,0,58,0
BRDA:51,0,59,0
BRDA:51,0,60,0
BRDA:51,0,61,0
BRDA:51,0,62,0
BRDA:51,0,63,0
DA:52,2
BRDA:52,0,0,2
BRDA:52,0,1,2
BRDA:52,0,2,0
BRDA:52,0,3,0
BRDA:52,0,4,0
BRDA:52,0,5,0
BRDA:52,0,6,0
BRDA:52,0,7,0
BRDA:52,0,8,0
BRDA:52,0,9,0
BRDA:52,0,10,0
BRDA:52,0,11,0
BRDA:52,0,12,0
BRDA:52,0,13,0
BRDA:52,0,14,0
BRDA:52,0,15,0
BRDA:52,0,16,0
BRDA:52,0,17,0
BRDA:52,0,18,0
BRDA:52,0,19,0
BRDA:52,0,20,0
BRDA:52,0,21,0
BRDA:52,0,22,1
BRDA:52,0,23,0
BRDA:52,0,24,0
BRDA:52,0,25,0
BRDA:52,0,26,0
BRDA:52,0,27,0
BRDA:52,0,28,0
BRDA:52,0,29,0
BRDA:52,0,30,0
BRDA:52,0,31,0
BRDA:52,0,32,0
BRDA:52,0,33,0
BRDA:52,0,34,0
BRDA:52,0,35,0
BRDA:52,0,36,0
BRDA:52,0,37,0
BRDA:52,0,38,0
BRDA:52,0,39,0
BRDA:52,0,40,0
BRDA:52,0,41,0
BRDA:52,0,42,0
BRDA:52,0,43,0
BRDA:52,0,44,0
BRDA:52,0,45,0
BRDA:52,0,46,0
BRDA:52,0,47,0
BRDA:52,0,48,0
BRDA:52,0,49,0
BRDA:52,0,50,0
BRDA:52,0,51,0
BRDA:52,0,52,0
BRDA:52,0,53,0
BRDA:52,0,54,0
BRDA:52,0,55,0
BRDA:52,0,56,0
BRDA:52,0,57,0
BRDA:52,0,58,0
BRDA:52,0,59,0
BRDA:52,0,60,0
BRDA:52,0,61,0
BRDA:52,0,62,0
BRDA:52,0,63,0
DA:53,2
BRDA:53,0,0,2
BRDA:53,0,1,2
DA:54,0
BRDA:54,0,0,0
BRDA:54,0,1,0
BRDA:54,0,2,0
BRDA:54,0,3,0
BRDA:54,0,4,0
BRDA:54,0,5,0
BRDA:54,0,6,0
BRDA:54,0,7,0
BRDA:54,0,8,0
BRDA:54,0,9,0
BRDA:54,0,10,0
BRDA:54,0,11,0
BRDA:54,0,12,0
BRDA:54,0,13,0
BRDA:54,0,14,0
BRDA:54,0,15,0
DA:55,3
BRDA:55,0,0,3
BRDA:55,0,1,3
DA:58,10
BRDA:58,0,0,10
BRDA:58,0,1,9
DA:59,9
BRDA:59,0,0,9
BRDA:59,0,1,9
DA:75,1
BRDA:75,0,0,1
BRDA:75,0,1,1
DA:76,1
BRDA:76,0,0,0
BRDA:76,0,1,0
BRDA:76,0,2,0
BRDA:76,0,3,0
BRDA:76,0,4,0
BRDA:76,0,5,0
BRDA:76,0,6,1
BRDA:76,0,7,1
DA:77,32
BRDA:77,0,0,32
BRDA:77,0,1,31
BRDA:77,0,2,0
BRDA:77,0,3,0
BRDA:77,0,4,0
BRDA:77,0,5,0
BRDA:77,0,6,0
BRDA:77,0,7,0
BRDA:77,0,8,0
BRDA:77,0,9,0
BRDA:77,0,10,0
BRDA:77,0,11,0
BRDA:77,0,12,0
BRDA:77,0,13,0
BRDA:77,0,14,16
BRDA:77,0,15,16
BRDA:77,0,16,8
BRDA:77,0,17,8
BRDA:77,0,18,4
BRDA:77,0,19,4
BRDA:77,0,20,2
BRDA:77,0,21,2
BRDA:77,0,22,0
BRDA:77,0,23,0
BRDA:77,0,24,0
BRDA:77,0,25,0
BRDA:77,0,26,0
BRDA:77,0,27,0
BRDA:77,0,28,0
BRDA:77,0,29,0
BRDA:77,0,30,0
BRDA:77,0,31,0
DA:78,1
BRDA:78,0,0,1
BRDA:78,0,1,0
BRDA:78,0,2,1
BRDA:78,0,3,0
BRDA:78,0,4,0
BRDA:78,0,5,0
BRDA:78,0,6,0
BRDA:78,0,7,0
BRDA:78,0,8,1
BRDA:78,0,9,0
BRDA:78,0,10,0
BRDA:78,0,11,0
BRDA:78,0,12,1
BRDA:78,0,13,0
BRDA:78,0,14,0
BRDA:78,0,15,0
BRDA:78,0,16,1
BRDA:78,0,17,0
BRDA:78,0,18,0
BRDA:78,0,19,0
BRDA:78,0,20,0
BRDA:78,0,21,0
BRDA:78,0,22,1
BRDA:78,0,23,0
BRDA:78,0,24,0
BRDA:78,0,25,0
BRDA:78,0,26,1
BRDA:78,0,27,0
BRDA:78,0,28,1
BRDA:78,0,29,0
BRDA:78,0,30,0
BRDA:78,0,31,0
DA:82,13
BRDA:82,0,0,7
BRDA:82,0,1,7
BRDA:82,0,2,13
BRDA:82,0,3,13
BRDA:82,0,4,5
BRDA:82,0,5,5
BRDA:82,0,6,6
BRDA:82,0,7,6
DA:83,2
BRDA:83,0,0,2
BRDA:83,0,1,1
DA:84,1
BRDA:84,0,0,1
BRDA:84,0,1,0
DA:85,3687
BRDA:85,0,0,2
BRDA:85,0,1,1
BRDA:85,0,2,9
BRDA:85,0,3,0
BRDA:85,0,4,6
BRDA:85,0,5,3687
DA:88,2797
BRDA:88,0,0,902
BRDA:88,0,1,902
BRDA:88,0,2,2797
BRDA:88,0,3,1895
BRDA:88,0,4,902
DA:89,3593
BRDA:89,0,0,53
BRDA:89,0,1,53
BRDA:89,0,2,2797
BRDA:89,0,3,53
BRDA:89,0,4,3593
DA:90,2797
BRDA:90,0,0,849
BRDA:90,0,1,849
BRDA:90,0,2,2797
BRDA:90,0,3,849
BRDA:90,0,4,106
DA:93,3687
BRDA:93,0,0,2797
BRDA:93,0,1,4
BRDA:93,0,2,3687
DA:96,3463
BRDA:96,0,0,12
BRDA:96,0,1,11
BRDA:96,0,2,3463
BRDA:96,0,3,12
BRDA:96,0,4,233
DA:97,3696
BRDA:97,0,0,1
BRDA:97,0,1,1
BRDA:97,0,2,3696
BRDA:97,0,3,12
BRDA:97,0,4,3
DA:98,3687
BRDA:98,0,0,4
BRDA:98,0,1,4
BRDA:98,0,2,3687
BRDA:98,0,3,12
BRDA:98,0,4,12
DA:99,3513
BRDA:99,0,0,4
BRDA:99,0,1,4
BRDA:99,0,2,3513
BRDA:99,0,3,12
BRDA:99,0,4,186
DA:100,3696
BRDA:100,0,0,1
BRDA:100,0,1,1
BRDA:100,0,2,3696
BRDA:100,0,3,12
BRDA:100,0,4,3
DA:103,3646
BRDA:103,0,0,15
BRDA:103,0,1,15
BRDA:103,0,2,3646
BRDA:103,0,3,3466
BRDA:103,0,4,15
DA:108,3684
BRDA:108,0,0,3684
BRDA:108,0,1,1
BRDA:108,0,2,3638
DA:109,3684
BRDA:109,0,0,3684
BRDA:109,0,1,9
BRDA:109,0,2,627
DA:110,3684
BRDA:110,0,0,3684
BRDA:110,0,1,1
BRDA:110,0,2,3277
DA:111,3684
BRDA:111,0,0,3684
BRDA:111,0,1,3
BRDA:111,0,2,3648
DA:113,3684
BRDA:113,0,0,3368
BRDA:113,0,1,3684
BRDA:113,0,2,1
BRDA:113,0,3,3617
DA:121,3646
BRDA:121,0,0,30
BRDA:121,0,1,30
BRDA:121,0,2,3646
BRDA:121,0,3,3513
BRDA:121,0,4,30
DA:122,3513
BRDA:122,0,0,32
BRDA:122,0,1,32
BRDA:122,0,2,2850
BRDA:122,0,3,3513
BRDA:122,0,4,32
DA:123,3669
BRDA:123,0,0,30
BRDA:123,0,1,30
BRDA:123,0,2,30
BRDA:123,0,3,3669
BRDA:123,0,4,30
DA:125,3637
BRDA:125,0,0,62
BRDA:125,0,1,62
BRDA:125,0,2,32
BRDA:125,0,3,3637
BRDA:125,0,4,30
DA:132,3697
DA:133,3677
BRDA:133,0,0,3677
BRDA:133,0,1,20
BRDA:133,0,2,3677
BRDA:133,0,3,20
DA:134,20
DA:135,20
DA:136,20
DA:137,20
DA:138,3677
DA:140,3662
BRDA:140,0,0,15
BRDA:140,0,1,3662
DA:143,3676
BRDA:143,0,0,1
BRDA:143,0,1,3676
BRDA:143,0,2,3624
BRDA:143,0,3,3674
BRDA:143,0,4,1
DA:149,3665
BRDA:149,0,0,4
BRDA:149,0,1,3624
BRDA:149,0,2,3665
BRDA:149,0,3,4
DA:150,3611
BRDA:150,0,0,62
BRDA:150,0,1,3611
DA:153,3676
BRDA:153,0,0,1
BRDA:153,0,1,3676
BRDA:153,0,2,3624
BRDA:153,0,3,3674
BRDA:153,0,4,1
DA:160,3699
DA:161,3699
DA:162,3687
BRDA:162,0,0,12
BRDA:162,0,1,3687
DA:163,3687
DA:164,233
DA:165,3
DA:166,3250
DA:167,0
DA:168,0
DA:169,0
DA:170,0
DA:171,12
DA:172,186
DA:173,3
DA:174,0
BRF:772
BRH:182
end_of_record
SF:rtl/div_seq.v
DA:25,3697
BRDA:25,0,0,3697
BRDA:25,0,1,3696
DA:26,1
BRDA:26,0,0,1
BRDA:26,0,1,0
DA:27,54
BRDA:27,0,0,54
BRDA:27,0,1,54
DA:28,9
BRDA:28,0,0,0
BRDA:28,0,1,0
BRDA:28,0,2,2
BRDA:28,0,3,2
BRDA:28,0,4,9
BRDA:28,0,5,8
BRDA:28,0,6,0
BRDA:28,0,7,0
BRDA:28,0,8,9
BRDA:28,0,9,8
BRDA:28,0,10,1
BRDA:28,0,11,0
BRDA:28,0,12,9
BRDA:28,0,13,9
BRDA:28,0,14,1
BRDA:28,0,15,0
BRDA:28,0,16,0
BRDA:28,0,17,0
BRDA:28,0,18,0
BRDA:28,0,19,0
BRDA:28,0,20,0
BRDA:28,0,21,0
BRDA:28,0,22,0
BRDA:28,0,23,0
BRDA:28,0,24,1
BRDA:28,0,25,0
BRDA:28,0,26,0
BRDA:28,0,27,0
BRDA:28,0,28,1
BRDA:28,0,29,0
BRDA:28,0,30,1
BRDA:28,0,31,0
BRDA:28,0,32,1
BRDA:28,0,33,0
BRDA:28,0,34,1
BRDA:28,0,35,0
BRDA:28,0,36,1
BRDA:28,0,37,0
BRDA:28,0,38,1
BRDA:28,0,39,0
BRDA:28,0,40,1
BRDA:28,0,41,0
BRDA:28,0,42,1
BRDA:28,0,43,0
BRDA:28,0,44,0
BRDA:28,0,45,0
BRDA:28,0,46,1
BRDA:28,0,47,0
BRDA:28,0,48,1
BRDA:28,0,49,0
BRDA:28,0,50,0
BRDA:28,0,51,0
BRDA:28,0,52,0
BRDA:28,0,53,0
BRDA:28,0,54,0
BRDA:28,0,55,0
BRDA:28,0,56,0
BRDA:28,0,57,0
BRDA:28,0,58,6
BRDA:28,0,59,6
BRDA:28,0,60,6
BRDA:28,0,61,6
BRDA:28,0,62,8
BRDA:28,0,63,7
DA:29,9
BRDA:29,0,0,6
BRDA:29,0,1,6
BRDA:29,0,2,1
BRDA:29,0,3,0
BRDA:29,0,4,1
BRDA:29,0,5,0
BRDA:29,0,6,1
BRDA:29,0,7,0
BRDA:29,0,8,0
BRDA:29,0,9,0
BRDA:29,0,10,1
BRDA:29,0,11,0
BRDA:29,0,12,0
BRDA:29,0,13,0
BRDA:29,0,14,0
BRDA:29,0,15,0
BRDA:29,0,16,2
BRDA:29,0,17,2
BRDA:29,0,18,9
BRDA:29,0,19,8
BRDA:29,0,20,1
BRDA:29,0,21,0
BRDA:29,0,22,9
BRDA:29,0,23,9
BRDA:29,0,24,1
BRDA:29,0,25,0
BRDA:29,0,26,9
BRDA:29,0,27,9
BRDA:29,0,28,0
BRDA:29,0,29,0
BRDA:29,0,30,9
BRDA:29,0,31,9
BRDA:29,0,32,9
BRDA:29,0,33,8
DA:30,54
BRDA:30,0,0,54
BRDA:30,0,1,54
DA:31,54
BRDA:31,0,0,54
BRDA:31,0,1,54
DA:32,1
BRDA:32,0,0,0
BRDA:32,0,1,0
BRDA:32,0,2,1
BRDA:32,0,3,0
BRDA:32,0,4,1
BRDA:32,0,5,0
BRDA:32,0,6,1
BRDA:32,0,7,0
BRDA:32,0,8,1
BRDA:32,0,9,0
BRDA:32,0,10,1
BRDA:32,0,11,0
BRDA:32,0,12,1
BRDA:32,0,13,0
BRDA:32,0,14,1
BRDA:32,0,15,0
BRDA:32,0,16,1
BRDA:32,0,17,0
BRDA:32,0,18,0
BRDA:32,0,19,0
BRDA:32,0,20,0
BRDA:32,0,21,0
BRDA:32,0,22,0
BRDA:32,0,23,0
BRDA:32,0,24,0
BRDA:32,0,25,0
BRDA:32,0,26,0
BRDA:32,0,27,0
BRDA:32,0,28,1
BRDA:32,0,29,0
BRDA:32,0,30,1
BRDA:32,0,31,0
BRDA:32,0,32,1
BRDA:32,0,33,0
DA:40,54
BRDA:40,0,0,54
BRDA:40,0,1,54
BRDA:40,0,2,54
BRDA:40,0,3,54
BRDA:40,0,4,54
BRDA:40,0,5,54
BRDA:40,0,6,54
BRDA:40,0,7,54
DA:43,864
BRDA:43,0,0,864
BRDA:43,0,1,864
BRDA:43,0,2,432
BRDA:43,0,3,432
BRDA:43,0,4,216
BRDA:43,0,5,216
BRDA:43,0,6,108
BRDA:43,0,7,108
BRDA:43,0,8,54
BRDA:43,0,9,54
BRDA:43,0,10,54
BRDA:43,0,11,53
DA:44,245
BRDA:44,0,0,245
BRDA:44,0,1,245
BRDA:44,0,2,162
BRDA:44,0,3,161
BRDA:44,0,4,162
BRDA:44,0,5,161
BRDA:44,0,6,162
BRDA:44,0,7,161
BRDA:44,0,8,162
BRDA:44,0,9,161
BRDA:44,0,10,54
BRDA:44,0,11,54
BRDA:44,0,12,0
BRDA:44,0,13,0
BRDA:44,0,14,0
BRDA:44,0,15,0
BRDA:44,0,16,0
BRDA:44,0,17,0
BRDA:44,0,18,245
BRDA:44,0,19,245
BRDA:44,0,20,200
BRDA:44,0,21,200
BRDA:44,0,22,198
BRDA:44,0,23,197
BRDA:44,0,24,198
BRDA:44,0,25,197
BRDA:44,0,26,180
BRDA:44,0,27,180
BRDA:44,0,28,180
BRDA:44,0,29,179
BRDA:44,0,30,162
BRDA:44,0,31,162
BRDA:44,0,32,162
BRDA:44,0,33,162
BRDA:44,0,34,198
BRDA:44,0,35,198
DA:45,245
BRDA:45,0,0,0
BRDA:45,0,1,0
BRDA:45,0,2,101
BRDA:45,0,3,101
BRDA:45,0,4,101
BRDA:45,0,5,101
BRDA:45,0,6,119
BRDA:45,0,7,119
BRDA:45,0,8,119
BRDA:45,0,9,119
BRDA:45,0,10,119
BRDA:45,0,11,119
BRDA:45,0,12,137
BRDA:45,0,13,137
BRDA:45,0,14,137
BRDA:45,0,15,137
BRDA:45,0,16,191
BRDA:45,0,17,191
BRDA:45,0,18,191
BRDA:45,0,19,191
BRDA:45,0,20,191
BRDA:45,0,21,191
BRDA:45,0,22,0
BRDA:45,0,23,0
BRDA:45,0,24,191
BRDA:45,0,25,191
BRDA:45,0,26,245
BRDA:45,0,27,245
BRDA:45,0,28,245
BRDA:45,0,29,245
BRDA:45,0,30,245
BRDA:45,0,31,245
BRDA:45,0,32,245
BRDA:45,0,33,245
BRDA:45,0,34,245
BRDA:45,0,35,245
BRDA:45,0,36,245
BRDA:45,0,37,245
BRDA:45,0,38,245
BRDA:45,0,39,245
BRDA:45,0,40,245
BRDA:45,0,41,245
BRDA:45,0,42,245
BRDA:45,0,43,245
BRDA:45,0,44,0
BRDA:45,0,45,0
BRDA:45,0,46,245
BRDA:45,0,47,245
BRDA:45,0,48,245
BRDA:45,0,49,245
BRDA:45,0,50,0
BRDA:45,0,51,0
BRDA:45,0,52,0
BRDA:45,0,53,0
BRDA:45,0,54,0
BRDA:45,0,55,0
BRDA:45,0,56,0
BRDA:45,0,57,0
BRDA:45,0,58,46
BRDA:45,0,59,46
BRDA:45,0,60,47
BRDA:45,0,61,47
BRDA:45,0,62,58
BRDA:45,0,63,58
DA:46,54
BRDA:46,0,0,54
BRDA:46,0,1,54
BRDA:46,0,2,0
BRDA:46,0,3,0
BRDA:46,0,4,0
BRDA:46,0,5,0
BRDA:46,0,6,0
BRDA:46,0,7,0
BRDA:46,0,8,0
BRDA:46,0,9,0
BRDA:46,0,10,0
BRDA:46,0,11,0
BRDA:46,0,12,0
BRDA:46,0,13,0
BRDA:46,0,14,0
BRDA:46,0,15,0
BRDA:46,0,16,0
BRDA:46,0,17,0
BRDA:46,0,18,0
BRDA:46,0,19,0
BRDA:46,0,20,0
BRDA:46,0,21,0
BRDA:46,0,22,54
BRDA:46,0,23,53
BRDA:46,0,24,0
BRDA:46,0,25,0
BRDA:46,0,26,0
BRDA:46,0,27,0
BRDA:46,0,28,0
BRDA:46,0,29,0
BRDA:46,0,30,0
BRDA:46,0,31,0
BRDA:46,0,32,0
BRDA:46,0,33,0
BRDA:46,0,34,0
BRDA:46,0,35,0
BRDA:46,0,36,0
BRDA:46,0,37,0
BRDA:46,0,38,0
BRDA:46,0,39,0
BRDA:46,0,40,0
BRDA:46,0,41,0
BRDA:46,0,42,0
BRDA:46,0,43,0
BRDA:46,0,44,54
BRDA:46,0,45,53
BRDA:46,0,46,0
BRDA:46,0,47,0
BRDA:46,0,48,0
BRDA:46,0,49,0
BRDA:46,0,50,54
BRDA:46,0,51,53
BRDA:46,0,52,54
BRDA:46,0,53,53
BRDA:46,0,54,54
BRDA:46,0,55,53
BRDA:46,0,56,54
BRDA:46,0,57,53
BRDA:46,0,58,0
BRDA:46,0,59,0
BRDA:46,0,60,0
BRDA:46,0,61,0
BRDA:46,0,62,0
BRDA:46,0,63,0
DA:47,9
BRDA:47,0,0,6
BRDA:47,0,1,6
BRDA:47,0,2,1
BRDA:47,0,3,0
BRDA:47,0,4,1
BRDA:47,0,5,0
BRDA:47,0,6,1
BRDA:47,0,7,0
BRDA:47,0,8,0
BRDA:47,0,9,0
BRDA:47,0,10,1
BRDA:47,0,11,0
BRDA:47,0,12,0
BRDA:47,0,13,0
BRDA:47,0,14,0
BRDA:47,0,15,0
BRDA:47,0,16,2
BRDA:47,0,17,2
BRDA:47,0,18,9
BRDA:47,0,19,8
BRDA:47,0,20,1
BRDA:47,0,21,0
BRDA:47,0,22,9
BRDA:47,0,23,9
BRDA:47,0,24,1
BRDA:47,0,25,0
BRDA:47,0,26,9
BRDA:47,0,27,9
BRDA:47,0,28,0
BRDA:47,0,29,0
BRDA:47,0,30,9
BRDA:47,0,31,9
BRDA:47,0,32,9
BRDA:47,0,33,8
DA:48,1
BRDA:48,0,0,1
BRDA:48,0,1,0
DA:51,245
BRDA:51,0,0,245
BRDA:51,0,1,245
BRDA:51,0,2,198
BRDA:51,0,3,198
BRDA:51,0,4,162
BRDA:51,0,5,161
BRDA:51,0,6,162
BRDA:51,0,7,161
BRDA:51,0,8,162
BRDA:51,0,9,161
BRDA:51,0,10,162
BRDA:51,0,11,161
BRDA:51,0,12,54
BRDA:51,0,13,54
BRDA:51,0,14,0
BRDA:51,0,15,0
BRDA:51,0,16,0
BRDA:51,0,17,0
BRDA:51,0,18,245
BRDA:51,0,19,245
BRDA:51,0,20,245
BRDA:51,0,21,245
BRDA:51,0,22,200
BRDA:51,0,23,200
BRDA:51,0,24,198
BRDA:51,0,25,197
BRDA:51,0,26,198
BRDA:51,0,27,197
BRDA:51,0,28,180
BRDA:51,0,29,180
BRDA:51,0,30,180
BRDA:51,0,31,179
BRDA:51,0,32,162
BRDA:51,0,33,162
BRDA:51,0,34,162
BRDA:51,0,35,162
DA:52,9
BRDA:52,0,0,6
BRDA:52,0,1,6
BRDA:52,0,2,1
BRDA:52,0,3,0
BRDA:52,0,4,1
BRDA:52,0,5,0
BRDA:52,0,6,1
BRDA:52,0,7,0
BRDA:52,0,8,0
BRDA:52,0,9,0
BRDA:52,0,10,1
BRDA:52,0,11,0
BRDA:52,0,12,0
BRDA:52,0,13,0
BRDA:52,0,14,0
BRDA:52,0,15,0
BRDA:52,0,16,0
BRDA:52,0,17,0
BRDA:52,0,18,2
BRDA:52,0,19,2
BRDA:52,0,20,9
BRDA:52,0,21,8
BRDA:52,0,22,1
BRDA:52,0,23,0
BRDA:52,0,24,9
BRDA:52,0,25,9
BRDA:52,0,26,1
BRDA:52,0,27,0
BRDA:52,0,28,9
BRDA:52,0,29,9
BRDA:52,0,30,0
BRDA:52,0,31,0
BRDA:52,0,32,9
BRDA:52,0,33,9
BRDA:52,0,34,9
BRDA:52,0,35,8
DA:53,109
BRDA:53,0,0,109
BRDA:53,0,1,108
DA:54,109
BRDA:54,0,0,109
BRDA:54,0,1,108
DA:55,291
BRDA:55,0,0,291
BRDA:55,0,1,291
BRDA:55,0,2,162
BRDA:55,0,3,162
BRDA:55,0,4,162
BRDA:55,0,5,161
BRDA:55,0,6,162
BRDA:55,0,7,161
BRDA:55,0,8,162
BRDA:55,0,9,162
BRDA:55,0,10,54
BRDA:55,0,11,54
BRDA:55,0,12,0
BRDA:55,0,13,0
BRDA:55,0,14,0
BRDA:55,0,15,0
BRDA:55,0,16,0
BRDA:55,0,17,0
BRDA:55,0,18,246
BRDA:55,0,19,246
BRDA:55,0,20,211
BRDA:55,0,21,210
BRDA:55,0,22,240
BRDA:55,0,23,240
BRDA:55,0,24,198
BRDA:55,0,25,198
BRDA:55,0,26,186
BRDA:55,0,27,186
BRDA:55,0,28,180
BRDA:55,0,29,180
BRDA:55,0,30,174
BRDA:55,0,31,173
BRDA:55,0,32,162
BRDA:55,0,33,162
BRDA:55,0,34,216
BRDA:55,0,35,215
DA:60,3697
DA:61,3677
BRDA:61,0,0,3677
BRDA:61,0,1,20
BRDA:61,0,2,3677
BRDA:61,0,3,20
DA:62,3677
DA:67,3698
DA:68,3698
DA:69,3698
DA:70,1862
BRDA:70,0,0,1862
BRDA:70,0,1,54
BRDA:70,0,2,1808
DA:71,1782
BRDA:71,0,0,1782
BRDA:71,0,1,54
BRDA:71,0,2,1728
DA:72,54
DA:73,0
DA:81,3698
DA:82,3698
DA:83,3698
DA:84,3698
DA:85,3698
DA:86,3698
BRDA:86,0,0,3698
BRDA:86,0,1,1404
BRDA:86,0,2,2294
BRDA:86,0,3,2294
BRDA:86,0,4,1404
DA:93,3697
DA:94,3677
BRDA:94,0,0,3677
BRDA:94,0,1,20
BRDA:94,0,2,3677
BRDA:94,0,3,20
DA:95,20
DA:96,20
DA:97,20
DA:98,20
DA:99,20
DA:100,20
DA:101,20
DA:102,20
DA:103,20
DA:104,3677
DA:105,3677
DA:106,3677
DA:107,1841
DA:108,1787
BRDA:108,0,0,54
BRDA:108,0,1,1787
DA:109,54
DA:110,54
DA:111,54
BRDA:111,0,0,54
BRDA:111,0,1,0
BRDA:111,0,2,54
BRDA:111,0,3,54
BRDA:111,0,4,0
DA:112,0
DA:113,54
DA:114,54
DA:115,54
DA:116,54
DA:119,1782
DA:120,1728
BRDA:120,0,0,54
BRDA:120,0,1,1728
DA:124,54
BRDA:124,0,0,54
BRDA:124,0,1,54
BRDA:124,0,2,0
BRDA:124,0,3,0
BRDA:124,0,4,54
DA:125,54
BRDA:125,0,0,54
BRDA:125,0,1,0
DA:126,54
DA:127,54
DA:128,1728
DA:129,1728
DA:130,1728
DA:131,1728
DA:132,1728
DA:135,54
DA:138,0
DA:139,0
BRF:509
BRH:218
end_of_record
SF:rtl/learn_accel.v
DA:38,3697
BRDA:38,0,0,3697
BRDA:38,0,1,3696
DA:39,1
BRDA:39,0,0,1
BRDA:39,0,1,0
DA:42,902
BRDA:42,0,0,902
BRDA:42,0,1,902
DA:43,902
BRDA:43,0,0,902
BRDA:43,0,1,902
DA:44,53
BRDA:44,0,0,53
BRDA:44,0,1,53
DA:45,13
BRDA:45,0,0,0
BRDA:45,0,1,0
BRDA:45,0,2,1
BRDA:45,0,3,1
BRDA:45,0,4,1
BRDA:45,0,5,1
BRDA:45,0,6,1
BRDA:45,0,7,1
BRDA:45,0,8,1
BRDA:45,0,9,1
BRDA:45,0,10,1
BRDA:45,0,11,1
BRDA:45,0,12,1
BRDA:45,0,13,1
BRDA:45,0,14,1
BRDA:45,0,15,1
BRDA:45,0,16,1
BRDA:45,0,17,1
BRDA:45,0,18,1
BRDA:45,0,19,1
BRDA:45,0,20,1
BRDA:45,0,21,1
BRDA:45,0,22,0
BRDA:45,0,23,0
BRDA:45,0,24,1
BRDA:45,0,25,1
BRDA:45,0,26,1
BRDA:45,0,27,1
BRDA:45,0,28,1
BRDA:45,0,29,1
BRDA:45,0,30,1
BRDA:45,0,31,1
BRDA:45,0,32,1
BRDA:45,0,33,1
BRDA:45,0,34,1
BRDA:45,0,35,1
BRDA:45,0,36,1
BRDA:45,0,37,1
BRDA:45,0,38,1
BRDA:45,0,39,1
BRDA:45,0,40,1
BRDA:45,0,41,1
BRDA:45,0,42,1
BRDA:45,0,43,1
BRDA:45,0,44,7
BRDA:45,0,45,7
BRDA:45,0,46,1
BRDA:45,0,47,1
BRDA:45,0,48,1
BRDA:45,0,49,1
BRDA:45,0,50,13
BRDA:45,0,51,13
BRDA:45,0,52,5
BRDA:45,0,53,5
BRDA:45,0,54,6
BRDA:45,0,55,6
BRDA:45,0,56,1
BRDA:45,0,57,1
BRDA:45,0,58,1
BRDA:45,0,59,1
BRDA:45,0,60,1
BRDA:45,0,61,1
BRDA:45,0,62,1
BRDA:45,0,63,1
DA:46,17
BRDA:46,0,0,17
BRDA:46,0,1,17
BRDA:46,0,2,10
BRDA:46,0,3,10
BRDA:46,0,4,4
BRDA:46,0,5,4
BRDA:46,0,6,2
BRDA:46,0,7,2
BRDA:46,0,8,2
BRDA:46,0,9,2
BRDA:46,0,10,1
BRDA:46,0,11,1
BRDA:46,0,12,1
BRDA:46,0,13,1
BRDA:46,0,14,0
BRDA:46,0,15,0
BRDA:46,0,16,0
BRDA:46,0,17,0
BRDA:46,0,18,0
BRDA:46,0,19,0
BRDA:46,0,20,0
BRDA:46,0,21,0
BRDA:46,0,22,12
BRDA:46,0,23,11
BRDA:46,0,24,0
BRDA:46,0,25,0
BRDA:46,0,26,0
BRDA:46,0,27,0
BRDA:46,0,28,0
BRDA:46,0,29,0
BRDA:46,0,30,0
BRDA:46,0,31,0
BRDA:46,0,32,0
BRDA:46,0,33,0
BRDA:46,0,34,0
BRDA:46,0,35,0
BRDA:46,0,36,0
BRDA:46,0,37,0
BRDA:46,0,38,0
BRDA:46,0,39,0
BRDA:46,0,40,0
BRDA:46,0,41,0
BRDA:46,0,42,0
BRDA:46,0,43,0
BRDA:46,0,44,13
BRDA:46,0,45,13
BRDA:46,0,46,0
BRDA:46,0,47,0
BRDA:46,0,48,0
BRDA:46,0,49,0
BRDA:46,0,50,10
BRDA:46,0,51,10
BRDA:46,0,52,8
BRDA:46,0,53,8
BRDA:46,0,54,14
BRDA:46,0,55,14
BRDA:46,0,56,7
BRDA:46,0,57,7
BRDA:46,0,58,12
BRDA:46,0,59,12
BRDA:46,0,60,7
BRDA:46,0,61,7
BRDA:46,0,62,12
BRDA:46,0,63,12
DA:47,28
BRDA:47,0,0,28
BRDA:47,0,1,28
BRDA:47,0,2,12
BRDA:47,0,3,12
BRDA:47,0,4,4
BRDA:47,0,5,4
BRDA:47,0,6,2
BRDA:47,0,7,2
BRDA:47,0,8,4
BRDA:47,0,9,4
BRDA:47,0,10,1
BRDA:47,0,11,1
BRDA:47,0,12,3
BRDA:47,0,13,3
BRDA:47,0,14,0
BRDA:47,0,15,0
BRDA:47,0,16,0
BRDA:47,0,17,0
BRDA:47,0,18,0
BRDA:47,0,19,0
BRDA:47,0,20,0
BRDA:47,0,21,0
BRDA:47,0,22,18
BRDA:47,0,23,18
BRDA:47,0,24,0
BRDA:47,0,25,0
BRDA:47,0,26,0
BRDA:47,0,27,0
BRDA:47,0,28,0
BRDA:47,0,29,0
BRDA:47,0,30,0
BRDA:47,0,31,0
BRDA:47,0,32,0
BRDA:47,0,33,0
BRDA:47,0,34,0
BRDA:47,0,35,0
BRDA:47,0,36,0
BRDA:47,0,37,0
BRDA:47,0,38,0
BRDA:47,0,39,0
BRDA:47,0,40,0
BRDA:47,0,41,0
BRDA:47,0,42,0
BRDA:47,0,43,0
BRDA:47,0,44,21
BRDA:47,0,45,21
BRDA:47,0,46,0
BRDA:47,0,47,0
BRDA:47,0,48,0
BRDA:47,0,49,0
BRDA:47,0,50,14
BRDA:47,0,51,14
BRDA:47,0,52,7
BRDA:47,0,53,7
BRDA:47,0,54,16
BRDA:47,0,55,16
BRDA:47,0,56,7
BRDA:47,0,57,7
BRDA:47,0,58,14
BRDA:47,0,59,14
BRDA:47,0,60,9
BRDA:47,0,61,9
BRDA:47,0,62,12
BRDA:47,0,63,12
DA:48,902
BRDA:48,0,0,902
BRDA:48,0,1,902
DA:49,4
BRDA:49,0,0,4
BRDA:49,0,1,4
DA:52,66
BRDA:52,0,0,66
BRDA:52,0,1,66
DA:53,10
BRDA:53,0,0,10
BRDA:53,0,1,9
DA:54,25
BRDA:54,0,0,25
BRDA:54,0,1,25
BRDA:54,0,2,13
BRDA:54,0,3,13
BRDA:54,0,4,2
BRDA:54,0,5,2
BRDA:54,0,6,0
BRDA:54,0,7,0
BRDA:54,0,8,2
BRDA:54,0,9,2
BRDA:54,0,10,1
BRDA:54,0,11,1
BRDA:54,0,12,1
BRDA:54,0,13,1
BRDA:54,0,14,0
BRDA:54,0,15,0
DA:55,18
BRDA:55,0,0,18
BRDA:55,0,1,18
DA:66,1
BRDA:66,0,0,1
BRDA:66,0,1,1
DA:67,9
BRDA:67,0,0,9
BRDA:67,0,1,9
DA:68,1
BRDA:68,0,0,1
BRDA:68,0,1,1
DA:69,1
BRDA:69,0,0,1
BRDA:69,0,1,1
DA:70,1
BRDA:70,0,0,0
BRDA:70,0,1,0
BRDA:70,0,2,0
BRDA:70,0,3,0
BRDA:70,0,4,0
BRDA:70,0,5,0
BRDA:70,0,6,1
BRDA:70,0,7,1
DA:73,9
BRDA:73,0,0,9
BRDA:73,0,1,9
DA:74,6
BRDA:74,0,0,6
BRDA:74,0,1,6
DA:75,3
BRDA:75,0,0,3
BRDA:75,0,1,3
DA:76,0
BRDA:76,0,0,0
BRDA:76,0,1,0
BRDA:76,0,2,0
BRDA:76,0,3,0
BRDA:76,0,4,0
BRDA:76,0,5,0
BRDA:76,0,6,0
BRDA:76,0,7,0
BRDA:76,0,8,0
BRDA:76,0,9,0
BRDA:76,0,10,0
BRDA:76,0,11,0
BRDA:76,0,12,0
BRDA:76,0,13,0
BRDA:76,0,14,0
BRDA:76,0,15,0
DA:79,9
BRDA:79,0,0,9
BRDA:79,0,1,9
DA:80,2
BRDA:80,0,0,2
BRDA:80,0,1,2
BRDA:80,0,2,1
BRDA:80,0,3,1
BRDA:80,0,4,1
BRDA:80,0,5,1
BRDA:80,0,6,0
BRDA:80,0,7,0
BRDA:80,0,8,0
BRDA:80,0,9,0
BRDA:80,0,10,0
BRDA:80,0,11,0
BRDA:80,0,12,0
BRDA:80,0,13,0
BRDA:80,0,14,0
BRDA:80,0,15,0
DA:81,9
BRDA:81,0,0,9
BRDA:81,0,1,9
DA:82,136
BRDA:82,0,0,136
BRDA:82,0,1,136
BRDA:82,0,2,0
BRDA:82,0,3,0
BRDA:82,0,4,0
BRDA:82,0,5,0
BRDA:82,0,6,100
BRDA:82,0,7,100
BRDA:82,0,8,36
BRDA:82,0,9,36
BRDA:82,0,10,0
BRDA:82,0,11,0
BRDA:82,0,12,0
BRDA:82,0,13,0
BRDA:82,0,14,0
BRDA:82,0,15,0
BRDA:82,0,16,0
BRDA:82,0,17,0
BRDA:82,0,18,0
BRDA:82,0,19,0
BRDA:82,0,20,0
BRDA:82,0,21,0
BRDA:82,0,22,0
BRDA:82,0,23,0
DA:83,136
BRDA:83,0,0,136
BRDA:83,0,1,136
BRDA:83,0,2,100
BRDA:83,0,3,100
BRDA:83,0,4,0
BRDA:83,0,5,0
BRDA:83,0,6,0
BRDA:83,0,7,0
BRDA:83,0,8,1
BRDA:83,0,9,1
BRDA:83,0,10,0
BRDA:83,0,11,0
BRDA:83,0,12,0
BRDA:83,0,13,0
BRDA:83,0,14,0
BRDA:83,0,15,0
DA:86,343
BRDA:86,0,0,343
BRDA:86,0,1,343
BRDA:86,0,2,0
BRDA:86,0,3,0
BRDA:86,0,4,0
BRDA:86,0,5,0
BRDA:86,0,6,0
BRDA:86,0,7,0
BRDA:86,0,8,0
BRDA:86,0,9,0
BRDA:86,0,10,0
BRDA:86,0,11,0
BRDA:86,0,12,0
BRDA:86,0,13,0
BRDA:86,0,14,232
BRDA:86,0,15,232
BRDA:86,0,16,255
BRDA:86,0,17,255
BRDA:86,0,18,206
BRDA:86,0,19,206
BRDA:86,0,20,199
BRDA:86,0,21,199
BRDA:86,0,22,0
BRDA:86,0,23,0
BRDA:86,0,24,0
BRDA:86,0,25,0
BRDA:86,0,26,0
BRDA:86,0,27,0
BRDA:86,0,28,0
BRDA:86,0,29,0
BRDA:86,0,30,0
BRDA:86,0,31,0
DA:87,12
BRDA:87,0,0,12
BRDA:87,0,1,11
BRDA:87,0,2,1
BRDA:87,0,3,0
BRDA:87,0,4,0
BRDA:87,0,5,0
BRDA:87,0,6,0
BRDA:87,0,7,0
BRDA:87,0,8,1
BRDA:87,0,9,0
BRDA:87,0,10,0
BRDA:87,0,11,0
BRDA:87,0,12,1
BRDA:87,0,13,0
BRDA:87,0,14,11
BRDA:87,0,15,11
BRDA:87,0,16,7
BRDA:87,0,17,6
BRDA:87,0,18,6
BRDA:87,0,19,6
BRDA:87,0,20,0
BRDA:87,0,21,0
BRDA:87,0,22,1
BRDA:87,0,23,0
BRDA:87,0,24,0
BRDA:87,0,25,0
BRDA:87,0,26,1
BRDA:87,0,27,0
BRDA:87,0,28,1
BRDA:87,0,29,0
BRDA:87,0,30,0
BRDA:87,0,31,0
DA:88,240
BRDA:88,0,0,240
BRDA:88,0,1,240
DA:89,43
BRDA:89,0,0,43
BRDA:89,0,1,42
BRDA:89,0,2,17
BRDA:89,0,3,16
BRDA:89,0,4,0
BRDA:89,0,5,0
BRDA:89,0,6,0
BRDA:89,0,7,0
BRDA:89,0,8,17
BRDA:89,0,9,16
BRDA:89,0,10,0
BRDA:89,0,11,0
BRDA:89,0,12,17
BRDA:89,0,13,16
BRDA:89,0,14,26
BRDA:89,0,15,26
BRDA:89,0,16,39
BRDA:89,0,17,38
BRDA:89,0,18,22
BRDA:89,0,19,22
BRDA:89,0,20,0
BRDA:89,0,21,0
BRDA:89,0,22,17
BRDA:89,0,23,16
BRDA:89,0,24,0
BRDA:89,0,25,0
BRDA:89,0,26,17
BRDA:89,0,27,16
BRDA:89,0,28,17
BRDA:89,0,29,16
BRDA:89,0,30,0
BRDA:89,0,31,0
DA:92,32
BRDA:92,0,0,32
BRDA:92,0,1,31
BRDA:92,0,2,0
BRDA:92,0,3,0
BRDA:92,0,4,0
BRDA:92,0,5,0
BRDA:92,0,6,0
BRDA:92,0,7,0
BRDA:92,0,8,0
BRDA:92,0,9,0
BRDA:92,0,10,0
BRDA:92,0,11,0
BRDA:92,0,12,0
BRDA:92,0,13,0
BRDA:92,0,14,16
BRDA:92,0,15,16
BRDA:92,0,16,8
BRDA:92,0,17,8
BRDA:92,0,18,4
BRDA:92,0,19,4
BRDA:92,0,20,2
BRDA:92,0,21,2
BRDA:92,0,22,0
BRDA:92,0,23,0
BRDA:92,0,24,0
BRDA:92,0,25,0
BRDA:92,0,26,0
BRDA:92,0,27,0
BRDA:92,0,28,0
BRDA:92,0,29,0
BRDA:92,0,30,0
BRDA:92,0,31,0
DA:93,17
BRDA:93,0,0,17
BRDA:93,0,1,17
BRDA:93,0,2,10
BRDA:93,0,3,10
BRDA:93,0,4,4
BRDA:93,0,5,4
BRDA:93,0,6,2
BRDA:93,0,7,2
BRDA:93,0,8,2
BRDA:93,0,9,2
BRDA:93,0,10,1
BRDA:93,0,11,1
BRDA:93,0,12,1
BRDA:93,0,13,1
BRDA:93,0,14,12
BRDA:93,0,15,11
BRDA:93,0,16,13
BRDA:93,0,17,13
BRDA:93,0,18,10
BRDA:93,0,19,10
BRDA:93,0,20,8
BRDA:93,0,21,8
BRDA:93,0,22,14
BRDA:93,0,23,14
BRDA:93,0,24,7
BRDA:93,0,25,7
BRDA:93,0,26,12
BRDA:93,0,27,12
BRDA:93,0,28,7
BRDA:93,0,29,7
BRDA:93,0,30,12
BRDA:93,0,31,12
DA:94,30
BRDA:94,0,0,30
BRDA:94,0,1,30
DA:95,31
BRDA:95,0,0,31
BRDA:95,0,1,30
BRDA:95,0,2,19
BRDA:95,0,3,18
BRDA:95,0,4,8
BRDA:95,0,5,8
BRDA:95,0,6,4
BRDA:95,0,7,4
BRDA:95,0,8,3
BRDA:95,0,9,2
BRDA:95,0,10,2
BRDA:95,0,11,2
BRDA:95,0,12,1
BRDA:95,0,13,0
BRDA:95,0,14,14
BRDA:95,0,15,14
BRDA:95,0,16,23
BRDA:95,0,17,22
BRDA:95,0,18,18
BRDA:95,0,19,18
BRDA:95,0,20,10
BRDA:95,0,21,10
BRDA:95,0,22,27
BRDA:95,0,23,26
BRDA:95,0,24,14
BRDA:95,0,25,14
BRDA:95,0,26,23
BRDA:95,0,27,22
BRDA:95,0,28,13
BRDA:95,0,29,12
BRDA:95,0,30,24
BRDA:95,0,31,24
DA:96,1
BRDA:96,0,0,1
BRDA:96,0,1,1
DA:97,1
BRDA:97,0,0,1
BRDA:97,0,1,0
BRDA:97,0,2,1
BRDA:97,0,3,0
BRDA:97,0,4,0
BRDA:97,0,5,0
BRDA:97,0,6,0
BRDA:97,0,7,0
BRDA:97,0,8,1
BRDA:97,0,9,0
BRDA:97,0,10,0
BRDA:97,0,11,0
BRDA:97,0,12,1
BRDA:97,0,13,0
BRDA:97,0,14,0
BRDA:97,0,15,0
BRDA:97,0,16,1
BRDA:97,0,17,0
BRDA:97,0,18,0
BRDA:97,0,19,0
BRDA:97,0,20,0
BRDA:97,0,21,0
BRDA:97,0,22,1
BRDA:97,0,23,0
BRDA:97,0,24,0
BRDA:97,0,25,0
BRDA:97,0,26,1
BRDA:97,0,27,0
BRDA:97,0,28,1
BRDA:97,0,29,0
BRDA:97,0,30,0
BRDA:97,0,31,0
DA:98,1
BRDA:98,0,0,1
BRDA:98,0,1,1
DA:101,5
BRDA:101,0,0,5
BRDA:101,0,1,5
BRDA:101,0,2,0
BRDA:101,0,3,0
BRDA:101,0,4,0
BRDA:101,0,5,0
BRDA:101,0,6,0
BRDA:101,0,7,0
BRDA:101,0,8,0
BRDA:101,0,9,0
BRDA:101,0,10,0
BRDA:101,0,11,0
BRDA:101,0,12,0
BRDA:101,0,13,0
BRDA:101,0,14,0
BRDA:101,0,15,0
BRDA:101,0,16,0
BRDA:101,0,17,0
BRDA:101,0,18,0
BRDA:101,0,19,0
BRDA:101,0,20,0
BRDA:101,0,21,0
BRDA:101,0,22,2
BRDA:101,0,23,2
BRDA:101,0,24,0
BRDA:101,0,25,0
BRDA:101,0,26,0
BRDA:101,0,27,0
BRDA:101,0,28,0
BRDA:101,0,29,0
BRDA:101,0,30,0
BRDA:101,0,31,0
BRDA:101,0,32,0
BRDA:101,0,33,0
BRDA:101,0,34,0
BRDA:101,0,35,0
BRDA:101,0,36,0
BRDA:101,0,37,0
BRDA:101,0,38,0
BRDA:101,0,39,0
BRDA:101,0,40,0
BRDA:101,0,41,0
BRDA:101,0,42,0
BRDA:101,0,43,0
BRDA:101,0,44,2
BRDA:101,0,45,1
BRDA:101,0,46,0
BRDA:101,0,47,0
BRDA:101,0,48,0
BRDA:101,0,49,0
BRDA:101,0,50,0
BRDA:101,0,51,0
BRDA:101,0,52,0
BRDA:101,0,53,0
BRDA:101,0,54,0
BRDA:101,0,55,0
BRDA:101,0,56,0
BRDA:101,0,57,0
BRDA:101,0,58,0
BRDA:101,0,59,0
BRDA:101,0,60,0
BRDA:101,0,61,0
BRDA:101,0,62,0
BRDA:101,0,63,0
DA:102,3
BRDA:102,0,0,3
BRDA:102,0,1,3
BRDA:102,0,2,0
BRDA:102,0,3,0
BRDA:102,0,4,0
BRDA:102,0,5,0
BRDA:102,0,6,0
BRDA:102,0,7,0
BRDA:102,0,8,0
BRDA:102,0,9,0
BRDA:102,0,10,0
BRDA:102,0,11,0
BRDA:102,0,12,0
BRDA:102,0,13,0
BRDA:102,0,14,0
BRDA:102,0,15,0
BRDA:102,0,16,0
BRDA:102,0,17,0
BRDA:102,0,18,0
BRDA:102,0,19,0
BRDA:102,0,20,0
BRDA:102,0,21,0
BRDA:102,0,22,2
BRDA:102,0,23,1
BRDA:102,0,24,0
BRDA:102,0,25,0
BRDA:102,0,26,0
BRDA:102,0,27,0
BRDA:102,0,28,0
BRDA:102,0,29,0
BRDA:102,0,30,0
BRDA:102,0,31,0
BRDA:102,0,32,0
BRDA:102,0,33,0
BRDA:102,0,34,0
BRDA:102,0,35,0
BRDA:102,0,36,0
BRDA:102,0,37,0
BRDA:102,0,38,0
BRDA:102,0,39,0
BRDA:102,0,40,0
BRDA:102,0,41,0
BRDA:102,0,42,0
BRDA:102,0,43,0
BRDA:102,0,44,1
BRDA:102,0,45,1
BRDA:102,0,46,0
BRDA:102,0,47,0
BRDA:102,0,48,0
BRDA:102,0,49,0
BRDA:102,0,50,0
BRDA:102,0,51,0
BRDA:102,0,52,0
BRDA:102,0,53,0
BRDA:102,0,54,0
BRDA:102,0,55,0
BRDA:102,0,56,0
BRDA:102,0,57,0
BRDA:102,0,58,0
BRDA:102,0,59,0
BRDA:102,0,60,0
BRDA:102,0,61,0
BRDA:102,0,62,0
BRDA:102,0,63,0
DA:103,2
BRDA:103,0,0,2
BRDA:103,0,1,2
BRDA:103,0,2,0
BRDA:103,0,3,0
BRDA:103,0,4,0
BRDA:103,0,5,0
BRDA:103,0,6,0
BRDA:103,0,7,0
BRDA:103,0,8,0
BRDA:103,0,9,0
BRDA:103,0,10,0
BRDA:103,0,11,0
BRDA:103,0,12,0
BRDA:103,0,13,0
BRDA:103,0,14,0
BRDA:103,0,15,0
BRDA:103,0,16,0
BRDA:103,0,17,0
BRDA:103,0,18,0
BRDA:103,0,19,0
BRDA:103,0,20,0
BRDA:103,0,21,0
BRDA:103,0,22,1
BRDA:103,0,23,0
BRDA:103,0,24,0
BRDA:103,0,25,0
BRDA:103,0,26,0
BRDA:103,0,27,0
BRDA:103,0,28,0
BRDA:103,0,29,0
BRDA:103,0,30,0
BRDA:103,0,31,0
BRDA:103,0,32,0
BRDA:103,0,33,0
BRDA:103,0,34,0
BRDA:103,0,35,0
BRDA:103,0,36,0
BRDA:103,0,37,0
BRDA:103,0,38,0
BRDA:103,0,39,0
BRDA:103,0,40,0
BRDA:103,0,41,0
BRDA:103,0,42,0
BRDA:103,0,43,0
BRDA:103,0,44,0
BRDA:103,0,45,0
BRDA:103,0,46,0
BRDA:103,0,47,0
BRDA:103,0,48,0
BRDA:103,0,49,0
BRDA:103,0,50,0
BRDA:103,0,51,0
BRDA:103,0,52,0
BRDA:103,0,53,0
BRDA:103,0,54,0
BRDA:103,0,55,0
BRDA:103,0,56,0
BRDA:103,0,57,0
BRDA:103,0,58,0
BRDA:103,0,59,0
BRDA:103,0,60,0
BRDA:103,0,61,0
BRDA:103,0,62,0
BRDA:103,0,63,0
DA:104,2
BRDA:104,0,0,2
BRDA:104,0,1,2
DA:105,0
BRDA:105,0,0,0
BRDA:105,0,1,0
BRDA:105,0,2,0
BRDA:105,0,3,0
BRDA:105,0,4,0
BRDA:105,0,5,0
BRDA:105,0,6,0
BRDA:105,0,7,0
BRDA:105,0,8,0
BRDA:105,0,9,0
BRDA:105,0,10,0
BRDA:105,0,11,0
BRDA:105,0,12,0
BRDA:105,0,13,0
BRDA:105,0,14,0
BRDA:105,0,15,0
DA:106,3
BRDA:106,0,0,3
BRDA:106,0,1,3
DA:109,5
BRDA:109,0,0,5
BRDA:109,0,1,5
DA:112,10
BRDA:112,0,0,10
BRDA:112,0,1,9
DA:115,10
BRDA:115,0,0,10
BRDA:115,0,1,9
DA:116,9
BRDA:116,0,0,9
BRDA:116,0,1,9
BRF:778
BRH:145
end_of_record
SF:rtl/learner.v
DA:48,3697
BRDA:48,0,0,3697
BRDA:48,0,1,3696
DA:49,1
BRDA:49,0,0,1
BRDA:49,0,1,0
DA:52,1
BRDA:52,0,0,1
BRDA:52,0,1,1
DA:53,9
BRDA:53,0,0,9
BRDA:53,0,1,9
DA:54,1
BRDA:54,0,0,1
BRDA:54,0,1,1
DA:55,1
BRDA:55,0,0,1
BRDA:55,0,1,1
DA:56,1
BRDA:56,0,0,0
BRDA:56,0,1,0
BRDA:56,0,2,0
BRDA:56,0,3,0
BRDA:56,0,4,0
BRDA:56,0,5,0
BRDA:56,0,6,1
BRDA:56,0,7,1
DA:59,9
BRDA:59,0,0,9
BRDA:59,0,1,9
DA:60,6
BRDA:60,0,0,6
BRDA:60,0,1,6
DA:61,3
BRDA:61,0,0,3
BRDA:61,0,1,3
DA:62,0
BRDA:62,0,0,0
BRDA:62,0,1,0
BRDA:62,0,2,0
BRDA:62,0,3,0
BRDA:62,0,4,0
BRDA:62,0,5,0
BRDA:62,0,6,0
BRDA:62,0,7,0
BRDA:62,0,8,0
BRDA:62,0,9,0
BRDA:62,0,10,0
BRDA:62,0,11,0
BRDA:62,0,12,0
BRDA:62,0,13,0
BRDA:62,0,14,0
BRDA:62,0,15,0
DA:65,9
BRDA:65,0,0,9
BRDA:65,0,1,9
DA:66,2
BRDA:66,0,0,2
BRDA:66,0,1,2
BRDA:66,0,2,1
BRDA:66,0,3,1
BRDA:66,0,4,1
BRDA:66,0,5,1
BRDA:66,0,6,0
BRDA:66,0,7,0
BRDA:66,0,8,0
BRDA:66,0,9,0
BRDA:66,0,10,0
BRDA:66,0,11,0
BRDA:66,0,12,0
BRDA:66,0,13,0
BRDA:66,0,14,0
BRDA:66,0,15,0
DA:67,9
BRDA:67,0,0,9
BRDA:67,0,1,9
DA:68,136
BRDA:68,0,0,136
BRDA:68,0,1,136
BRDA:68,0,2,0
BRDA:68,0,3,0
BRDA:68,0,4,0
BRDA:68,0,5,0
BRDA:68,0,6,100
BRDA:68,0,7,100
BRDA:68,0,8,36
BRDA:68,0,9,36
BRDA:68,0,10,0
BRDA:68,0,11,0
BRDA:68,0,12,0
BRDA:68,0,13,0
BRDA:68,0,14,0
BRDA:68,0,15,0
BRDA:68,0,16,0
BRDA:68,0,17,0
BRDA:68,0,18,0
BRDA:68,0,19,0
BRDA:68,0,20,0
BRDA:68,0,21,0
BRDA:68,0,22,0
BRDA:68,0,23,0
DA:69,136
BRDA:69,0,0,136
BRDA:69,0,1,136
BRDA:69,0,2,100
BRDA:69,0,3,100
BRDA:69,0,4,0
BRDA:69,0,5,0
BRDA:69,0,6,0
BRDA:69,0,7,0
BRDA:69,0,8,1
BRDA:69,0,9,1
BRDA:69,0,10,0
BRDA:69,0,11,0
BRDA:69,0,12,0
BRDA:69,0,13,0
BRDA:69,0,14,0
BRDA:69,0,15,0
DA:72,343
BRDA:72,0,0,343
BRDA:72,0,1,343
BRDA:72,0,2,0
BRDA:72,0,3,0
BRDA:72,0,4,0
BRDA:72,0,5,0
BRDA:72,0,6,0
BRDA:72,0,7,0
BRDA:72,0,8,0
BRDA:72,0,9,0
BRDA:72,0,10,0
BRDA:72,0,11,0
BRDA:72,0,12,0
BRDA:72,0,13,0
BRDA:72,0,14,232
BRDA:72,0,15,232
BRDA:72,0,16,255
BRDA:72,0,17,255
BRDA:72,0,18,206
BRDA:72,0,19,206
BRDA:72,0,20,199
BRDA:72,0,21,199
BRDA:72,0,22,0
BRDA:72,0,23,0
BRDA:72,0,24,0
BRDA:72,0,25,0
BRDA:72,0,26,0
BRDA:72,0,27,0
BRDA:72,0,28,0
BRDA:72,0,29,0
BRDA:72,0,30,0
BRDA:72,0,31,0
DA:73,12
BRDA:73,0,0,12
BRDA:73,0,1,11
BRDA:73,0,2,1
BRDA:73,0,3,0
BRDA:73,0,4,0
BRDA:73,0,5,0
BRDA:73,0,6,0
BRDA:73,0,7,0
BRDA:73,0,8,1
BRDA:73,0,9,0
BRDA:73,0,10,0
BRDA:73,0,11,0
BRDA:73,0,12,1
BRDA:73,0,13,0
BRDA:73,0,14,11
BRDA:73,0,15,11
BRDA:73,0,16,7
BRDA:73,0,17,6
BRDA:73,0,18,6
BRDA:73,0,19,6
BRDA:73,0,20,0
BRDA:73,0,21,0
BRDA:73,0,22,1
BRDA:73,0,23,0
BRDA:73,0,24,0
BRDA:73,0,25,0
BRDA:73,0,26,1
BRDA:73,0,27,0
BRDA:73,0,28,1
BRDA:73,0,29,0
BRDA:73,0,30,0
BRDA:73,0,31,0
DA:74,240
BRDA:74,0,0,240
BRDA:74,0,1,240
DA:75,43
BRDA:75,0,0,43
BRDA:75,0,1,42
BRDA:75,0,2,17
BRDA:75,0,3,16
BRDA:75,0,4,0
BRDA:75,0,5,0
BRDA:75,0,6,0
BRDA:75,0,7,0
BRDA:75,0,8,17
BRDA:75,0,9,16
BRDA:75,0,10,0
BRDA:75,0,11,0
BRDA:75,0,12,17
BRDA:75,0,13,16
BRDA:75,0,14,26
BRDA:75,0,15,26
BRDA:75,0,16,39
BRDA:75,0,17,38
BRDA:75,0,18,22
BRDA:75,0,19,22
BRDA:75,0,20,0
BRDA:75,0,21,0
BRDA:75,0,22,17
BRDA:75,0,23,16
BRDA:75,0,24,0
BRDA:75,0,25,0
BRDA:75,0,26,17
BRDA:75,0,27,16
BRDA:75,0,28,17
BRDA:75,0,29,16
BRDA:75,0,30,0
BRDA:75,0,31,0
DA:78,10
BRDA:78,0,0,10
BRDA:78,0,1,9
DA:81,10
BRDA:81,0,0,10
BRDA:81,0,1,9
DA:82,9
BRDA:82,0,0,9
BRDA:82,0,1,9
DA:106,342
DA:109,342
DA:110,342
DA:111,342
BRDA:111,0,0,342
BRDA:111,0,1,246
BRDA:111,0,2,96
BRDA:111,0,3,96
BRDA:111,0,4,246
DA:112,342
DA:113,342
BRDA:113,0,0,342
BRDA:113,0,1,246
BRDA:113,0,2,96
BRDA:113,0,3,96
BRDA:113,0,4,246
DA:118,3800
DA:120,3800
DA:121,0
DA:122,3800
BRDA:122,0,0,0
BRDA:122,0,1,3800
DA:123,3800
DA:130,34
BRDA:130,0,0,34
BRDA:130,0,1,34
BRDA:130,0,2,17
BRDA:130,0,3,17
BRDA:130,0,4,9
BRDA:130,0,5,9
DA:131,444
BRDA:131,0,0,444
BRDA:131,0,1,444
BRDA:131,0,2,342
BRDA:131,0,3,342
BRDA:131,0,4,32
BRDA:131,0,5,32
DA:133,136
BRDA:133,0,0,136
BRDA:133,0,1,136
BRDA:133,0,2,0
BRDA:133,0,3,0
BRDA:133,0,4,0
BRDA:133,0,5,0
BRDA:133,0,6,68
BRDA:133,0,7,68
BRDA:133,0,8,68
BRDA:133,0,9,67
BRDA:133,0,10,0
BRDA:133,0,11,0
BRDA:133,0,12,0
BRDA:133,0,13,0
BRDA:133,0,14,0
BRDA:133,0,15,0
BRDA:133,0,16,0
BRDA:133,0,17,0
BRDA:133,0,18,0
BRDA:133,0,19,0
BRDA:133,0,20,0
BRDA:133,0,21,0
BRDA:133,0,22,0
BRDA:133,0,23,0
DA:134,118
BRDA:134,0,0,118
BRDA:134,0,1,117
BRDA:134,0,2,59
BRDA:134,0,3,58
BRDA:134,0,4,34
BRDA:134,0,5,34
BRDA:134,0,6,0
BRDA:134,0,7,0
BRDA:134,0,8,0
BRDA:134,0,9,0
BRDA:134,0,10,0
BRDA:134,0,11,0
DA:135,57
BRDA:135,0,0,57
BRDA:135,0,1,56
BRDA:135,0,2,32
BRDA:135,0,3,32
BRDA:135,0,4,0
BRDA:135,0,5,0
BRDA:135,0,6,0
BRDA:135,0,7,0
DA:137,10
BRDA:137,0,0,10
BRDA:137,0,1,9
DA:138,9
BRDA:138,0,0,9
BRDA:138,0,1,8
DA:139,1
BRDA:139,0,0,1
BRDA:139,0,1,1
DA:140,1
BRDA:140,0,0,1
BRDA:140,0,1,1
DA:141,9
BRDA:141,0,0,9
BRDA:141,0,1,9
DA:142,1
BRDA:142,0,0,0
BRDA:142,0,1,0
BRDA:142,0,2,0
BRDA:142,0,3,0
BRDA:142,0,4,0
BRDA:142,0,5,0
BRDA:142,0,6,1
BRDA:142,0,7,1
DA:143,2
BRDA:143,0,0,2
BRDA:143,0,1,2
BRDA:143,0,2,1
BRDA:143,0,3,1
BRDA:143,0,4,1
BRDA:143,0,5,1
BRDA:143,0,6,0
BRDA:143,0,7,0
BRDA:143,0,8,0
BRDA:143,0,9,0
BRDA:143,0,10,0
BRDA:143,0,11,0
BRDA:143,0,12,0
BRDA:143,0,13,0
BRDA:143,0,14,0
BRDA:143,0,15,0
DA:144,9
BRDA:144,0,0,0
BRDA:144,0,1,0
BRDA:144,0,2,0
BRDA:144,0,3,0
BRDA:144,0,4,0
BRDA:144,0,5,0
BRDA:144,0,6,0
BRDA:144,0,7,0
BRDA:144,0,8,0
BRDA:144,0,9,0
BRDA:144,0,10,0
BRDA:144,0,11,0
BRDA:144,0,12,0
BRDA:144,0,13,0
BRDA:144,0,14,9
BRDA:144,0,15,8
BRDA:144,0,16,0
BRDA:144,0,17,0
BRDA:144,0,18,0
BRDA:144,0,19,0
BRDA:144,0,20,0
BRDA:144,0,21,0
BRDA:144,0,22,0
BRDA:144,0,23,0
BRDA:144,0,24,0
BRDA:144,0,25,0
BRDA:144,0,26,0
BRDA:144,0,27,0
BRDA:144,0,28,0
BRDA:144,0,29,0
BRDA:144,0,30,0
BRDA:144,0,31,0
DA:145,0
BRDA:145,0,0,0
BRDA:145,0,1,0
BRDA:145,0,2,0
BRDA:145,0,3,0
BRDA:145,0,4,0
BRDA:145,0,5,0
BRDA:145,0,6,0
BRDA:145,0,7,0
DA:147,103
BRDA:147,0,0,36
BRDA:147,0,1,36
BRDA:147,0,2,72
BRDA:147,0,3,72
BRDA:147,0,4,60
BRDA:147,0,5,60
BRDA:147,0,6,72
BRDA:147,0,7,71
BRDA:147,0,8,54
BRDA:147,0,9,54
BRDA:147,0,10,72
BRDA:147,0,11,71
BRDA:147,0,12,55
BRDA:147,0,13,54
BRDA:147,0,14,72
BRDA:147,0,15,72
BRDA:147,0,16,54
BRDA:147,0,17,53
BRDA:147,0,18,54
BRDA:147,0,19,54
BRDA:147,0,20,0
BRDA:147,0,21,0
BRDA:147,0,22,72
BRDA:147,0,23,72
BRDA:147,0,24,0
BRDA:147,0,25,0
BRDA:147,0,26,1
BRDA:147,0,27,0
BRDA:147,0,28,0
BRDA:147,0,29,0
BRDA:147,0,30,1
BRDA:147,0,31,0
BRDA:147,0,32,1
BRDA:147,0,33,0
BRDA:147,0,34,1
BRDA:147,0,35,0
BRDA:147,0,36,1
BRDA:147,0,37,0
BRDA:147,0,38,1
BRDA:147,0,39,0
BRDA:147,0,40,1
BRDA:147,0,41,0
BRDA:147,0,42,1
BRDA:147,0,43,0
BRDA:147,0,44,54
BRDA:147,0,45,54
BRDA:147,0,46,1
BRDA:147,0,47,0
BRDA:147,0,48,1
BRDA:147,0,49,0
BRDA:147,0,50,1
BRDA:147,0,51,0
BRDA:147,0,52,1
BRDA:147,0,53,0
BRDA:147,0,54,1
BRDA:147,0,55,0
BRDA:147,0,56,1
BRDA:147,0,57,0
BRDA:147,0,58,1
BRDA:147,0,59,0
BRDA:147,0,60,1
BRDA:147,0,61,0
BRDA:147,0,62,1
BRDA:147,0,63,0
BRDA:147,0,64,1
BRDA:147,0,65,0
BRDA:147,0,66,72
BRDA:147,0,67,71
BRDA:147,0,68,1
BRDA:147,0,69,0
BRDA:147,0,70,1
BRDA:147,0,71,0
BRDA:147,0,72,1
BRDA:147,0,73,0
BRDA:147,0,74,1
BRDA:147,0,75,0
BRDA:147,0,76,1
BRDA:147,0,77,0
BRDA:147,0,78,1
BRDA:147,0,79,0
BRDA:147,0,80,1
BRDA:147,0,81,0
BRDA:147,0,82,1
BRDA:147,0,83,0
BRDA:147,0,84,54
BRDA:147,0,85,54
BRDA:147,0,86,54
BRDA:147,0,87,53
BRDA:147,0,88,72
BRDA:147,0,89,72
BRDA:147,0,90,54
BRDA:147,0,91,54
BRDA:147,0,92,103
BRDA:147,0,93,102
BRDA:147,0,94,89
BRDA:147,0,95,88
DA:148,9
BRDA:148,0,0,6
BRDA:148,0,1,6
BRDA:148,0,2,0
BRDA:148,0,3,0
BRDA:148,0,4,0
BRDA:148,0,5,0
BRDA:148,0,6,0
BRDA:148,0,7,0
BRDA:148,0,8,1
BRDA:148,0,9,0
BRDA:148,0,10,0
BRDA:148,0,11,0
BRDA:148,0,12,1
BRDA:148,0,13,0
BRDA:148,0,14,6
BRDA:148,0,15,6
BRDA:148,0,16,8
BRDA:148,0,17,7
BRDA:148,0,18,2
BRDA:148,0,19,2
BRDA:148,0,20,9
BRDA:148,0,21,8
BRDA:148,0,22,0
BRDA:148,0,23,0
BRDA:148,0,24,9
BRDA:148,0,25,8
BRDA:148,0,26,1
BRDA:148,0,27,0
BRDA:148,0,28,9
BRDA:148,0,29,9
BRDA:148,0,30,1
BRDA:148,0,31,0
DA:149,1
BRDA:149,0,0,0
BRDA:149,0,1,0
BRDA:149,0,2,0
BRDA:149,0,3,0
BRDA:149,0,4,0
BRDA:149,0,5,0
BRDA:149,0,6,0
BRDA:149,0,7,0
BRDA:149,0,8,0
BRDA:149,0,9,0
BRDA:149,0,10,0
BRDA:149,0,11,0
BRDA:149,0,12,0
BRDA:149,0,13,0
BRDA:149,0,14,1
BRDA:149,0,15,0
BRDA:149,0,16,0
BRDA:149,0,17,0
BRDA:149,0,18,0
BRDA:149,0,19,0
BRDA:149,0,20,0
BRDA:149,0,21,0
BRDA:149,0,22,0
BRDA:149,0,23,0
BRDA:149,0,24,0
BRDA:149,0,25,0
BRDA:149,0,26,0
BRDA:149,0,27,0
BRDA:149,0,28,0
BRDA:149,0,29,0
BRDA:149,0,30,0
BRDA:149,0,31,0
DA:150,40
BRDA:150,0,0,0
BRDA:150,0,1,0
BRDA:150,0,2,31
BRDA:150,0,3,30
BRDA:150,0,4,31
BRDA:150,0,5,30
BRDA:150,0,6,7
BRDA:150,0,7,7
BRDA:150,0,8,7
BRDA:150,0,9,7
BRDA:150,0,10,31
BRDA:150,0,11,30
BRDA:150,0,12,7
BRDA:150,0,13,7
BRDA:150,0,14,31
BRDA:150,0,15,30
BRDA:150,0,16,31
BRDA:150,0,17,30
BRDA:150,0,18,7
BRDA:150,0,19,7
BRDA:150,0,20,7
BRDA:150,0,21,7
BRDA:150,0,22,0
BRDA:150,0,23,0
BRDA:150,0,24,31
BRDA:150,0,25,30
BRDA:150,0,26,31
BRDA:150,0,27,30
BRDA:150,0,28,7
BRDA:150,0,29,7
BRDA:150,0,30,31
BRDA:150,0,31,30
BRDA:150,0,32,7
BRDA:150,0,33,7
BRDA:150,0,34,7
BRDA:150,0,35,7
BRDA:150,0,36,7
BRDA:150,0,37,7
BRDA:150,0,38,7
BRDA:150,0,39,7
BRDA:150,0,40,7
BRDA:150,0,41,7
BRDA:150,0,42,7
BRDA:150,0,43,7
BRDA:150,0,44,21
BRDA:150,0,45,20
BRDA:150,0,46,7
BRDA:150,0,47,7
BRDA:150,0,48,7
BRDA:150,0,49,7
BRDA:150,0,50,7
BRDA:150,0,51,7
BRDA:150,0,52,7
BRDA:150,0,53,7
BRDA:150,0,54,7
BRDA:150,0,55,7
BRDA:150,0,56,7
BRDA:150,0,57,7
BRDA:150,0,58,7
BRDA:150,0,59,7
BRDA:150,0,60,7
BRDA:150,0,61,7
BRDA:150,0,62,7
BRDA:150,0,63,7
BRDA:150,0,64,7
BRDA:150,0,65,7
BRDA:150,0,66,40
BRDA:150,0,67,40
BRDA:150,0,68,7
BRDA:150,0,69,7
BRDA:150,0,70,7
BRDA:150,0,71,7
BRDA:150,0,72,7
BRDA:150,0,73,7
BRDA:150,0,74,7
BRDA:150,0,75,7
BRDA:150,0,76,7
BRDA:150,0,77,7
BRDA:150,0,78,7
BRDA:150,0,79,7
BRDA:150,0,80,7
BRDA:150,0,81,7
BRDA:150,0,82,7
BRDA:150,0,83,7
BRDA:150,0,84,19
BRDA:150,0,85,18
BRDA:150,0,86,40
BRDA:150,0,87,40
BRDA:150,0,88,40
BRDA:150,0,89,40
BRDA:150,0,90,19
BRDA:150,0,91,18
BRDA:150,0,92,40
BRDA:150,0,93,40
BRDA:150,0,94,15
BRDA:150,0,95,15
DA:151,28
BRDA:151,0,0,28
BRDA:151,0,1,27
BRDA:151,0,2,0
BRDA:151,0,3,0
BRDA:151,0,4,28
BRDA:151,0,5,27
BRDA:151,0,6,28
BRDA:151,0,7,27
BRDA:151,0,8,0
BRDA:151,0,9,0
BRDA:151,0,10,28
BRDA:151,0,11,27
BRDA:151,0,12,0
BRDA:151,0,13,0
BRDA:151,0,14,0
BRDA:151,0,15,0
BRDA:151,0,16,0
BRDA:151,0,17,0
BRDA:151,0,18,0
BRDA:151,0,19,0
BRDA:151,0,20,0
BRDA:151,0,21,0
BRDA:151,0,22,28
BRDA:151,0,23,27
BRDA:151,0,24,0
BRDA:151,0,25,0
BRDA:151,0,26,0
BRDA:151,0,27,0
BRDA:151,0,28,0
BRDA:151,0,29,0
BRDA:151,0,30,0
BRDA:151,0,31,0
BRDA:151,0,32,0
BRDA:151,0,33,0
BRDA:151,0,34,0
BRDA:151,0,35,0
BRDA:151,0,36,0
BRDA:151,0,37,0
BRDA:151,0,38,0
BRDA:151,0,39,0
BRDA:151,0,40,0
BRDA:151,0,41,0
BRDA:151,0,42,0
BRDA:151,0,43,0
BRDA:151,0,44,0
BRDA:151,0,45,0
BRDA:151,0,46,0
BRDA:151,0,47,0
BRDA:151,0,48,0
BRDA:151,0,49,0
BRDA:151,0,50,0
BRDA:151,0,51,0
BRDA:151,0,52,0
BRDA:151,0,53,0
BRDA:151,0,54,0
BRDA:151,0,55,0
BRDA:151,0,56,0
BRDA:151,0,57,0
BRDA:151,0,58,0
BRDA:151,0,59,0
BRDA:151,0,60,0
BRDA:151,0,61,0
BRDA:151,0,62,0
BRDA:151,0,63,0
BRDA:151,0,64,0
BRDA:151,0,65,0
BRDA:151,0,66,28
BRDA:151,0,67,27
BRDA:151,0,68,0
BRDA:151,0,69,0
BRDA:151,0,70,0
BRDA:151,0,71,0
BRDA:151,0,72,0
BRDA:151,0,73,0
BRDA:151,0,74,0
BRDA:151,0,75,0
BRDA:151,0,76,0
BRDA:151,0,77,0
BRDA:151,0,78,0
BRDA:151,0,79,0
BRDA:151,0,80,0
BRDA:151,0,81,0
BRDA:151,0,82,0
BRDA:151,0,83,0
BRDA:151,0,84,28
BRDA:151,0,85,27
BRDA:151,0,86,0
BRDA:151,0,87,0
BRDA:151,0,88,28
BRDA:151,0,89,27
BRDA:151,0,90,0
BRDA:151,0,91,0
BRDA:151,0,92,0
BRDA:151,0,93,0
BRDA:151,0,94,28
BRDA:151,0,95,27
DA:152,8
BRDA:152,0,0,8
BRDA:152,0,1,7
BRDA:152,0,2,1
BRDA:152,0,3,0
BRDA:152,0,4,0
BRDA:152,0,5,0
BRDA:152,0,6,0
BRDA:152,0,7,0
BRDA:152,0,8,1
BRDA:152,0,9,0
BRDA:152,0,10,0
BRDA:152,0,11,0
BRDA:152,0,12,1
BRDA:152,0,13,0
BRDA:152,0,14,7
BRDA:152,0,15,7
BRDA:152,0,16,6
BRDA:152,0,17,5
BRDA:152,0,18,5
BRDA:152,0,19,5
BRDA:152,0,20,0
BRDA:152,0,21,0
BRDA:152,0,22,1
BRDA:152,0,23,0
BRDA:152,0,24,0
BRDA:152,0,25,0
BRDA:152,0,26,1
BRDA:152,0,27,0
BRDA:152,0,28,1
BRDA:152,0,29,0
BRDA:152,0,30,0
BRDA:152,0,31,0
DA:153,7
BRDA:153,0,0,7
BRDA:153,0,1,7
BRDA:153,0,2,7
BRDA:153,0,3,7
BRDA:153,0,4,7
BRDA:153,0,5,7
BRDA:153,0,6,7
BRDA:153,0,7,7
BRDA:153,0,8,7
BRDA:153,0,9,7
BRDA:153,0,10,7
BRDA:153,0,11,7
BRDA:153,0,12,7
BRDA:153,0,13,7
BRDA:153,0,14,7
BRDA:153,0,15,7
BRDA:153,0,16,7
BRDA:153,0,17,7
BRDA:153,0,18,7
BRDA:153,0,19,7
BRDA:153,0,20,7
BRDA:153,0,21,7
BRDA:153,0,22,7
BRDA:153,0,23,7
BRDA:153,0,24,7
BRDA:153,0,25,7
BRDA:153,0,26,7
BRDA:153,0,27,7
BRDA:153,0,28,7
BRDA:153,0,29,7
BRDA:153,0,30,7
BRDA:153,0,31,7
BRDA:153,0,32,7
BRDA:153,0,33,7
BRDA:153,0,34,7
BRDA:153,0,35,7
BRDA:153,0,36,7
BRDA:153,0,37,7
BRDA:153,0,38,7
BRDA:153,0,39,7
BRDA:153,0,40,7
BRDA:153,0,41,7
BRDA:153,0,42,7
BRDA:153,0,43,7
BRDA:153,0,44,7
BRDA:153,0,45,7
BRDA:153,0,46,7
BRDA:153,0,47,7
BRDA:153,0,48,7
BRDA:153,0,49,7
BRDA:153,0,50,7
BRDA:153,0,51,7
BRDA:153,0,52,7
BRDA:153,0,53,7
BRDA:153,0,54,7
BRDA:153,0,55,7
BRDA:153,0,56,7
BRDA:153,0,57,7
BRDA:153,0,58,7
BRDA:153,0,59,7
BRDA:153,0,60,7
BRDA:153,0,61,7
BRDA:153,0,62,7
BRDA:153,0,63,7
BRDA:153,0,64,7
BRDA:153,0,65,7
BRDA:153,0,66,7
BRDA:153,0,67,7
BRDA:153,0,68,7
BRDA:153,0,69,7
BRDA:153,0,70,7
BRDA:153,0,71,7
BRDA:153,0,72,7
BRDA:153,0,73,7
BRDA:153,0,74,7
BRDA:153,0,75,7
BRDA:153,0,76,7
BRDA:153,0,77,7
BRDA:153,0,78,7
BRDA:153,0,79,7
BRDA:153,0,80,7
BRDA:153,0,81,7
BRDA:153,0,82,7
BRDA:153,0,83,7
BRDA:153,0,84,7
BRDA:153,0,85,7
BRDA:153,0,86,7
BRDA:153,0,87,7
BRDA:153,0,88,7
BRDA:153,0,89,7
BRDA:153,0,90,7
BRDA:153,0,91,7
BRDA:153,0,92,7
BRDA:153,0,93,7
BRDA:153,0,94,7
BRDA:153,0,95,7
DA:154,54
BRDA:154,0,0,54
BRDA:154,0,1,54
DA:157,1
BRDA:157,0,0,0
BRDA:157,0,1,0
BRDA:157,0,2,0
BRDA:157,0,3,0
BRDA:157,0,4,0
BRDA:157,0,5,0
BRDA:157,0,6,0
BRDA:157,0,7,0
BRDA:157,0,8,0
BRDA:157,0,9,0
BRDA:157,0,10,0
BRDA:157,0,11,0
BRDA:157,0,12,0
BRDA:157,0,13,0
BRDA:157,0,14,1
BRDA:157,0,15,0
BRDA:157,0,16,0
BRDA:157,0,17,0
BRDA:157,0,18,0
BRDA:157,0,19,0
BRDA:157,0,20,0
BRDA:157,0,21,0
BRDA:157,0,22,0
BRDA:157,0,23,0
BRDA:157,0,24,0
BRDA:157,0,25,0
BRDA:157,0,26,0
BRDA:157,0,27,0
BRDA:157,0,28,0
BRDA:157,0,29,0
BRDA:157,0,30,0
BRDA:157,0,31,0
BRDA:157,0,32,0
BRDA:157,0,33,0
BRDA:157,0,34,0
BRDA:157,0,35,0
BRDA:157,0,36,0
BRDA:157,0,37,0
BRDA:157,0,38,0
BRDA:157,0,39,0
BRDA:157,0,40,0
BRDA:157,0,41,0
BRDA:157,0,42,0
BRDA:157,0,43,0
BRDA:157,0,44,0
BRDA:157,0,45,0
BRDA:157,0,46,1
BRDA:157,0,47,0
BRDA:157,0,48,0
BRDA:157,0,49,0
BRDA:157,0,50,0
BRDA:157,0,51,0
BRDA:157,0,52,0
BRDA:157,0,53,0
BRDA:157,0,54,0
BRDA:157,0,55,0
BRDA:157,0,56,0
BRDA:157,0,57,0
BRDA:157,0,58,0
BRDA:157,0,59,0
BRDA:157,0,60,0
BRDA:157,0,61,0
BRDA:157,0,62,0
BRDA:157,0,63,0
BRDA:157,0,64,0
BRDA:157,0,65,0
BRDA:157,0,66,0
BRDA:157,0,67,0
BRDA:157,0,68,0
BRDA:157,0,69,0
BRDA:157,0,70,0
BRDA:157,0,71,0
BRDA:157,0,72,0
BRDA:157,0,73,0
BRDA:157,0,74,0
BRDA:157,0,75,0
BRDA:157,0,76,0
BRDA:157,0,77,0
BRDA:157,0,78,1
BRDA:157,0,79,0
BRDA:157,0,80,0
BRDA:157,0,81,0
BRDA:157,0,82,0
BRDA:157,0,83,0
BRDA:157,0,84,0
BRDA:157,0,85,0
BRDA:157,0,86,0
BRDA:157,0,87,0
BRDA:157,0,88,0
BRDA:157,0,89,0
BRDA:157,0,90,0
BRDA:157,0,91,0
BRDA:157,0,92,0
BRDA:157,0,93,0
BRDA:157,0,94,0
BRDA:157,0,95,0
BRDA:157,0,96,0
BRDA:157,0,97,0
BRDA:157,0,98,0
BRDA:157,0,99,0
BRDA:157,0,100,0
BRDA:157,0,101,0
BRDA:157,0,102,0
BRDA:157,0,103,0
BRDA:157,0,104,0
BRDA:157,0,105,0
BRDA:157,0,106,0
BRDA:157,0,107,0
BRDA:157,0,108,0
BRDA:157,0,109,0
BRDA:157,0,110,1
BRDA:157,0,111,0
BRDA:157,0,112,0
BRDA:157,0,113,0
BRDA:157,0,114,0
BRDA:157,0,115,0
BRDA:157,0,116,0
BRDA:157,0,117,0
BRDA:157,0,118,0
BRDA:157,0,119,0
BRDA:157,0,120,0
BRDA:157,0,121,0
BRDA:157,0,122,0
BRDA:157,0,123,0
BRDA:157,0,124,0
BRDA:157,0,125,0
BRDA:157,0,126,0
BRDA:157,0,127,0
DA:158,7
BRDA:158,0,0,6
BRDA:158,0,1,5
BRDA:158,0,2,6
BRDA:158,0,3,5
BRDA:158,0,4,6
BRDA:158,0,5,5
BRDA:158,0,6,6
BRDA:158,0,7,5
BRDA:158,0,8,6
BRDA:158,0,9,5
BRDA:158,0,10,6
BRDA:158,0,11,5
BRDA:158,0,12,6
BRDA:158,0,13,5
BRDA:158,0,14,3
BRDA:158,0,15,2
BRDA:158,0,16,6
BRDA:158,0,17,5
BRDA:158,0,18,6
BRDA:158,0,19,5
BRDA:158,0,20,6
BRDA:158,0,21,5
BRDA:158,0,22,6
BRDA:158,0,23,5
BRDA:158,0,24,6
BRDA:158,0,25,5
BRDA:158,0,26,6
BRDA:158,0,27,5
BRDA:158,0,28,6
BRDA:158,0,29,5
BRDA:158,0,30,6
BRDA:158,0,31,5
BRDA:158,0,32,1
BRDA:158,0,33,1
BRDA:158,0,34,1
BRDA:158,0,35,1
BRDA:158,0,36,1
BRDA:158,0,37,1
BRDA:158,0,38,1
BRDA:158,0,39,1
BRDA:158,0,40,1
BRDA:158,0,41,1
BRDA:158,0,42,1
BRDA:158,0,43,1
BRDA:158,0,44,1
BRDA:158,0,45,1
BRDA:158,0,46,7
BRDA:158,0,47,7
BRDA:158,0,48,1
BRDA:158,0,49,1
BRDA:158,0,50,1
BRDA:158,0,51,1
BRDA:158,0,52,1
BRDA:158,0,53,1
BRDA:158,0,54,1
BRDA:158,0,55,1
BRDA:158,0,56,1
BRDA:158,0,57,1
BRDA:158,0,58,1
BRDA:158,0,59,1
BRDA:158,0,60,1
BRDA:158,0,61,1
BRDA:158,0,62,1
BRDA:158,0,63,1
DA:159,0
BRDA:159,0,0,0
BRDA:159,0,1,0
BRDA:159,0,2,0
BRDA:159,0,3,0
BRDA:159,0,4,0
BRDA:159,0,5,0
BRDA:159,0,6,0
BRDA:159,0,7,0
BRDA:159,0,8,0
BRDA:159,0,9,0
BRDA:159,0,10,0
BRDA:159,0,11,0
BRDA:159,0,12,0
BRDA:159,0,13,0
BRDA:159,0,14,0
BRDA:159,0,15,0
BRDA:159,0,16,0
BRDA:159,0,17,0
BRDA:159,0,18,0
BRDA:159,0,19,0
BRDA:159,0,20,0
BRDA:159,0,21,0
BRDA:159,0,22,0
BRDA:159,0,23,0
BRDA:159,0,24,0
BRDA:159,0,25,0
BRDA:159,0,26,0
BRDA:159,0,27,0
BRDA:159,0,28,0
BRDA:159,0,29,0
BRDA:159,0,30,0
BRDA:159,0,31,0
BRDA:159,0,32,0
BRDA:159,0,33,0
BRDA:159,0,34,0
BRDA:159,0,35,0
BRDA:159,0,36,0
BRDA:159,0,37,0
BRDA:159,0,38,0
BRDA:159,0,39,0
BRDA:159,0,40,0
BRDA:159,0,41,0
BRDA:159,0,42,0
BRDA:159,0,43,0
BRDA:159,0,44,0
BRDA:159,0,45,0
BRDA:159,0,46,0
BRDA:159,0,47,0
BRDA:159,0,48,0
BRDA:159,0,49,0
BRDA:159,0,50,0
BRDA:159,0,51,0
BRDA:159,0,52,0
BRDA:159,0,53,0
BRDA:159,0,54,0
BRDA:159,0,55,0
BRDA:159,0,56,0
BRDA:159,0,57,0
BRDA:159,0,58,0
BRDA:159,0,59,0
BRDA:159,0,60,0
BRDA:159,0,61,0
BRDA:159,0,62,0
BRDA:159,0,63,0
BRDA:159,0,64,0
BRDA:159,0,65,0
BRDA:159,0,66,0
BRDA:159,0,67,0
BRDA:159,0,68,0
BRDA:159,0,69,0
BRDA:159,0,70,0
BRDA:159,0,71,0
BRDA:159,0,72,0
BRDA:159,0,73,0
BRDA:159,0,74,0
BRDA:159,0,75,0
BRDA:159,0,76,0
BRDA:159,0,77,0
BRDA:159,0,78,0
BRDA:159,0,79,0
BRDA:159,0,80,0
BRDA:159,0,81,0
BRDA:159,0,82,0
BRDA:159,0,83,0
BRDA:159,0,84,0
BRDA:159,0,85,0
BRDA:159,0,86,0
BRDA:159,0,87,0
BRDA:159,0,88,0
BRDA:159,0,89,0
BRDA:159,0,90,0
BRDA:159,0,91,0
BRDA:159,0,92,0
BRDA:159,0,93,0
BRDA:159,0,94,0
BRDA:159,0,95,0
BRDA:159,0,96,0
BRDA:159,0,97,0
BRDA:159,0,98,0
BRDA:159,0,99,0
BRDA:159,0,100,0
BRDA:159,0,101,0
BRDA:159,0,102,0
BRDA:159,0,103,0
BRDA:159,0,104,0
BRDA:159,0,105,0
BRDA:159,0,106,0
BRDA:159,0,107,0
BRDA:159,0,108,0
BRDA:159,0,109,0
BRDA:159,0,110,0
BRDA:159,0,111,0
BRDA:159,0,112,0
BRDA:159,0,113,0
BRDA:159,0,114,0
BRDA:159,0,115,0
BRDA:159,0,116,0
BRDA:159,0,117,0
BRDA:159,0,118,0
BRDA:159,0,119,0
BRDA:159,0,120,0
BRDA:159,0,121,0
BRDA:159,0,122,0
BRDA:159,0,123,0
BRDA:159,0,124,0
BRDA:159,0,125,0
BRDA:159,0,126,0
BRDA:159,0,127,0
DA:166,43
BRDA:166,0,0,43
BRDA:166,0,1,42
BRDA:166,0,2,17
BRDA:166,0,3,16
BRDA:166,0,4,0
BRDA:166,0,5,0
BRDA:166,0,6,0
BRDA:166,0,7,0
BRDA:166,0,8,17
BRDA:166,0,9,16
BRDA:166,0,10,0
BRDA:166,0,11,0
BRDA:166,0,12,17
BRDA:166,0,13,16
BRDA:166,0,14,26
BRDA:166,0,15,26
BRDA:166,0,16,39
BRDA:166,0,17,38
BRDA:166,0,18,22
BRDA:166,0,19,22
BRDA:166,0,20,0
BRDA:166,0,21,0
BRDA:166,0,22,17
BRDA:166,0,23,16
BRDA:166,0,24,0
BRDA:166,0,25,0
BRDA:166,0,26,17
BRDA:166,0,27,16
BRDA:166,0,28,17
BRDA:166,0,29,16
BRDA:166,0,30,0
BRDA:166,0,31,0
DA:167,136
BRDA:167,0,0,136
BRDA:167,0,1,136
BRDA:167,0,2,0
BRDA:167,0,3,0
BRDA:167,0,4,0
BRDA:167,0,5,0
BRDA:167,0,6,0
BRDA:167,0,7,0
BRDA:167,0,8,0
BRDA:167,0,9,0
BRDA:167,0,10,0
BRDA:167,0,11,0
BRDA:167,0,12,0
BRDA:167,0,13,0
BRDA:167,0,14,100
BRDA:167,0,15,100
BRDA:167,0,16,0
BRDA:167,0,17,0
BRDA:167,0,18,0
BRDA:167,0,19,0
BRDA:167,0,20,1
BRDA:167,0,21,1
BRDA:167,0,22,0
BRDA:167,0,23,0
BRDA:167,0,24,0
BRDA:167,0,25,0
BRDA:167,0,26,0
BRDA:167,0,27,0
BRDA:167,0,28,0
BRDA:167,0,29,0
BRDA:167,0,30,0
BRDA:167,0,31,0
DA:168,4
BRDA:168,0,0,0
BRDA:168,0,1,0
BRDA:168,0,2,0
BRDA:168,0,3,0
BRDA:168,0,4,0
BRDA:168,0,5,0
BRDA:168,0,6,0
BRDA:168,0,7,0
BRDA:168,0,8,0
BRDA:168,0,9,0
BRDA:168,0,10,0
BRDA:168,0,11,0
BRDA:168,0,12,0
BRDA:168,0,13,0
BRDA:168,0,14,4
BRDA:168,0,15,3
BRDA:168,0,16,0
BRDA:168,0,17,0
BRDA:168,0,18,0
BRDA:168,0,19,0
BRDA:168,0,20,0
BRDA:168,0,21,0
BRDA:168,0,22,0
BRDA:168,0,23,0
BRDA:168,0,24,0
BRDA:168,0,25,0
BRDA:168,0,26,0
BRDA:168,0,27,0
BRDA:168,0,28,0
BRDA:168,0,29,0
BRDA:168,0,30,0
BRDA:168,0,31,0
DA:169,52
BRDA:169,0,0,48
BRDA:169,0,1,48
BRDA:169,0,2,48
BRDA:169,0,3,48
BRDA:169,0,4,48
BRDA:169,0,5,48
BRDA:169,0,6,48
BRDA:169,0,7,48
BRDA:169,0,8,48
BRDA:169,0,9,48
BRDA:169,0,10,48
BRDA:169,0,11,48
BRDA:169,0,12,48
BRDA:169,0,13,48
BRDA:169,0,14,52
BRDA:169,0,15,52
BRDA:169,0,16,48
BRDA:169,0,17,48
BRDA:169,0,18,48
BRDA:169,0,19,48
BRDA:169,0,20,48
BRDA:169,0,21,48
BRDA:169,0,22,48
BRDA:169,0,23,48
BRDA:169,0,24,48
BRDA:169,0,25,48
BRDA:169,0,26,48
BRDA:169,0,27,48
BRDA:169,0,28,48
BRDA:169,0,29,48
BRDA:169,0,30,48
BRDA:169,0,31,48
DA:170,0
BRDA:170,0,0,0
BRDA:170,0,1,0
BRDA:170,0,2,0
BRDA:170,0,3,0
BRDA:170,0,4,0
BRDA:170,0,5,0
BRDA:170,0,6,0
BRDA:170,0,7,0
BRDA:170,0,8,0
BRDA:170,0,9,0
BRDA:170,0,10,0
BRDA:170,0,11,0
BRDA:170,0,12,0
BRDA:170,0,13,0
BRDA:170,0,14,0
BRDA:170,0,15,0
BRDA:170,0,16,0
BRDA:170,0,17,0
BRDA:170,0,18,0
BRDA:170,0,19,0
BRDA:170,0,20,0
BRDA:170,0,21,0
BRDA:170,0,22,0
BRDA:170,0,23,0
BRDA:170,0,24,0
BRDA:170,0,25,0
BRDA:170,0,26,0
BRDA:170,0,27,0
BRDA:170,0,28,0
BRDA:170,0,29,0
BRDA:170,0,30,0
BRDA:170,0,31,0
DA:171,4
BRDA:171,0,0,0
BRDA:171,0,1,0
BRDA:171,0,2,0
BRDA:171,0,3,0
BRDA:171,0,4,0
BRDA:171,0,5,0
BRDA:171,0,6,0
BRDA:171,0,7,0
BRDA:171,0,8,0
BRDA:171,0,9,0
BRDA:171,0,10,0
BRDA:171,0,11,0
BRDA:171,0,12,0
BRDA:171,0,13,0
BRDA:171,0,14,4
BRDA:171,0,15,3
BRDA:171,0,16,0
BRDA:171,0,17,0
BRDA:171,0,18,0
BRDA:171,0,19,0
BRDA:171,0,20,0
BRDA:171,0,21,0
BRDA:171,0,22,0
BRDA:171,0,23,0
BRDA:171,0,24,0
BRDA:171,0,25,0
BRDA:171,0,26,0
BRDA:171,0,27,0
BRDA:171,0,28,0
BRDA:171,0,29,0
BRDA:171,0,30,0
BRDA:171,0,31,0
DA:172,52
BRDA:172,0,0,48
BRDA:172,0,1,48
BRDA:172,0,2,48
BRDA:172,0,3,48
BRDA:172,0,4,48
BRDA:172,0,5,48
BRDA:172,0,6,48
BRDA:172,0,7,48
BRDA:172,0,8,48
BRDA:172,0,9,48
BRDA:172,0,10,48
BRDA:172,0,11,48
BRDA:172,0,12,48
BRDA:172,0,13,48
BRDA:172,0,14,52
BRDA:172,0,15,52
BRDA:172,0,16,48
BRDA:172,0,17,48
BRDA:172,0,18,48
BRDA:172,0,19,48
BRDA:172,0,20,48
BRDA:172,0,21,48
BRDA:172,0,22,48
BRDA:172,0,23,48
BRDA:172,0,24,48
BRDA:172,0,25,48
BRDA:172,0,26,48
BRDA:172,0,27,48
BRDA:172,0,28,48
BRDA:172,0,29,48
BRDA:172,0,30,48
BRDA:172,0,31,48
DA:173,0
BRDA:173,0,0,0
BRDA:173,0,1,0
BRDA:173,0,2,0
BRDA:173,0,3,0
BRDA:173,0,4,0
BRDA:173,0,5,0
BRDA:173,0,6,0
BRDA:173,0,7,0
BRDA:173,0,8,0
BRDA:173,0,9,0
BRDA:173,0,10,0
BRDA:173,0,11,0
BRDA:173,0,12,0
BRDA:173,0,13,0
BRDA:173,0,14,0
BRDA:173,0,15,0
BRDA:173,0,16,0
BRDA:173,0,17,0
BRDA:173,0,18,0
BRDA:173,0,19,0
BRDA:173,0,20,0
BRDA:173,0,21,0
BRDA:173,0,22,0
BRDA:173,0,23,0
BRDA:173,0,24,0
BRDA:173,0,25,0
BRDA:173,0,26,0
BRDA:173,0,27,0
BRDA:173,0,28,0
BRDA:173,0,29,0
BRDA:173,0,30,0
BRDA:173,0,31,0
DA:176,9
BRDA:176,0,0,9
BRDA:176,0,1,9
DA:177,2186
BRDA:177,0,0,72
BRDA:177,0,1,72
BRDA:177,0,2,0
BRDA:177,0,3,0
BRDA:177,0,4,0
BRDA:177,0,5,0
BRDA:177,0,6,0
BRDA:177,0,7,0
BRDA:177,0,8,0
BRDA:177,0,9,0
BRDA:177,0,10,0
BRDA:177,0,11,0
BRDA:177,0,12,0
BRDA:177,0,13,0
BRDA:177,0,14,45
BRDA:177,0,15,44
BRDA:177,0,16,0
BRDA:177,0,17,0
BRDA:177,0,18,0
BRDA:177,0,19,0
BRDA:177,0,20,0
BRDA:177,0,21,0
BRDA:177,0,22,0
BRDA:177,0,23,0
BRDA:177,0,24,0
BRDA:177,0,25,0
BRDA:177,0,26,0
BRDA:177,0,27,0
BRDA:177,0,28,0
BRDA:177,0,29,0
BRDA:177,0,30,0
BRDA:177,0,31,0
BRDA:177,0,32,2186
BRDA:177,0,33,1512
BRDA:177,0,34,1512
BRDA:177,0,35,2186
DA:178,98
BRDA:178,0,0,72
BRDA:178,0,1,72
BRDA:178,0,2,36
BRDA:178,0,3,36
BRDA:178,0,4,61
BRDA:178,0,5,60
BRDA:178,0,6,36
BRDA:178,0,7,36
BRDA:178,0,8,72
BRDA:178,0,9,72
BRDA:178,0,10,61
BRDA:178,0,11,60
BRDA:178,0,12,72
BRDA:178,0,13,72
BRDA:178,0,14,61
BRDA:178,0,15,60
BRDA:178,0,16,61
BRDA:178,0,17,60
BRDA:178,0,18,61
BRDA:178,0,19,60
BRDA:178,0,20,61
BRDA:178,0,21,60
BRDA:178,0,22,83
BRDA:178,0,23,82
BRDA:178,0,24,61
BRDA:178,0,25,60
BRDA:178,0,26,61
BRDA:178,0,27,60
BRDA:178,0,28,61
BRDA:178,0,29,60
BRDA:178,0,30,61
BRDA:178,0,31,60
BRDA:178,0,32,61
BRDA:178,0,33,60
BRDA:178,0,34,61
BRDA:178,0,35,60
BRDA:178,0,36,61
BRDA:178,0,37,60
BRDA:178,0,38,61
BRDA:178,0,39,60
BRDA:178,0,40,61
BRDA:178,0,41,60
BRDA:178,0,42,61
BRDA:178,0,43,60
BRDA:178,0,44,98
BRDA:178,0,45,98
BRDA:178,0,46,61
BRDA:178,0,47,60
BRDA:178,0,48,61
BRDA:178,0,49,60
BRDA:178,0,50,77
BRDA:178,0,51,76
BRDA:178,0,52,22
BRDA:178,0,53,22
BRDA:178,0,54,72
BRDA:178,0,55,72
BRDA:178,0,56,61
BRDA:178,0,57,60
BRDA:178,0,58,72
BRDA:178,0,59,72
BRDA:178,0,60,61
BRDA:178,0,61,60
BRDA:178,0,62,61
BRDA:178,0,63,60
DA:181,57
BRDA:181,0,0,51
BRDA:181,0,1,51
BRDA:181,0,2,0
BRDA:181,0,3,0
BRDA:181,0,4,52
BRDA:181,0,5,52
BRDA:181,0,6,48
BRDA:181,0,7,48
BRDA:181,0,8,0
BRDA:181,0,9,0
BRDA:181,0,10,52
BRDA:181,0,11,52
BRDA:181,0,12,0
BRDA:181,0,13,0
BRDA:181,0,14,24
BRDA:181,0,15,24
BRDA:181,0,16,24
BRDA:181,0,17,24
BRDA:181,0,18,24
BRDA:181,0,19,24
BRDA:181,0,20,24
BRDA:181,0,21,24
BRDA:181,0,22,55
BRDA:181,0,23,55
BRDA:181,0,24,24
BRDA:181,0,25,24
BRDA:181,0,26,24
BRDA:181,0,27,24
BRDA:181,0,28,24
BRDA:181,0,29,24
BRDA:181,0,30,24
BRDA:181,0,31,24
BRDA:181,0,32,24
BRDA:181,0,33,24
BRDA:181,0,34,24
BRDA:181,0,35,24
BRDA:181,0,36,24
BRDA:181,0,37,24
BRDA:181,0,38,24
BRDA:181,0,39,24
BRDA:181,0,40,24
BRDA:181,0,41,24
BRDA:181,0,42,24
BRDA:181,0,43,24
BRDA:181,0,44,8
BRDA:181,0,45,8
BRDA:181,0,46,24
BRDA:181,0,47,24
BRDA:181,0,48,24
BRDA:181,0,49,24
BRDA:181,0,50,57
BRDA:181,0,51,57
BRDA:181,0,52,50
BRDA:181,0,53,50
BRDA:181,0,54,0
BRDA:181,0,55,0
BRDA:181,0,56,52
BRDA:181,0,57,52
BRDA:181,0,58,0
BRDA:181,0,59,0
BRDA:181,0,60,24
BRDA:181,0,61,24
BRDA:181,0,62,52
BRDA:181,0,63,52
DA:184,57
BRDA:184,0,0,57
BRDA:184,0,1,56
BRDA:184,0,2,32
BRDA:184,0,3,32
BRDA:184,0,4,0
BRDA:184,0,5,0
BRDA:184,0,6,0
BRDA:184,0,7,0
BRDA:184,0,8,0
BRDA:184,0,9,0
BRDA:184,0,10,0
BRDA:184,0,11,0
BRDA:184,0,12,0
BRDA:184,0,13,0
BRDA:184,0,14,0
BRDA:184,0,15,0
DA:185,49
BRDA:185,0,0,49
BRDA:185,0,1,49
DA:186,1889
BRDA:186,0,0,0
BRDA:186,0,1,0
BRDA:186,0,2,0
BRDA:186,0,3,0
BRDA:186,0,4,0
BRDA:186,0,5,0
BRDA:186,0,6,0
BRDA:186,0,7,0
BRDA:186,0,8,0
BRDA:186,0,9,0
BRDA:186,0,10,0
BRDA:186,0,11,0
BRDA:186,0,12,0
BRDA:186,0,13,0
BRDA:186,0,14,0
BRDA:186,0,15,0
BRDA:186,0,16,0
BRDA:186,0,17,0
BRDA:186,0,18,0
BRDA:186,0,19,0
BRDA:186,0,20,0
BRDA:186,0,21,0
BRDA:186,0,22,0
BRDA:186,0,23,0
BRDA:186,0,24,0
BRDA:186,0,25,0
BRDA:186,0,26,0
BRDA:186,0,27,0
BRDA:186,0,28,49
BRDA:186,0,29,49
BRDA:186,0,30,0
BRDA:186,0,31,0
BRDA:186,0,32,1809
BRDA:186,0,33,1889
BRDA:186,0,34,1889
BRDA:186,0,35,1809
DA:187,52
BRDA:187,0,0,48
BRDA:187,0,1,48
BRDA:187,0,2,51
BRDA:187,0,3,51
BRDA:187,0,4,51
BRDA:187,0,5,51
BRDA:187,0,6,51
BRDA:187,0,7,51
BRDA:187,0,8,51
BRDA:187,0,9,51
BRDA:187,0,10,51
BRDA:187,0,11,51
BRDA:187,0,12,51
BRDA:187,0,13,51
BRDA:187,0,14,52
BRDA:187,0,15,52
BRDA:187,0,16,48
BRDA:187,0,17,48
BRDA:187,0,18,48
BRDA:187,0,19,48
BRDA:187,0,20,48
BRDA:187,0,21,48
BRDA:187,0,22,48
BRDA:187,0,23,48
BRDA:187,0,24,48
BRDA:187,0,25,48
BRDA:187,0,26,48
BRDA:187,0,27,48
BRDA:187,0,28,40
BRDA:187,0,29,40
BRDA:187,0,30,51
BRDA:187,0,31,51
DA:188,48
BRDA:188,0,0,48
BRDA:188,0,1,48
BRDA:188,0,2,0
BRDA:188,0,3,0
BRDA:188,0,4,0
BRDA:188,0,5,0
BRDA:188,0,6,0
BRDA:188,0,7,0
BRDA:188,0,8,0
BRDA:188,0,9,0
BRDA:188,0,10,0
BRDA:188,0,11,0
BRDA:188,0,12,0
BRDA:188,0,13,0
BRDA:188,0,14,24
BRDA:188,0,15,24
BRDA:188,0,16,24
BRDA:188,0,17,24
BRDA:188,0,18,24
BRDA:188,0,19,24
BRDA:188,0,20,24
BRDA:188,0,21,24
BRDA:188,0,22,24
BRDA:188,0,23,24
BRDA:188,0,24,24
BRDA:188,0,25,24
BRDA:188,0,26,24
BRDA:188,0,27,24
BRDA:188,0,28,25
BRDA:188,0,29,24
BRDA:188,0,30,0
BRDA:188,0,31,0
DA:189,48
BRDA:189,0,0,48
BRDA:189,0,1,48
BRDA:189,0,2,14
BRDA:189,0,3,14
BRDA:189,0,4,14
BRDA:189,0,5,14
BRDA:189,0,6,14
BRDA:189,0,7,14
BRDA:189,0,8,14
BRDA:189,0,9,14
BRDA:189,0,10,14
BRDA:189,0,11,14
BRDA:189,0,12,14
BRDA:189,0,13,14
BRDA:189,0,14,14
BRDA:189,0,15,14
BRDA:189,0,16,14
BRDA:189,0,17,14
BRDA:189,0,18,14
BRDA:189,0,19,14
BRDA:189,0,20,14
BRDA:189,0,21,14
BRDA:189,0,22,0
BRDA:189,0,23,0
BRDA:189,0,24,14
BRDA:189,0,25,14
BRDA:189,0,26,14
BRDA:189,0,27,14
BRDA:189,0,28,14
BRDA:189,0,29,14
BRDA:189,0,30,14
BRDA:189,0,31,14
BRDA:189,0,32,14
BRDA:189,0,33,14
BRDA:189,0,34,14
BRDA:189,0,35,14
BRDA:189,0,36,14
BRDA:189,0,37,14
BRDA:189,0,38,14
BRDA:189,0,39,14
BRDA:189,0,40,14
BRDA:189,0,41,14
BRDA:189,0,42,14
BRDA:189,0,43,14
BRDA:189,0,44,24
BRDA:189,0,45,24
BRDA:189,0,46,14
BRDA:189,0,47,14
BRDA:189,0,48,14
BRDA:189,0,49,14
BRDA:189,0,50,0
BRDA:189,0,51,0
BRDA:189,0,52,0
BRDA:189,0,53,0
BRDA:189,0,54,0
BRDA:189,0,55,0
BRDA:189,0,56,0
BRDA:189,0,57,0
BRDA:189,0,58,0
BRDA:189,0,59,0
BRDA:189,0,60,46
BRDA:189,0,61,46
BRDA:189,0,62,14
BRDA:189,0,63,14
DA:191,4
BRDA:191,0,0,0
BRDA:191,0,1,0
BRDA:191,0,2,0
BRDA:191,0,3,0
BRDA:191,0,4,0
BRDA:191,0,5,0
BRDA:191,0,6,0
BRDA:191,0,7,0
BRDA:191,0,8,0
BRDA:191,0,9,0
BRDA:191,0,10,0
BRDA:191,0,11,0
BRDA:191,0,12,0
BRDA:191,0,13,0
BRDA:191,0,14,4
BRDA:191,0,15,3
BRDA:191,0,16,4
BRDA:191,0,17,3
BRDA:191,0,18,4
BRDA:191,0,19,3
BRDA:191,0,20,4
BRDA:191,0,21,3
BRDA:191,0,22,4
BRDA:191,0,23,3
BRDA:191,0,24,4
BRDA:191,0,25,3
BRDA:191,0,26,4
BRDA:191,0,27,3
BRDA:191,0,28,4
BRDA:191,0,29,4
BRDA:191,0,30,0
BRDA:191,0,31,0
DA:192,4
BRDA:192,0,0,0
BRDA:192,0,1,0
BRDA:192,0,2,0
BRDA:192,0,3,0
BRDA:192,0,4,0
BRDA:192,0,5,0
BRDA:192,0,6,0
BRDA:192,0,7,0
BRDA:192,0,8,0
BRDA:192,0,9,0
BRDA:192,0,10,0
BRDA:192,0,11,0
BRDA:192,0,12,0
BRDA:192,0,13,0
BRDA:192,0,14,0
BRDA:192,0,15,0
BRDA:192,0,16,0
BRDA:192,0,17,0
BRDA:192,0,18,0
BRDA:192,0,19,0
BRDA:192,0,20,0
BRDA:192,0,21,0
BRDA:192,0,22,0
BRDA:192,0,23,0
BRDA:192,0,24,0
BRDA:192,0,25,0
BRDA:192,0,26,0
BRDA:192,0,27,0
BRDA:192,0,28,0
BRDA:192,0,29,0
BRDA:192,0,30,0
BRDA:192,0,31,0
BRDA:192,0,32,0
BRDA:192,0,33,0
BRDA:192,0,34,0
BRDA:192,0,35,0
BRDA:192,0,36,0
BRDA:192,0,37,0
BRDA:192,0,38,0
BRDA:192,0,39,0
BRDA:192,0,40,0
BRDA:192,0,41,0
BRDA:192,0,42,0
BRDA:192,0,43,0
BRDA:192,0,44,4
BRDA:192,0,45,3
BRDA:192,0,46,0
BRDA:192,0,47,0
BRDA:192,0,48,0
BRDA:192,0,49,0
BRDA:192,0,50,4
BRDA:192,0,51,3
BRDA:192,0,52,4
BRDA:192,0,53,3
BRDA:192,0,54,4
BRDA:192,0,55,3
BRDA:192,0,56,4
BRDA:192,0,57,3
BRDA:192,0,58,4
BRDA:192,0,59,3
BRDA:192,0,60,4
BRDA:192,0,61,3
BRDA:192,0,62,0
BRDA:192,0,63,0
DA:195,52
BRDA:195,0,0,0
BRDA:195,0,1,0
BRDA:195,0,2,48
BRDA:195,0,3,48
BRDA:195,0,4,48
BRDA:195,0,5,48
BRDA:195,0,6,48
BRDA:195,0,7,48
BRDA:195,0,8,48
BRDA:195,0,9,48
BRDA:195,0,10,48
BRDA:195,0,11,48
BRDA:195,0,12,48
BRDA:195,0,13,48
BRDA:195,0,14,48
BRDA:195,0,15,48
BRDA:195,0,16,48
BRDA:195,0,17,48
BRDA:195,0,18,48
BRDA:195,0,19,48
BRDA:195,0,20,48
BRDA:195,0,21,48
BRDA:195,0,22,48
BRDA:195,0,23,48
BRDA:195,0,24,48
BRDA:195,0,25,48
BRDA:195,0,26,48
BRDA:195,0,27,48
BRDA:195,0,28,48
BRDA:195,0,29,48
BRDA:195,0,30,48
BRDA:195,0,31,48
BRDA:195,0,32,48
BRDA:195,0,33,48
BRDA:195,0,34,48
BRDA:195,0,35,48
BRDA:195,0,36,48
BRDA:195,0,37,48
BRDA:195,0,38,48
BRDA:195,0,39,48
BRDA:195,0,40,48
BRDA:195,0,41,48
BRDA:195,0,42,48
BRDA:195,0,43,48
BRDA:195,0,44,52
BRDA:195,0,45,52
BRDA:195,0,46,48
BRDA:195,0,47,48
BRDA:195,0,48,48
BRDA:195,0,49,48
BRDA:195,0,50,48
BRDA:195,0,51,48
BRDA:195,0,52,48
BRDA:195,0,53,48
BRDA:195,0,54,48
BRDA:195,0,55,48
BRDA:195,0,56,48
BRDA:195,0,57,48
BRDA:195,0,58,48
BRDA:195,0,59,48
BRDA:195,0,60,48
BRDA:195,0,61,48
BRDA:195,0,62,48
BRDA:195,0,63,48
DA:196,0
BRDA:196,0,0,0
BRDA:196,0,1,0
BRDA:196,0,2,0
BRDA:196,0,3,0
BRDA:196,0,4,0
BRDA:196,0,5,0
BRDA:196,0,6,0
BRDA:196,0,7,0
BRDA:196,0,8,0
BRDA:196,0,9,0
BRDA:196,0,10,0
BRDA:196,0,11,0
BRDA:196,0,12,0
BRDA:196,0,13,0
BRDA:196,0,14,0
BRDA:196,0,15,0
BRDA:196,0,16,0
BRDA:196,0,17,0
BRDA:196,0,18,0
BRDA:196,0,19,0
BRDA:196,0,20,0
BRDA:196,0,21,0
BRDA:196,0,22,0
BRDA:196,0,23,0
BRDA:196,0,24,0
BRDA:196,0,25,0
BRDA:196,0,26,0
BRDA:196,0,27,0
BRDA:196,0,28,0
BRDA:196,0,29,0
BRDA:196,0,30,0
BRDA:196,0,31,0
BRDA:196,0,32,0
BRDA:196,0,33,0
BRDA:196,0,34,0
BRDA:196,0,35,0
BRDA:196,0,36,0
BRDA:196,0,37,0
BRDA:196,0,38,0
BRDA:196,0,39,0
BRDA:196,0,40,0
BRDA:196,0,41,0
BRDA:196,0,42,0
BRDA:196,0,43,0
BRDA:196,0,44,0
BRDA:196,0,45,0
BRDA:196,0,46,0
BRDA:196,0,47,0
BRDA:196,0,48,0
BRDA:196,0,49,0
BRDA:196,0,50,0
BRDA:196,0,51,0
BRDA:196,0,52,0
BRDA:196,0,53,0
BRDA:196,0,54,0
BRDA:196,0,55,0
BRDA:196,0,56,0
BRDA:196,0,57,0
BRDA:196,0,58,0
BRDA:196,0,59,0
BRDA:196,0,60,0
BRDA:196,0,61,0
BRDA:196,0,62,0
BRDA:196,0,63,0
DA:197,52
BRDA:197,0,0,0
BRDA:197,0,1,0
BRDA:197,0,2,48
BRDA:197,0,3,48
BRDA:197,0,4,48
BRDA:197,0,5,48
BRDA:197,0,6,48
BRDA:197,0,7,48
BRDA:197,0,8,48
BRDA:197,0,9,48
BRDA:197,0,10,48
BRDA:197,0,11,48
BRDA:197,0,12,48
BRDA:197,0,13,48
BRDA:197,0,14,48
BRDA:197,0,15,48
BRDA:197,0,16,48
BRDA:197,0,17,48
BRDA:197,0,18,48
BRDA:197,0,19,48
BRDA:197,0,20,48
BRDA:197,0,21,48
BRDA:197,0,22,48
BRDA:197,0,23,48
BRDA:197,0,24,48
BRDA:197,0,25,48
BRDA:197,0,26,48
BRDA:197,0,27,48
BRDA:197,0,28,48
BRDA:197,0,29,48
BRDA:197,0,30,48
BRDA:197,0,31,48
BRDA:197,0,32,48
BRDA:197,0,33,48
BRDA:197,0,34,48
BRDA:197,0,35,48
BRDA:197,0,36,48
BRDA:197,0,37,48
BRDA:197,0,38,48
BRDA:197,0,39,48
BRDA:197,0,40,48
BRDA:197,0,41,48
BRDA:197,0,42,48
BRDA:197,0,43,48
BRDA:197,0,44,52
BRDA:197,0,45,52
BRDA:197,0,46,48
BRDA:197,0,47,48
BRDA:197,0,48,48
BRDA:197,0,49,48
BRDA:197,0,50,48
BRDA:197,0,51,48
BRDA:197,0,52,48
BRDA:197,0,53,48
BRDA:197,0,54,48
BRDA:197,0,55,48
BRDA:197,0,56,48
BRDA:197,0,57,48
BRDA:197,0,58,48
BRDA:197,0,59,48
BRDA:197,0,60,48
BRDA:197,0,61,48
BRDA:197,0,62,48
BRDA:197,0,63,48
BRDA:197,0,64,48
BRDA:197,0,65,48
BRDA:197,0,66,48
BRDA:197,0,67,48
BRDA:197,0,68,48
BRDA:197,0,69,48
BRDA:197,0,70,48
BRDA:197,0,71,48
BRDA:197,0,72,48
BRDA:197,0,73,48
BRDA:197,0,74,48
BRDA:197,0,75,48
BRDA:197,0,76,48
BRDA:197,0,77,48
BRDA:197,0,78,48
BRDA:197,0,79,48
BRDA:197,0,80,48
BRDA:197,0,81,48
BRDA:197,0,82,48
BRDA:197,0,83,48
BRDA:197,0,84,48
BRDA:197,0,85,48
BRDA:197,0,86,48
BRDA:197,0,87,48
BRDA:197,0,88,48
BRDA:197,0,89,48
BRDA:197,0,90,48
BRDA:197,0,91,48
BRDA:197,0,92,48
BRDA:197,0,93,48
BRDA:197,0,94,48
BRDA:197,0,95,48
DA:198,0
BRDA:198,0,0,0
BRDA:198,0,1,0
BRDA:198,0,2,0
BRDA:198,0,3,0
BRDA:198,0,4,0
BRDA:198,0,5,0
BRDA:198,0,6,0
BRDA:198,0,7,0
BRDA:198,0,8,0
BRDA:198,0,9,0
BRDA:198,0,10,0
BRDA:198,0,11,0
BRDA:198,0,12,0
BRDA:198,0,13,0
BRDA:198,0,14,0
BRDA:198,0,15,0
BRDA:198,0,16,0
BRDA:198,0,17,0
BRDA:198,0,18,0
BRDA:198,0,19,0
BRDA:198,0,20,0
BRDA:198,0,21,0
BRDA:198,0,22,0
BRDA:198,0,23,0
BRDA:198,0,24,0
BRDA:198,0,25,0
BRDA:198,0,26,0
BRDA:198,0,27,0
BRDA:198,0,28,0
BRDA:198,0,29,0
BRDA:198,0,30,0
BRDA:198,0,31,0
BRDA:198,0,32,0
BRDA:198,0,33,0
BRDA:198,0,34,0
BRDA:198,0,35,0
BRDA:198,0,36,0
BRDA:198,0,37,0
BRDA:198,0,38,0
BRDA:198,0,39,0
BRDA:198,0,40,0
BRDA:198,0,41,0
BRDA:198,0,42,0
BRDA:198,0,43,0
BRDA:198,0,44,0
BRDA:198,0,45,0
BRDA:198,0,46,0
BRDA:198,0,47,0
BRDA:198,0,48,0
BRDA:198,0,49,0
BRDA:198,0,50,0
BRDA:198,0,51,0
BRDA:198,0,52,0
BRDA:198,0,53,0
BRDA:198,0,54,0
BRDA:198,0,55,0
BRDA:198,0,56,0
BRDA:198,0,57,0
BRDA:198,0,58,0
BRDA:198,0,59,0
BRDA:198,0,60,0
BRDA:198,0,61,0
BRDA:198,0,62,0
BRDA:198,0,63,0
BRDA:198,0,64,0
BRDA:198,0,65,0
BRDA:198,0,66,0
BRDA:198,0,67,0
BRDA:198,0,68,0
BRDA:198,0,69,0
BRDA:198,0,70,0
BRDA:198,0,71,0
BRDA:198,0,72,0
BRDA:198,0,73,0
BRDA:198,0,74,0
BRDA:198,0,75,0
BRDA:198,0,76,0
BRDA:198,0,77,0
BRDA:198,0,78,0
BRDA:198,0,79,0
BRDA:198,0,80,0
BRDA:198,0,81,0
BRDA:198,0,82,0
BRDA:198,0,83,0
BRDA:198,0,84,0
BRDA:198,0,85,0
BRDA:198,0,86,0
BRDA:198,0,87,0
BRDA:198,0,88,0
BRDA:198,0,89,0
BRDA:198,0,90,0
BRDA:198,0,91,0
BRDA:198,0,92,0
BRDA:198,0,93,0
BRDA:198,0,94,0
BRDA:198,0,95,0
DA:199,52
BRDA:199,0,0,48
BRDA:199,0,1,48
BRDA:199,0,2,48
BRDA:199,0,3,48
BRDA:199,0,4,48
BRDA:199,0,5,48
BRDA:199,0,6,48
BRDA:199,0,7,48
BRDA:199,0,8,48
BRDA:199,0,9,48
BRDA:199,0,10,48
BRDA:199,0,11,48
BRDA:199,0,12,48
BRDA:199,0,13,48
BRDA:199,0,14,48
BRDA:199,0,15,48
BRDA:199,0,16,48
BRDA:199,0,17,48
BRDA:199,0,18,48
BRDA:199,0,19,48
BRDA:199,0,20,48
BRDA:199,0,21,48
BRDA:199,0,22,52
BRDA:199,0,23,52
BRDA:199,0,24,48
BRDA:199,0,25,48
BRDA:199,0,26,48
BRDA:199,0,27,48
BRDA:199,0,28,48
BRDA:199,0,29,48
BRDA:199,0,30,48
BRDA:199,0,31,48
BRDA:199,0,32,48
BRDA:199,0,33,48
BRDA:199,0,34,48
BRDA:199,0,35,48
BRDA:199,0,36,48
BRDA:199,0,37,48
BRDA:199,0,38,48
BRDA:199,0,39,48
BRDA:199,0,40,48
BRDA:199,0,41,48
BRDA:199,0,42,48
BRDA:199,0,43,48
BRDA:199,0,44,48
BRDA:199,0,45,48
BRDA:199,0,46,48
BRDA:199,0,47,48
BRDA:199,0,48,48
BRDA:199,0,49,48
BRDA:199,0,50,48
BRDA:199,0,51,48
BRDA:199,0,52,48
BRDA:199,0,53,48
BRDA:199,0,54,48
BRDA:199,0,55,48
BRDA:199,0,56,48
BRDA:199,0,57,48
BRDA:199,0,58,48
BRDA:199,0,59,48
BRDA:199,0,60,48
BRDA:199,0,61,48
BRDA:199,0,62,48
BRDA:199,0,63,48
BRDA:199,0,64,48
BRDA:199,0,65,48
BRDA:199,0,66,48
BRDA:199,0,67,48
BRDA:199,0,68,48
BRDA:199,0,69,48
BRDA:199,0,70,48
BRDA:199,0,71,48
BRDA:199,0,72,48
BRDA:199,0,73,48
BRDA:199,0,74,48
BRDA:199,0,75,48
BRDA:199,0,76,48
BRDA:199,0,77,48
BRDA:199,0,78,48
BRDA:199,0,79,48
BRDA:199,0,80,48
BRDA:199,0,81,48
BRDA:199,0,82,48
BRDA:199,0,83,48
BRDA:199,0,84,48
BRDA:199,0,85,48
BRDA:199,0,86,48
BRDA:199,0,87,48
BRDA:199,0,88,48
BRDA:199,0,89,48
BRDA:199,0,90,48
BRDA:199,0,91,48
BRDA:199,0,92,48
BRDA:199,0,93,48
BRDA:199,0,94,48
BRDA:199,0,95,48
DA:200,0
BRDA:200,0,0,0
BRDA:200,0,1,0
BRDA:200,0,2,0
BRDA:200,0,3,0
BRDA:200,0,4,0
BRDA:200,0,5,0
BRDA:200,0,6,0
BRDA:200,0,7,0
BRDA:200,0,8,0
BRDA:200,0,9,0
BRDA:200,0,10,0
BRDA:200,0,11,0
BRDA:200,0,12,0
BRDA:200,0,13,0
BRDA:200,0,14,0
BRDA:200,0,15,0
BRDA:200,0,16,0
BRDA:200,0,17,0
BRDA:200,0,18,0
BRDA:200,0,19,0
BRDA:200,0,20,0
BRDA:200,0,21,0
BRDA:200,0,22,0
BRDA:200,0,23,0
BRDA:200,0,24,0
BRDA:200,0,25,0
BRDA:200,0,26,0
BRDA:200,0,27,0
BRDA:200,0,28,0
BRDA:200,0,29,0
BRDA:200,0,30,0
BRDA:200,0,31,0
BRDA:200,0,32,0
BRDA:200,0,33,0
BRDA:200,0,34,0
BRDA:200,0,35,0
BRDA:200,0,36,0
BRDA:200,0,37,0
BRDA:200,0,38,0
BRDA:200,0,39,0
BRDA:200,0,40,0
BRDA:200,0,41,0
BRDA:200,0,42,0
BRDA:200,0,43,0
BRDA:200,0,44,0
BRDA:200,0,45,0
BRDA:200,0,46,0
BRDA:200,0,47,0
BRDA:200,0,48,0
BRDA:200,0,49,0
BRDA:200,0,50,0
BRDA:200,0,51,0
BRDA:200,0,52,0
BRDA:200,0,53,0
BRDA:200,0,54,0
BRDA:200,0,55,0
BRDA:200,0,56,0
BRDA:200,0,57,0
BRDA:200,0,58,0
BRDA:200,0,59,0
BRDA:200,0,60,0
BRDA:200,0,61,0
BRDA:200,0,62,0
BRDA:200,0,63,0
BRDA:200,0,64,0
BRDA:200,0,65,0
BRDA:200,0,66,0
BRDA:200,0,67,0
BRDA:200,0,68,0
BRDA:200,0,69,0
BRDA:200,0,70,0
BRDA:200,0,71,0
BRDA:200,0,72,0
BRDA:200,0,73,0
BRDA:200,0,74,0
BRDA:200,0,75,0
BRDA:200,0,76,0
BRDA:200,0,77,0
BRDA:200,0,78,0
BRDA:200,0,79,0
BRDA:200,0,80,0
BRDA:200,0,81,0
BRDA:200,0,82,0
BRDA:200,0,83,0
BRDA:200,0,84,0
BRDA:200,0,85,0
BRDA:200,0,86,0
BRDA:200,0,87,0
BRDA:200,0,88,0
BRDA:200,0,89,0
BRDA:200,0,90,0
BRDA:200,0,91,0
BRDA:200,0,92,0
BRDA:200,0,93,0
BRDA:200,0,94,0
BRDA:200,0,95,0
DA:201,2
BRDA:201,0,0,0
BRDA:201,0,1,0
BRDA:201,0,2,0
BRDA:201,0,3,0
BRDA:201,0,4,0
BRDA:201,0,5,0
BRDA:201,0,6,2
BRDA:201,0,7,1
BRDA:201,0,8,1
BRDA:201,0,9,1
BRDA:201,0,10,0
BRDA:201,0,11,0
DA:202,1
BRDA:202,0,0,0
BRDA:202,0,1,0
BRDA:202,0,2,0
BRDA:202,0,3,0
BRDA:202,0,4,0
BRDA:202,0,5,0
BRDA:202,0,6,1
BRDA:202,0,7,1
BRDA:202,0,8,0
BRDA:202,0,9,0
BRDA:202,0,10,0
BRDA:202,0,11,0
DA:205,9
BRDA:205,0,0,0
BRDA:205,0,1,0
BRDA:205,0,2,2
BRDA:205,0,3,2
BRDA:205,0,4,9
BRDA:205,0,5,8
BRDA:205,0,6,0
BRDA:205,0,7,0
BRDA:205,0,8,9
BRDA:205,0,9,8
BRDA:205,0,10,1
BRDA:205,0,11,0
BRDA:205,0,12,9
BRDA:205,0,13,9
BRDA:205,0,14,1
BRDA:205,0,15,0
BRDA:205,0,16,0
BRDA:205,0,17,0
BRDA:205,0,18,0
BRDA:205,0,19,0
BRDA:205,0,20,0
BRDA:205,0,21,0
BRDA:205,0,22,0
BRDA:205,0,23,0
BRDA:205,0,24,1
BRDA:205,0,25,0
BRDA:205,0,26,0
BRDA:205,0,27,0
BRDA:205,0,28,1
BRDA:205,0,29,0
BRDA:205,0,30,1
BRDA:205,0,31,0
BRDA:205,0,32,1
BRDA:205,0,33,0
BRDA:205,0,34,1
BRDA:205,0,35,0
BRDA:205,0,36,1
BRDA:205,0,37,0
BRDA:205,0,38,1
BRDA:205,0,39,0
BRDA:205,0,40,1
BRDA:205,0,41,0
BRDA:205,0,42,1
BRDA:205,0,43,0
BRDA:205,0,44,0
BRDA:205,0,45,0
BRDA:205,0,46,1
BRDA:205,0,47,0
BRDA:205,0,48,1
BRDA:205,0,49,0
BRDA:205,0,50,0
BRDA:205,0,51,0
BRDA:205,0,52,0
BRDA:205,0,53,0
BRDA:205,0,54,0
BRDA:205,0,55,0
BRDA:205,0,56,0
BRDA:205,0,57,0
BRDA:205,0,58,6
BRDA:205,0,59,6
BRDA:205,0,60,6
BRDA:205,0,61,6
BRDA:205,0,62,8
BRDA:205,0,63,7
DA:206,3407
BRDA:206,0,0,6
BRDA:206,0,1,6
BRDA:206,0,2,1
BRDA:206,0,3,0
BRDA:206,0,4,1
BRDA:206,0,5,0
BRDA:206,0,6,1
BRDA:206,0,7,0
BRDA:206,0,8,0
BRDA:206,0,9,0
BRDA:206,0,10,1
BRDA:206,0,11,0
BRDA:206,0,12,0
BRDA:206,0,13,0
BRDA:206,0,14,2
BRDA:206,0,15,2
BRDA:206,0,16,9
BRDA:206,0,17,8
BRDA:206,0,18,1
BRDA:206,0,19,0
BRDA:206,0,20,9
BRDA:206,0,21,9
BRDA:206,0,22,1
BRDA:206,0,23,0
BRDA:206,0,24,9
BRDA:206,0,25,9
BRDA:206,0,26,0
BRDA:206,0,27,0
BRDA:206,0,28,9
BRDA:206,0,29,8
BRDA:206,0,30,0
BRDA:206,0,31,0
BRDA:206,0,32,291
BRDA:206,0,33,3407
BRDA:206,0,34,3407
BRDA:206,0,35,291
DA:207,9
BRDA:207,0,0,6
BRDA:207,0,1,6
BRDA:207,0,2,1
BRDA:207,0,3,0
BRDA:207,0,4,1
BRDA:207,0,5,0
BRDA:207,0,6,1
BRDA:207,0,7,0
BRDA:207,0,8,0
BRDA:207,0,9,0
BRDA:207,0,10,1
BRDA:207,0,11,0
BRDA:207,0,12,0
BRDA:207,0,13,0
BRDA:207,0,14,0
BRDA:207,0,15,0
BRDA:207,0,16,2
BRDA:207,0,17,2
BRDA:207,0,18,9
BRDA:207,0,19,8
BRDA:207,0,20,1
BRDA:207,0,21,0
BRDA:207,0,22,9
BRDA:207,0,23,9
BRDA:207,0,24,1
BRDA:207,0,25,0
BRDA:207,0,26,9
BRDA:207,0,27,9
BRDA:207,0,28,0
BRDA:207,0,29,0
BRDA:207,0,30,9
BRDA:207,0,31,9
BRDA:207,0,32,9
BRDA:207,0,33,8
DA:208,54
BRDA:208,0,0,54
BRDA:208,0,1,54
DA:209,54
BRDA:209,0,0,54
BRDA:209,0,1,54
DA:210,1
BRDA:210,0,0,0
BRDA:210,0,1,0
BRDA:210,0,2,1
BRDA:210,0,3,0
BRDA:210,0,4,1
BRDA:210,0,5,0
BRDA:210,0,6,1
BRDA:210,0,7,0
BRDA:210,0,8,1
BRDA:210,0,9,0
BRDA:210,0,10,1
BRDA:210,0,11,0
BRDA:210,0,12,1
BRDA:210,0,13,0
BRDA:210,0,14,1
BRDA:210,0,15,0
BRDA:210,0,16,1
BRDA:210,0,17,0
BRDA:210,0,18,0
BRDA:210,0,19,0
BRDA:210,0,20,0
BRDA:210,0,21,0
BRDA:210,0,22,0
BRDA:210,0,23,0
BRDA:210,0,24,0
BRDA:210,0,25,0
BRDA:210,0,26,0
BRDA:210,0,27,0
BRDA:210,0,28,1
BRDA:210,0,29,0
BRDA:210,0,30,1
BRDA:210,0,31,0
BRDA:210,0,32,1
BRDA:210,0,33,0
DA:211,1
BRDA:211,0,0,0
BRDA:211,0,1,0
BRDA:211,0,2,0
BRDA:211,0,3,0
BRDA:211,0,4,0
BRDA:211,0,5,0
BRDA:211,0,6,0
BRDA:211,0,7,0
BRDA:211,0,8,0
BRDA:211,0,9,0
BRDA:211,0,10,0
BRDA:211,0,11,0
BRDA:211,0,12,0
BRDA:211,0,13,0
BRDA:211,0,14,0
BRDA:211,0,15,0
BRDA:211,0,16,0
BRDA:211,0,17,0
BRDA:211,0,18,1
BRDA:211,0,19,0
BRDA:211,0,20,0
BRDA:211,0,21,0
BRDA:211,0,22,0
BRDA:211,0,23,0
BRDA:211,0,24,0
BRDA:211,0,25,0
BRDA:211,0,26,0
BRDA:211,0,27,0
BRDA:211,0,28,0
BRDA:211,0,29,0
BRDA:211,0,30,1
BRDA:211,0,31,1
BRDA:211,0,32,0
BRDA:211,0,33,0
BRDA:211,0,34,0
BRDA:211,0,35,0
DA:212,1
BRDA:212,0,0,0
BRDA:212,0,1,0
BRDA:212,0,2,0
BRDA:212,0,3,0
BRDA:212,0,4,0
BRDA:212,0,5,0
BRDA:212,0,6,0
BRDA:212,0,7,0
BRDA:212,0,8,0
BRDA:212,0,9,0
BRDA:212,0,10,0
BRDA:212,0,11,0
BRDA:212,0,12,0
BRDA:212,0,13,0
BRDA:212,0,14,1
BRDA:212,0,15,0
BRDA:212,0,16,0
BRDA:212,0,17,0
BRDA:212,0,18,0
BRDA:212,0,19,0
BRDA:212,0,20,0
BRDA:212,0,21,0
BRDA:212,0,22,0
BRDA:212,0,23,0
BRDA:212,0,24,0
BRDA:212,0,25,0
BRDA:212,0,26,1
BRDA:212,0,27,1
BRDA:212,0,28,0
BRDA:212,0,29,0
BRDA:212,0,30,0
BRDA:212,0,31,0
DA:215,154
BRDA:215,0,0,136
BRDA:215,0,1,136
BRDA:215,0,2,0
BRDA:215,0,3,0
BRDA:215,0,4,0
BRDA:215,0,5,0
BRDA:215,0,6,0
BRDA:215,0,7,0
BRDA:215,0,8,0
BRDA:215,0,9,0
BRDA:215,0,10,0
BRDA:215,0,11,0
BRDA:215,0,12,0
BRDA:215,0,13,0
BRDA:215,0,14,0
BRDA:215,0,15,0
BRDA:215,0,16,0
BRDA:215,0,17,0
BRDA:215,0,18,0
BRDA:215,0,19,0
BRDA:215,0,20,0
BRDA:215,0,21,0
BRDA:215,0,22,68
BRDA:215,0,23,68
BRDA:215,0,24,0
BRDA:215,0,25,0
BRDA:215,0,26,0
BRDA:215,0,27,0
BRDA:215,0,28,0
BRDA:215,0,29,0
BRDA:215,0,30,0
BRDA:215,0,31,0
BRDA:215,0,32,0
BRDA:215,0,33,0
BRDA:215,0,34,0
BRDA:215,0,35,0
BRDA:215,0,36,0
BRDA:215,0,37,0
BRDA:215,0,38,0
BRDA:215,0,39,0
BRDA:215,0,40,0
BRDA:215,0,41,0
BRDA:215,0,42,0
BRDA:215,0,43,0
BRDA:215,0,44,154
BRDA:215,0,45,154
BRDA:215,0,46,0
BRDA:215,0,47,0
BRDA:215,0,48,0
BRDA:215,0,49,0
BRDA:215,0,50,77
BRDA:215,0,51,77
BRDA:215,0,52,68
BRDA:215,0,53,67
BRDA:215,0,54,0
BRDA:215,0,55,0
BRDA:215,0,56,0
BRDA:215,0,57,0
BRDA:215,0,58,0
BRDA:215,0,59,0
BRDA:215,0,60,0
BRDA:215,0,61,0
BRDA:215,0,62,0
BRDA:215,0,63,0
DA:216,118
BRDA:216,0,0,118
BRDA:216,0,1,117
BRDA:216,0,2,0
BRDA:216,0,3,0
BRDA:216,0,4,0
BRDA:216,0,5,0
BRDA:216,0,6,0
BRDA:216,0,7,0
BRDA:216,0,8,0
BRDA:216,0,9,0
BRDA:216,0,10,0
BRDA:216,0,11,0
BRDA:216,0,12,0
BRDA:216,0,13,0
BRDA:216,0,14,0
BRDA:216,0,15,0
BRDA:216,0,16,0
BRDA:216,0,17,0
BRDA:216,0,18,0
BRDA:216,0,19,0
BRDA:216,0,20,0
BRDA:216,0,21,0
BRDA:216,0,22,59
BRDA:216,0,23,58
BRDA:216,0,24,0
BRDA:216,0,25,0
BRDA:216,0,26,0
BRDA:216,0,27,0
BRDA:216,0,28,0
BRDA:216,0,29,0
BRDA:216,0,30,0
BRDA:216,0,31,0
BRDA:216,0,32,0
BRDA:216,0,33,0
BRDA:216,0,34,0
BRDA:216,0,35,0
BRDA:216,0,36,0
BRDA:216,0,37,0
BRDA:216,0,38,0
BRDA:216,0,39,0
BRDA:216,0,40,0
BRDA:216,0,41,0
BRDA:216,0,42,0
BRDA:216,0,43,0
BRDA:216,0,44,34
BRDA:216,0,45,34
BRDA:216,0,46,0
BRDA:216,0,47,0
BRDA:216,0,48,0
BRDA:216,0,49,0
BRDA:216,0,50,0
BRDA:216,0,51,0
BRDA:216,0,52,1
BRDA:216,0,53,0
BRDA:216,0,54,0
BRDA:216,0,55,0
BRDA:216,0,56,0
BRDA:216,0,57,0
BRDA:216,0,58,0
BRDA:216,0,59,0
BRDA:216,0,60,0
BRDA:216,0,61,0
BRDA:216,0,62,0
BRDA:216,0,63,0
DA:217,118
BRDA:217,0,0,118
BRDA:217,0,1,117
BRDA:217,0,2,0
BRDA:217,0,3,0
BRDA:217,0,4,0
BRDA:217,0,5,0
BRDA:217,0,6,0
BRDA:217,0,7,0
BRDA:217,0,8,0
BRDA:217,0,9,0
BRDA:217,0,10,0
BRDA:217,0,11,0
BRDA:217,0,12,0
BRDA:217,0,13,0
BRDA:217,0,14,0
BRDA:217,0,15,0
BRDA:217,0,16,0
BRDA:217,0,17,0
BRDA:217,0,18,0
BRDA:217,0,19,0
BRDA:217,0,20,0
BRDA:217,0,21,0
BRDA:217,0,22,59
BRDA:217,0,23,58
BRDA:217,0,24,0
BRDA:217,0,25,0
BRDA:217,0,26,0
BRDA:217,0,27,0
BRDA:217,0,28,0
BRDA:217,0,29,0
BRDA:217,0,30,0
BRDA:217,0,31,0
BRDA:217,0,32,0
BRDA:217,0,33,0
BRDA:217,0,34,0
BRDA:217,0,35,0
BRDA:217,0,36,0
BRDA:217,0,37,0
BRDA:217,0,38,0
BRDA:217,0,39,0
BRDA:217,0,40,0
BRDA:217,0,41,0
BRDA:217,0,42,0
BRDA:217,0,43,0
BRDA:217,0,44,74
BRDA:217,0,45,74
BRDA:217,0,46,0
BRDA:217,0,47,0
BRDA:217,0,48,0
BRDA:217,0,49,0
BRDA:217,0,50,57
BRDA:217,0,51,56
BRDA:217,0,52,1
BRDA:217,0,53,0
BRDA:217,0,54,0
BRDA:217,0,55,0
BRDA:217,0,56,0
BRDA:217,0,57,0
BRDA:217,0,58,0
BRDA:217,0,59,0
BRDA:217,0,60,0
BRDA:217,0,61,0
BRDA:217,0,62,0
BRDA:217,0,63,0
DA:218,57
BRDA:218,0,0,57
BRDA:218,0,1,56
BRDA:218,0,2,0
BRDA:218,0,3,0
BRDA:218,0,4,0
BRDA:218,0,5,0
BRDA:218,0,6,0
BRDA:218,0,7,0
BRDA:218,0,8,0
BRDA:218,0,9,0
BRDA:218,0,10,0
BRDA:218,0,11,0
BRDA:218,0,12,0
BRDA:218,0,13,0
BRDA:218,0,14,0
BRDA:218,0,15,0
BRDA:218,0,16,0
BRDA:218,0,17,0
BRDA:218,0,18,0
BRDA:218,0,19,0
BRDA:218,0,20,0
BRDA:218,0,21,0
BRDA:218,0,22,32
BRDA:218,0,23,32
[...]
BRDA:64,0,15,0
BRDA:64,0,16,1
BRDA:64,0,17,0
BRDA:64,0,18,0
BRDA:64,0,19,0
BRDA:64,0,20,0
BRDA:64,0,21,0
BRDA:64,0,22,0
BRDA:64,0,23,0
BRDA:64,0,24,1
BRDA:64,0,25,1
BRDA:64,0,26,0
BRDA:64,0,27,0
BRDA:64,0,28,0
BRDA:64,0,29,0
BRDA:64,0,30,0
BRDA:64,0,31,0
BRDA:64,0,32,0
BRDA:64,0,33,0
BRDA:64,0,34,1
BRDA:64,0,35,0
BRDA:64,0,36,0
BRDA:64,0,37,0
BRDA:64,0,38,0
BRDA:64,0,39,0
BRDA:64,0,40,1
BRDA:64,0,41,1
BRDA:64,0,42,0
BRDA:64,0,43,0
BRDA:64,0,44,0
BRDA:64,0,45,0
BRDA:64,0,46,0
BRDA:64,0,47,0
BRDA:64,0,48,1
BRDA:64,0,49,0
BRDA:64,0,50,1
BRDA:64,0,51,0
BRDA:64,0,52,0
BRDA:64,0,53,0
BRDA:64,0,54,0
BRDA:64,0,55,0
BRDA:64,0,56,1
BRDA:64,0,57,1
BRDA:64,0,58,0
BRDA:64,0,59,0
BRDA:64,0,60,0
BRDA:64,0,61,0
BRDA:64,0,62,0
BRDA:64,0,63,0
DA:67,5
BRDA:67,0,0,5
BRDA:67,0,1,5
DA:68,24
BRDA:68,0,0,24
BRDA:68,0,1,24
BRDA:68,0,2,0
BRDA:68,0,3,0
BRDA:68,0,4,0
BRDA:68,0,5,0
BRDA:68,0,6,12
BRDA:68,0,7,12
BRDA:68,0,8,10
BRDA:68,0,9,10
BRDA:68,0,10,0
BRDA:68,0,11,0
BRDA:68,0,12,0
BRDA:68,0,13,0
BRDA:68,0,14,0
BRDA:68,0,15,0
BRDA:68,0,16,0
BRDA:68,0,17,0
BRDA:68,0,18,0
BRDA:68,0,19,0
BRDA:68,0,20,0
BRDA:68,0,21,0
BRDA:68,0,22,0
BRDA:68,0,23,0
DA:69,2
BRDA:69,0,0,2
BRDA:69,0,1,2
BRDA:69,0,2,1
BRDA:69,0,3,1
BRDA:69,0,4,1
BRDA:69,0,5,1
BRDA:69,0,6,0
BRDA:69,0,7,0
BRDA:69,0,8,0
BRDA:69,0,9,0
BRDA:69,0,10,0
BRDA:69,0,11,0
BRDA:69,0,12,0
BRDA:69,0,13,0
BRDA:69,0,14,0
BRDA:69,0,15,0
DA:83,3630
BRDA:83,0,0,65
BRDA:83,0,1,65
BRDA:83,0,2,3577
BRDA:83,0,3,3630
BRDA:83,0,4,65
DA:88,3697
DA:89,3677
BRDA:89,0,0,3677
BRDA:89,0,1,20
BRDA:89,0,2,3677
BRDA:89,0,3,20
DA:90,20
DA:91,20
DA:92,20
DA:93,20
DA:94,20
DA:95,3677
DA:98,3677
DA:104,3668
BRDA:104,0,0,9
BRDA:104,0,1,3668
DA:105,9
DA:108,3677
DA:109,3667
DA:110,3607
BRDA:110,0,0,60
BRDA:110,0,1,3607
DA:115,46
BRDA:115,0,0,46
BRDA:115,0,1,10
BRDA:115,0,2,46
BRDA:115,0,3,13
DA:117,46
DA:118,46
DA:119,9
BRDA:119,0,0,9
BRDA:119,0,1,4
BRDA:119,0,2,1
BRDA:119,0,3,9
DA:121,9
DA:122,9
DA:123,9
DA:124,4
BRDA:124,0,0,4
BRDA:124,0,1,1
BRDA:124,0,2,1
BRDA:124,0,3,1
BRDA:124,0,4,4
DA:126,4
DA:127,4
DA:128,4
DA:129,1
DA:131,1
DA:132,1
DA:133,1
DA:139,10
DA:142,5
BRDA:142,0,0,5
BRDA:142,0,1,5
BRDA:142,0,2,5
BRDA:142,0,3,5
BRDA:142,0,4,5
DA:143,5
DA:144,5
DA:149,0
DA:152,0
BRF:227
BRH:44
end_of_record
SF:rtl/stats.v
DA:22,3697
BRDA:22,0,0,3697
BRDA:22,0,1,3696
DA:23,1
BRDA:23,0,0,1
BRDA:23,0,1,0
DA:24,9
BRDA:24,0,0,9
BRDA:24,0,1,9
DA:25,6
BRDA:25,0,0,6
BRDA:25,0,1,6
DA:26,3
BRDA:26,0,0,3
BRDA:26,0,1,3
DA:27,5
BRDA:27,0,0,5
BRDA:27,0,1,5
DA:28,3
BRDA:28,0,0,3
BRDA:28,0,1,3
DA:29,0
BRDA:29,0,0,0
BRDA:29,0,1,0
BRDA:29,0,2,0
BRDA:29,0,3,0
BRDA:29,0,4,0
BRDA:29,0,5,0
BRDA:29,0,6,0
BRDA:29,0,7,0
BRDA:29,0,8,0
BRDA:29,0,9,0
BRDA:29,0,10,0
BRDA:29,0,11,0
BRDA:29,0,12,0
BRDA:29,0,13,0
BRDA:29,0,14,0
BRDA:29,0,15,0
DA:30,5
BRDA:30,0,0,5
BRDA:30,0,1,5
BRDA:30,0,2,0
BRDA:30,0,3,0
BRDA:30,0,4,0
BRDA:30,0,5,0
BRDA:30,0,6,0
BRDA:30,0,7,0
BRDA:30,0,8,0
BRDA:30,0,9,0
BRDA:30,0,10,0
BRDA:30,0,11,0
BRDA:30,0,12,0
BRDA:30,0,13,0
BRDA:30,0,14,0
BRDA:30,0,15,0
BRDA:30,0,16,0
BRDA:30,0,17,0
BRDA:30,0,18,0
BRDA:30,0,19,0
BRDA:30,0,20,0
BRDA:30,0,21,0
BRDA:30,0,22,2
BRDA:30,0,23,2
BRDA:30,0,24,0
BRDA:30,0,25,0
BRDA:30,0,26,0
BRDA:30,0,27,0
BRDA:30,0,28,0
BRDA:30,0,29,0
BRDA:30,0,30,0
BRDA:30,0,31,0
BRDA:30,0,32,0
BRDA:30,0,33,0
BRDA:30,0,34,0
BRDA:30,0,35,0
BRDA:30,0,36,0
BRDA:30,0,37,0
BRDA:30,0,38,0
BRDA:30,0,39,0
BRDA:30,0,40,0
BRDA:30,0,41,0
BRDA:30,0,42,0
BRDA:30,0,43,0
BRDA:30,0,44,2
BRDA:30,0,45,1
BRDA:30,0,46,0
BRDA:30,0,47,0
BRDA:30,0,48,0
BRDA:30,0,49,0
BRDA:30,0,50,0
BRDA:30,0,51,0
BRDA:30,0,52,0
BRDA:30,0,53,0
BRDA:30,0,54,0
BRDA:30,0,55,0
BRDA:30,0,56,0
BRDA:30,0,57,0
BRDA:30,0,58,0
BRDA:30,0,59,0
BRDA:30,0,60,0
BRDA:30,0,61,0
BRDA:30,0,62,0
BRDA:30,0,63,0
DA:31,3
BRDA:31,0,0,3
BRDA:31,0,1,3
BRDA:31,0,2,0
BRDA:31,0,3,0
BRDA:31,0,4,0
BRDA:31,0,5,0
BRDA:31,0,6,0
BRDA:31,0,7,0
BRDA:31,0,8,0
BRDA:31,0,9,0
BRDA:31,0,10,0
BRDA:31,0,11,0
BRDA:31,0,12,0
BRDA:31,0,13,0
BRDA:31,0,14,0
BRDA:31,0,15,0
BRDA:31,0,16,0
BRDA:31,0,17,0
BRDA:31,0,18,0
BRDA:31,0,19,0
BRDA:31,0,20,0
BRDA:31,0,21,0
BRDA:31,0,22,2
BRDA:31,0,23,1
BRDA:31,0,24,0
BRDA:31,0,25,0
BRDA:31,0,26,0
BRDA:31,0,27,0
BRDA:31,0,28,0
BRDA:31,0,29,0
BRDA:31,0,30,0
BRDA:31,0,31,0
BRDA:31,0,32,0
BRDA:31,0,33,0
BRDA:31,0,34,0
BRDA:31,0,35,0
BRDA:31,0,36,0
BRDA:31,0,37,0
BRDA:31,0,38,0
BRDA:31,0,39,0
BRDA:31,0,40,0
BRDA:31,0,41,0
BRDA:31,0,42,0
BRDA:31,0,43,0
BRDA:31,0,44,1
BRDA:31,0,45,1
BRDA:31,0,46,0
BRDA:31,0,47,0
BRDA:31,0,48,0
BRDA:31,0,49,0
BRDA:31,0,50,0
BRDA:31,0,51,0
BRDA:31,0,52,0
BRDA:31,0,53,0
BRDA:31,0,54,0
BRDA:31,0,55,0
BRDA:31,0,56,0
BRDA:31,0,57,0
BRDA:31,0,58,0
BRDA:31,0,59,0
BRDA:31,0,60,0
BRDA:31,0,61,0
BRDA:31,0,62,0
BRDA:31,0,63,0
DA:32,2
BRDA:32,0,0,2
BRDA:32,0,1,2
BRDA:32,0,2,0
BRDA:32,0,3,0
BRDA:32,0,4,0
BRDA:32,0,5,0
BRDA:32,0,6,0
BRDA:32,0,7,0
BRDA:32,0,8,0
BRDA:32,0,9,0
BRDA:32,0,10,0
BRDA:32,0,11,0
BRDA:32,0,12,0
BRDA:32,0,13,0
BRDA:32,0,14,0
BRDA:32,0,15,0
BRDA:32,0,16,0
BRDA:32,0,17,0
BRDA:32,0,18,0
BRDA:32,0,19,0
BRDA:32,0,20,0
BRDA:32,0,21,0
BRDA:32,0,22,1
BRDA:32,0,23,0
BRDA:32,0,24,0
BRDA:32,0,25,0
BRDA:32,0,26,0
BRDA:32,0,27,0
BRDA:32,0,28,0
BRDA:32,0,29,0
BRDA:32,0,30,0
BRDA:32,0,31,0
BRDA:32,0,32,0
BRDA:32,0,33,0
BRDA:32,0,34,0
BRDA:32,0,35,0
BRDA:32,0,36,0
BRDA:32,0,37,0
BRDA:32,0,38,0
BRDA:32,0,39,0
BRDA:32,0,40,0
BRDA:32,0,41,0
BRDA:32,0,42,0
BRDA:32,0,43,0
BRDA:32,0,44,0
BRDA:32,0,45,0
BRDA:32,0,46,0
BRDA:32,0,47,0
BRDA:32,0,48,0
BRDA:32,0,49,0
BRDA:32,0,50,0
BRDA:32,0,51,0
BRDA:32,0,52,0
BRDA:32,0,53,0
BRDA:32,0,54,0
BRDA:32,0,55,0
BRDA:32,0,56,0
BRDA:32,0,57,0
BRDA:32,0,58,0
BRDA:32,0,59,0
BRDA:32,0,60,0
BRDA:32,0,61,0
BRDA:32,0,62,0
BRDA:32,0,63,0
DA:33,2
BRDA:33,0,0,2
BRDA:33,0,1,2
DA:34,0
BRDA:34,0,0,0
BRDA:34,0,1,0
BRDA:34,0,2,0
BRDA:34,0,3,0
BRDA:34,0,4,0
BRDA:34,0,5,0
BRDA:34,0,6,0
BRDA:34,0,7,0
BRDA:34,0,8,0
BRDA:34,0,9,0
BRDA:34,0,10,0
BRDA:34,0,11,0
BRDA:34,0,12,0
BRDA:34,0,13,0
BRDA:34,0,14,0
BRDA:34,0,15,0
DA:40,3697
DA:41,3677
BRDA:41,0,0,3677
BRDA:41,0,1,20
BRDA:41,0,2,3677
BRDA:41,0,3,20
DA:43,20
DA:44,20
DA:45,20
DA:46,20
DA:47,20
DA:48,3677
DA:52,3674
BRDA:52,0,0,3
BRDA:52,0,1,3674
DA:53,3
DA:54,3
DA:55,3
DA:56,3
DA:57,3674
DA:58,3665
BRDA:58,0,0,9
BRDA:58,0,1,3665
DA:60,9
BRDA:60,0,0,9
BRDA:60,0,1,0
DA:61,9
DA:64,6
BRDA:64,0,0,6
BRDA:64,0,1,3
BRDA:64,0,2,0
BRDA:64,0,3,3
BRDA:64,0,4,6
DA:65,6
DA:66,6
BRDA:66,0,0,3
BRDA:66,0,1,6
BRDA:66,0,2,0
BRDA:66,0,3,6
BRDA:66,0,4,3
DA:67,3
DA:71,3669
BRDA:71,0,0,5
BRDA:71,0,1,3669
DA:72,5
DA:77,3668
BRDA:77,0,0,9
BRDA:77,0,1,3668
DA:78,9
BRF:264
BRH:10
end_of_record
SF:rtl/weight_ram.v
DA:27,3697
BRDA:27,0,0,3697
BRDA:27,0,1,3696
DA:28,1
BRDA:28,0,0,1
BRDA:28,0,1,0
DA:31,343
BRDA:31,0,0,343
BRDA:31,0,1,343
BRDA:31,0,2,0
BRDA:31,0,3,0
BRDA:31,0,4,0
BRDA:31,0,5,0
BRDA:31,0,6,0
BRDA:31,0,7,0
BRDA:31,0,8,0
BRDA:31,0,9,0
BRDA:31,0,10,0
BRDA:31,0,11,0
BRDA:31,0,12,0
BRDA:31,0,13,0
BRDA:31,0,14,232
BRDA:31,0,15,232
BRDA:31,0,16,255
BRDA:31,0,17,255
BRDA:31,0,18,206
BRDA:31,0,19,206
BRDA:31,0,20,199
BRDA:31,0,21,199
BRDA:31,0,22,0
BRDA:31,0,23,0
BRDA:31,0,24,0
BRDA:31,0,25,0
BRDA:31,0,26,0
BRDA:31,0,27,0
BRDA:31,0,28,0
BRDA:31,0,29,0
BRDA:31,0,30,0
BRDA:31,0,31,0
DA:32,12
BRDA:32,0,0,12
BRDA:32,0,1,11
BRDA:32,0,2,1
BRDA:32,0,3,0
BRDA:32,0,4,0
BRDA:32,0,5,0
BRDA:32,0,6,0
BRDA:32,0,7,0
BRDA:32,0,8,1
BRDA:32,0,9,0
BRDA:32,0,10,0
BRDA:32,0,11,0
BRDA:32,0,12,1
BRDA:32,0,13,0
BRDA:32,0,14,11
BRDA:32,0,15,11
BRDA:32,0,16,7
BRDA:32,0,17,6
BRDA:32,0,18,6
BRDA:32,0,19,6
BRDA:32,0,20,0
BRDA:32,0,21,0
BRDA:32,0,22,1
BRDA:32,0,23,0
BRDA:32,0,24,0
BRDA:32,0,25,0
BRDA:32,0,26,1
BRDA:32,0,27,0
BRDA:32,0,28,1
BRDA:32,0,29,0
BRDA:32,0,30,0
BRDA:32,0,31,0
DA:33,240
BRDA:33,0,0,240
BRDA:33,0,1,240
DA:34,43
BRDA:34,0,0,43
BRDA:34,0,1,42
BRDA:34,0,2,17
BRDA:34,0,3,16
BRDA:34,0,4,0
BRDA:34,0,5,0
BRDA:34,0,6,0
BRDA:34,0,7,0
BRDA:34,0,8,17
BRDA:34,0,9,16
BRDA:34,0,10,0
BRDA:34,0,11,0
BRDA:34,0,12,17
BRDA:34,0,13,16
BRDA:34,0,14,26
BRDA:34,0,15,26
BRDA:34,0,16,39
BRDA:34,0,17,38
BRDA:34,0,18,22
BRDA:34,0,19,22
BRDA:34,0,20,0
BRDA:34,0,21,0
BRDA:34,0,22,17
BRDA:34,0,23,16
BRDA:34,0,24,0
BRDA:34,0,25,0
BRDA:34,0,26,17
BRDA:34,0,27,16
BRDA:34,0,28,17
BRDA:34,0,29,16
BRDA:34,0,30,0
BRDA:34,0,31,0
DA:37,32
BRDA:37,0,0,32
BRDA:37,0,1,31
BRDA:37,0,2,0
BRDA:37,0,3,0
BRDA:37,0,4,0
BRDA:37,0,5,0
BRDA:37,0,6,0
BRDA:37,0,7,0
BRDA:37,0,8,0
BRDA:37,0,9,0
BRDA:37,0,10,0
BRDA:37,0,11,0
BRDA:37,0,12,0
BRDA:37,0,13,0
BRDA:37,0,14,16
BRDA:37,0,15,16
BRDA:37,0,16,8
BRDA:37,0,17,8
BRDA:37,0,18,4
BRDA:37,0,19,4
BRDA:37,0,20,2
BRDA:37,0,21,2
BRDA:37,0,22,0
BRDA:37,0,23,0
BRDA:37,0,24,0
BRDA:37,0,25,0
BRDA:37,0,26,0
BRDA:37,0,27,0
BRDA:37,0,28,0
BRDA:37,0,29,0
BRDA:37,0,30,0
BRDA:37,0,31,0
DA:38,17
BRDA:38,0,0,17
BRDA:38,0,1,17
BRDA:38,0,2,10
BRDA:38,0,3,10
BRDA:38,0,4,4
BRDA:38,0,5,4
BRDA:38,0,6,2
BRDA:38,0,7,2
BRDA:38,0,8,2
BRDA:38,0,9,2
BRDA:38,0,10,1
BRDA:38,0,11,1
BRDA:38,0,12,1
BRDA:38,0,13,1
BRDA:38,0,14,12
BRDA:38,0,15,11
BRDA:38,0,16,13
BRDA:38,0,17,13
BRDA:38,0,18,10
BRDA:38,0,19,10
BRDA:38,0,20,8
BRDA:38,0,21,8
BRDA:38,0,22,14
BRDA:38,0,23,14
BRDA:38,0,24,7
BRDA:38,0,25,7
BRDA:38,0,26,12
BRDA:38,0,27,12
BRDA:38,0,28,7
BRDA:38,0,29,7
BRDA:38,0,30,12
BRDA:38,0,31,12
DA:39,30
BRDA:39,0,0,30
BRDA:39,0,1,30
DA:40,31
BRDA:40,0,0,31
BRDA:40,0,1,30
BRDA:40,0,2,19
BRDA:40,0,3,18
BRDA:40,0,4,8
BRDA:40,0,5,8
BRDA:40,0,6,4
BRDA:40,0,7,4
BRDA:40,0,8,3
BRDA:40,0,9,2
BRDA:40,0,10,2
BRDA:40,0,11,2
BRDA:40,0,12,1
BRDA:40,0,13,0
BRDA:40,0,14,14
BRDA:40,0,15,14
BRDA:40,0,16,23
BRDA:40,0,17,22
BRDA:40,0,18,18
BRDA:40,0,19,18
BRDA:40,0,20,10
BRDA:40,0,21,10
BRDA:40,0,22,27
BRDA:40,0,23,26
BRDA:40,0,24,14
BRDA:40,0,25,14
BRDA:40,0,26,23
BRDA:40,0,27,22
BRDA:40,0,28,13
BRDA:40,0,29,12
BRDA:40,0,30,24
BRDA:40,0,31,24
DA:41,1
BRDA:41,0,0,1
BRDA:41,0,1,1
DA:42,1
BRDA:42,0,0,1
BRDA:42,0,1,0
BRDA:42,0,2,1
BRDA:42,0,3,0
BRDA:42,0,4,0
BRDA:42,0,5,0
BRDA:42,0,6,0
BRDA:42,0,7,0
BRDA:42,0,8,1
BRDA:42,0,9,0
BRDA:42,0,10,0
BRDA:42,0,11,0
BRDA:42,0,12,1
BRDA:42,0,13,0
BRDA:42,0,14,0
BRDA:42,0,15,0
BRDA:42,0,16,1
BRDA:42,0,17,0
BRDA:42,0,18,0
BRDA:42,0,19,0
BRDA:42,0,20,0
BRDA:42,0,21,0
BRDA:42,0,22,1
BRDA:42,0,23,0
BRDA:42,0,24,0
BRDA:42,0,25,0
BRDA:42,0,26,1
BRDA:42,0,27,0
BRDA:42,0,28,1
BRDA:42,0,29,0
BRDA:42,0,30,0
BRDA:42,0,31,0
DA:43,1
BRDA:43,0,0,1
BRDA:43,0,1,1
DA:58,1
BRDA:58,0,0,1
BRDA:58,0,1,1
DA:59,15
BRDA:59,0,0,15
BRDA:59,0,1,14
BRDA:59,0,2,0
BRDA:59,0,3,0
BRDA:59,0,4,0
BRDA:59,0,5,0
BRDA:59,0,6,0
BRDA:59,0,7,0
BRDA:59,0,8,0
BRDA:59,0,9,0
BRDA:59,0,10,0
BRDA:59,0,11,0
BRDA:59,0,12,0
BRDA:59,0,13,0
BRDA:59,0,14,7
BRDA:59,0,15,7
BRDA:59,0,16,4
BRDA:59,0,17,3
BRDA:59,0,18,2
BRDA:59,0,19,1
BRDA:59,0,20,1
BRDA:59,0,21,0
BRDA:59,0,22,0
BRDA:59,0,23,0
BRDA:59,0,24,0
BRDA:59,0,25,0
BRDA:59,0,26,0
BRDA:59,0,27,0
BRDA:59,0,28,0
BRDA:59,0,29,0
BRDA:59,0,30,0
BRDA:59,0,31,0
DA:68,47
BRDA:68,0,0,47
BRDA:68,0,1,46
BRDA:68,0,2,0
BRDA:68,0,3,0
BRDA:68,0,4,0
BRDA:68,0,5,0
BRDA:68,0,6,0
BRDA:68,0,7,0
BRDA:68,0,8,0
BRDA:68,0,9,0
BRDA:68,0,10,0
BRDA:68,0,11,0
BRDA:68,0,12,0
BRDA:68,0,13,0
BRDA:68,0,14,24
BRDA:68,0,15,24
BRDA:68,0,16,12
BRDA:68,0,17,12
BRDA:68,0,18,6
BRDA:68,0,19,6
BRDA:68,0,20,3
BRDA:68,0,21,3
BRDA:68,0,22,0
BRDA:68,0,23,0
BRDA:68,0,24,0
BRDA:68,0,25,0
BRDA:68,0,26,0
BRDA:68,0,27,0
BRDA:68,0,28,0
BRDA:68,0,29,0
BRDA:68,0,30,0
BRDA:68,0,31,0
DA:69,18
BRDA:69,0,0,18
BRDA:69,0,1,18
BRDA:69,0,2,11
BRDA:69,0,3,11
BRDA:69,0,4,4
BRDA:69,0,5,4
BRDA:69,0,6,2
BRDA:69,0,7,2
BRDA:69,0,8,3
BRDA:69,0,9,3
BRDA:69,0,10,1
BRDA:69,0,11,1
BRDA:69,0,12,2
BRDA:69,0,13,2
BRDA:69,0,14,12
BRDA:69,0,15,11
BRDA:69,0,16,14
BRDA:69,0,17,14
BRDA:69,0,18,10
BRDA:69,0,19,10
BRDA:69,0,20,8
BRDA:69,0,21,8
BRDA:69,0,22,14
BRDA:69,0,23,14
BRDA:69,0,24,7
BRDA:69,0,25,7
BRDA:69,0,26,13
BRDA:69,0,27,13
BRDA:69,0,28,8
BRDA:69,0,29,8
BRDA:69,0,30,12
BRDA:69,0,31,12
DA:70,31
BRDA:70,0,0,31
BRDA:70,0,1,31
DA:72,3699
DA:73,3699
DA:74,3699
DA:75,3699
DA:76,3669
BRDA:76,0,0,3669
BRDA:76,0,1,30
DA:77,30
DA:78,30
DA:79,30
DA:112,3697
DA:113,3697
DA:114,3677
BRDA:114,0,0,3677
BRDA:114,0,1,20
BRDA:114,0,2,3677
BRDA:114,0,3,20
DA:115,600
BRDA:115,0,0,20
BRDA:115,0,1,600
DA:116,600
DA:117,3677
DA:118,3437
BRDA:118,0,0,240
BRDA:118,0,1,3437
DA:119,240
DA:120,3617
BRDA:120,0,0,60
BRDA:120,0,1,3617
DA:121,60
DA:135,3697
DA:136,3677
BRDA:136,0,0,3677
BRDA:136,0,1,20
BRDA:136,0,2,3677
BRDA:136,0,3,20
DA:137,20
DA:138,20
DA:139,20
DA:140,3677
DA:141,3677
DA:142,3647
DA:143,3646
BRDA:143,0,0,1
BRDA:143,0,1,3646
DA:144,1
DA:145,1
DA:146,1
DA:149,30
DA:150,29
BRDA:150,0,0,1
BRDA:150,0,1,29
DA:152,1
DA:153,1
DA:154,29
DA:155,29
DA:158,0
DA:159,0
DA:160,0
DA:161,0
BRF:356
BRH:126
end_of_record
SF:verify/tb_common/apb4_bfm.vh
DA:23,51
DA:26,51
DA:27,51
DA:28,51
DA:29,51
DA:30,51
DA:31,51
DA:32,51
DA:33,51
DA:34,51
DA:35,51
DA:36,51
BRDA:36,0,0,51
BRDA:36,0,1,0
DA:37,0
DA:38,0
DA:40,51
BRDA:40,0,0,51
BRDA:40,0,1,0
DA:41,0
DA:42,0
DA:44,51
DA:45,51
DA:46,51
DA:51,847
DA:53,847
DA:54,847
DA:55,847
DA:56,847
DA:57,847
DA:58,847
DA:59,847
DA:60,847
DA:61,847
DA:62,847
DA:63,847
BRDA:63,0,0,847
BRDA:63,0,1,0
DA:64,0
DA:65,0
DA:67,847
BRDA:67,0,0,847
BRDA:67,0,1,0
DA:68,0
DA:69,0
DA:71,847
DA:72,847
DA:73,847
DA:79,4
DA:83,4
DA:84,4
DA:85,4
DA:86,4
DA:87,4
DA:88,4
DA:89,4
DA:90,4
DA:91,4
DA:92,4
DA:93,4
DA:94,4
BRDA:94,0,0,4
BRDA:94,0,1,0
DA:95,0
DA:96,0
DA:98,4
BRDA:98,0,0,4
BRDA:98,0,1,0
DA:99,0
DA:100,0
DA:102,4
DA:103,4
DA:104,4
DA:105,4
DA:112,0
DA:115,0
DA:116,0
DA:117,0
DA:118,0
DA:119,0
DA:120,0
DA:121,0
DA:122,0
DA:123,0
DA:124,0
DA:129,0
DA:131,0
DA:132,0
DA:133,0
DA:134,0
BRDA:134,0,0,0
BRDA:134,0,1,0
BRF:14
BRH:4
end_of_record
SF:verify/tb_common/checker.vh
DA:11,2
DA:15,2
DA:16,2
BRDA:16,0,0,2
BRDA:16,0,1,0
DA:17,0
DA:18,0
DA:23,2
DA:27,2
DA:28,2
BRDA:28,0,0,2
BRDA:28,0,1,0
DA:29,0
DA:30,0
DA:35,0
DA:38,0
DA:39,0
BRDA:39,0,0,0
BRDA:39,0,1,0
BRDA:39,0,2,0
BRDA:39,0,3,0
DA:40,0
DA:41,0
DA:46,1
DA:48,1
DA:49,1
BRDA:49,0,0,0
BRDA:49,0,1,1
DA:50,0
BRF:10
BRH:0
end_of_record
SF:verify/tb_common/clk_rst.vh
DA:14,7393
BRDA:14,0,0,7393
BRDA:14,0,1,3696
BRDA:14,0,2,3697
DA:16,1
DA:17,1
DA:18,1
DA:19,20
BRDA:19,0,0,1
BRDA:19,0,1,20
DA:20,1
DA:21,1
BRF:5
BRH:4
end_of_record
SF:verify/tb_common/stream_byte.vh
DA:21,0
DA:23,0
DA:24,0
DA:30,65
DA:33,65
DA:34,65
DA:35,65
DA:36,65
DA:37,56
BRDA:37,0,0,56
BRDA:37,0,1,9
BRDA:37,0,2,56
BRDA:37,0,3,9
DA:38,9
BRDA:38,0,0,9
BRDA:38,0,1,0
BRDA:38,0,2,9
DA:39,56
DA:40,56
DA:42,65
DA:43,65
DA:44,65
BRF:7
BRH:2
end_of_record
SF:verify/tests/tb_cov_extend.v
DA:18,3697
BRDA:18,0,0,1
BRDA:18,0,1,3697
BRDA:18,0,2,3696
DA:19,1
BRDA:19,0,0,1
BRDA:19,0,1,1
BRDA:19,0,2,0
DA:20,902
BRDA:20,0,0,902
BRDA:20,0,1,902
BRDA:20,0,2,1
BRDA:20,0,3,902
BRDA:20,0,4,902
BRDA:20,0,5,1
BRDA:20,0,6,53
BRDA:20,0,7,53
BRDA:20,0,8,1
DA:21,17
BRDA:21,0,0,0
BRDA:21,0,1,0
BRDA:21,0,2,1
BRDA:21,0,3,1
BRDA:21,0,4,1
BRDA:21,0,5,1
BRDA:21,0,6,1
BRDA:21,0,7,1
BRDA:21,0,8,1
BRDA:21,0,9,1
BRDA:21,0,10,1
BRDA:21,0,11,1
BRDA:21,0,12,1
BRDA:21,0,13,1
BRDA:21,0,14,1
BRDA:21,0,15,1
BRDA:21,0,16,1
BRDA:21,0,17,1
BRDA:21,0,18,1
BRDA:21,0,19,1
BRDA:21,0,20,1
BRDA:21,0,21,1
BRDA:21,0,22,0
BRDA:21,0,23,0
BRDA:21,0,24,1
BRDA:21,0,25,1
BRDA:21,0,26,1
BRDA:21,0,27,1
BRDA:21,0,28,1
BRDA:21,0,29,1
BRDA:21,0,30,1
BRDA:21,0,31,1
BRDA:21,0,32,1
BRDA:21,0,33,1
BRDA:21,0,34,1
BRDA:21,0,35,1
BRDA:21,0,36,1
BRDA:21,0,37,1
BRDA:21,0,38,1
BRDA:21,0,39,1
BRDA:21,0,40,1
BRDA:21,0,41,1
BRDA:21,0,42,1
BRDA:21,0,43,1
BRDA:21,0,44,7
BRDA:21,0,45,7
BRDA:21,0,46,1
BRDA:21,0,47,1
BRDA:21,0,48,1
BRDA:21,0,49,1
BRDA:21,0,50,13
BRDA:21,0,51,13
BRDA:21,0,52,5
BRDA:21,0,53,5
BRDA:21,0,54,6
BRDA:21,0,55,6
BRDA:21,0,56,1
BRDA:21,0,57,1
BRDA:21,0,58,1
BRDA:21,0,59,1
BRDA:21,0,60,1
BRDA:21,0,61,1
BRDA:21,0,62,1
BRDA:21,0,63,1
BRDA:21,0,64,1
BRDA:21,0,65,17
BRDA:21,0,66,17
BRDA:21,0,67,10
BRDA:21,0,68,10
BRDA:21,0,69,4
BRDA:21,0,70,4
BRDA:21,0,71,2
BRDA:21,0,72,2
BRDA:21,0,73,2
BRDA:21,0,74,2
BRDA:21,0,75,1
BRDA:21,0,76,1
BRDA:21,0,77,1
BRDA:21,0,78,1
BRDA:21,0,79,0
BRDA:21,0,80,0
BRDA:21,0,81,0
BRDA:21,0,82,0
BRDA:21,0,83,0
BRDA:21,0,84,0
BRDA:21,0,85,0
BRDA:21,0,86,0
BRDA:21,0,87,12
BRDA:21,0,88,11
BRDA:21,0,89,0
BRDA:21,0,90,0
BRDA:21,0,91,0
BRDA:21,0,92,0
BRDA:21,0,93,0
BRDA:21,0,94,0
BRDA:21,0,95,0
BRDA:21,0,96,0
BRDA:21,0,97,0
BRDA:21,0,98,0
BRDA:21,0,99,0
BRDA:21,0,100,0
BRDA:21,0,101,0
BRDA:21,0,102,0
BRDA:21,0,103,0
BRDA:21,0,104,0
BRDA:21,0,105,0
BRDA:21,0,106,0
BRDA:21,0,107,0
BRDA:21,0,108,0
BRDA:21,0,109,13
BRDA:21,0,110,13
BRDA:21,0,111,0
BRDA:21,0,112,0
BRDA:21,0,113,0
BRDA:21,0,114,0
BRDA:21,0,115,10
BRDA:21,0,116,10
BRDA:21,0,117,8
BRDA:21,0,118,8
BRDA:21,0,119,14
BRDA:21,0,120,14
BRDA:21,0,121,7
BRDA:21,0,122,7
BRDA:21,0,123,12
BRDA:21,0,124,12
BRDA:21,0,125,7
BRDA:21,0,126,7
BRDA:21,0,127,12
BRDA:21,0,128,12
BRDA:21,0,129,1
DA:22,28
BRDA:22,0,0,28
BRDA:22,0,1,28
BRDA:22,0,2,12
BRDA:22,0,3,12
BRDA:22,0,4,4
BRDA:22,0,5,4
BRDA:22,0,6,2
BRDA:22,0,7,2
BRDA:22,0,8,4
BRDA:22,0,9,4
BRDA:22,0,10,1
BRDA:22,0,11,1
BRDA:22,0,12,3
BRDA:22,0,13,3
BRDA:22,0,14,0
BRDA:22,0,15,0
BRDA:22,0,16,0
BRDA:22,0,17,0
BRDA:22,0,18,0
BRDA:22,0,19,0
BRDA:22,0,20,0
BRDA:22,0,21,0
BRDA:22,0,22,18
BRDA:22,0,23,18
BRDA:22,0,24,0
BRDA:22,0,25,0
BRDA:22,0,26,0
BRDA:22,0,27,0
BRDA:22,0,28,0
BRDA:22,0,29,0
BRDA:22,0,30,0
BRDA:22,0,31,0
BRDA:22,0,32,0
BRDA:22,0,33,0
BRDA:22,0,34,0
BRDA:22,0,35,0
BRDA:22,0,36,0
BRDA:22,0,37,0
BRDA:22,0,38,0
BRDA:22,0,39,0
BRDA:22,0,40,0
BRDA:22,0,41,0
BRDA:22,0,42,0
BRDA:22,0,43,0
BRDA:22,0,44,21
BRDA:22,0,45,21
BRDA:22,0,46,0
BRDA:22,0,47,0
BRDA:22,0,48,0
BRDA:22,0,49,0
BRDA:22,0,50,14
BRDA:22,0,51,14
BRDA:22,0,52,7
BRDA:22,0,53,7
BRDA:22,0,54,16
BRDA:22,0,55,16
BRDA:22,0,56,7
BRDA:22,0,57,7
BRDA:22,0,58,14
BRDA:22,0,59,14
BRDA:22,0,60,9
BRDA:22,0,61,9
BRDA:22,0,62,12
BRDA:22,0,63,12
DA:23,902
BRDA:23,0,0,902
BRDA:23,0,1,902
BRDA:23,0,2,4
BRDA:23,0,3,4
DA:24,66
BRDA:24,0,0,66
BRDA:24,0,1,66
BRDA:24,0,2,1
BRDA:24,0,3,18
BRDA:24,0,4,18
BRDA:24,0,5,1
DA:25,25
BRDA:25,0,0,25
BRDA:25,0,1,25
BRDA:25,0,2,13
BRDA:25,0,3,13
BRDA:25,0,4,2
BRDA:25,0,5,2
BRDA:25,0,6,0
BRDA:25,0,7,0
BRDA:25,0,8,2
BRDA:25,0,9,2
BRDA:25,0,10,1
BRDA:25,0,11,1
BRDA:25,0,12,1
BRDA:25,0,13,1
BRDA:25,0,14,0
BRDA:25,0,15,0
BRDA:25,0,16,1
DA:26,10
BRDA:26,0,0,10
BRDA:26,0,1,9
DA:28,1
DA:29,23
BRDA:29,0,0,23
BRDA:29,0,1,23
BRDA:29,0,2,10
BRDA:29,0,3,10
BRDA:29,0,4,4
BRDA:29,0,5,4
BRDA:29,0,6,2
BRDA:29,0,7,2
BRDA:29,0,8,3
BRDA:29,0,9,3
BRDA:29,0,10,1
BRDA:29,0,11,1
BRDA:29,0,12,2
BRDA:29,0,13,2
BRDA:29,0,14,0
BRDA:29,0,15,0
BRDA:29,0,16,0
BRDA:29,0,17,0
BRDA:29,0,18,0
BRDA:29,0,19,0
BRDA:29,0,20,0
BRDA:29,0,21,0
BRDA:29,0,22,16
BRDA:29,0,23,15
BRDA:29,0,24,0
BRDA:29,0,25,0
BRDA:29,0,26,0
BRDA:29,0,27,0
BRDA:29,0,28,0
BRDA:29,0,29,0
BRDA:29,0,30,0
BRDA:29,0,31,0
BRDA:29,0,32,0
BRDA:29,0,33,0
BRDA:29,0,34,0
BRDA:29,0,35,0
BRDA:29,0,36,0
BRDA:29,0,37,0
BRDA:29,0,38,0
BRDA:29,0,39,0
BRDA:29,0,40,0
BRDA:29,0,41,0
BRDA:29,0,42,0
BRDA:29,0,43,0
BRDA:29,0,44,13
BRDA:29,0,45,13
BRDA:29,0,46,0
BRDA:29,0,47,0
BRDA:29,0,48,0
BRDA:29,0,49,0
BRDA:29,0,50,10
BRDA:29,0,51,10
BRDA:29,0,52,5
BRDA:29,0,53,5
BRDA:29,0,54,14
BRDA:29,0,55,14
BRDA:29,0,56,7
BRDA:29,0,57,7
BRDA:29,0,58,13
BRDA:29,0,59,13
BRDA:29,0,60,7
BRDA:29,0,61,7
BRDA:29,0,62,12
BRDA:29,0,63,12
DA:45,9
DA:47,9
DA:48,9
DA:49,36
BRDA:49,0,0,9
BRDA:49,0,1,36
DA:50,9
DA:54,9
DA:55,9
DA:56,9
DA:57,9
DA:58,814
DA:59,814
DA:60,805
BRDA:60,0,0,9
BRDA:60,0,1,805
DA:61,805
DA:67,1
DA:68,1
DA:69,1
DA:71,1
DA:72,1
DA:75,1
DA:76,1
DA:77,1
DA:78,1
DA:81,1
DA:82,30
BRDA:82,0,0,1
BRDA:82,0,1,30
DA:83,30
DA:84,1
DA:85,30
BRDA:85,0,0,1
BRDA:85,0,1,30
DA:88,1
DA:89,1
DA:90,1
DA:91,30
DA:92,1
DA:93,1
DA:94,1
DA:97,1
DA:98,4
BRDA:98,0,0,1
BRDA:98,0,1,4
DA:99,4
DA:100,10
BRDA:100,0,0,10
BRDA:100,0,1,4
DA:101,10
BRDA:101,0,0,10
BRDA:101,0,1,7
BRDA:101,0,2,3
DA:102,4
DA:103,4
DA:104,4
DA:107,1
DA:108,1
DA:109,1
DA:110,1
DA:111,1
DA:112,1
DA:113,1
DA:114,1
DA:115,1
DA:116,1
DA:117,1
DA:118,1
DA:119,1
DA:122,1
DA:123,1
DA:124,1
DA:125,1
DA:126,1
DA:127,1
DA:130,1
DA:131,1
DA:133,1
DA:134,4
BRDA:134,0,0,4
BRDA:134,0,1,1
DA:135,1
DA:136,1
DA:137,1
DA:140,1
DA:141,1
DA:142,1
DA:145,1
DA:146,1
DA:147,1
DA:148,1
DA:149,1
DA:151,1
DA:152,1
DA:155,0
BRF:319
BRH:75
end_of_record
