TN:verilator_coverage
SF:rtl/apb_regs.v
DA:20,6039
BRDA:20,0,0,6039
BRDA:20,0,1,6038
DA:21,1
BRDA:21,0,0,1
BRDA:21,0,1,0
DA:24,1541
BRDA:24,0,0,1541
BRDA:24,0,1,1541
DA:25,1541
BRDA:25,0,0,1541
BRDA:25,0,1,1541
DA:26,116
BRDA:26,0,0,116
BRDA:26,0,1,116
DA:27,37
BRDA:27,0,0,0
BRDA:27,0,1,0
BRDA:27,0,2,0
BRDA:27,0,3,0
BRDA:27,0,4,0
BRDA:27,0,5,0
BRDA:27,0,6,0
BRDA:27,0,7,0
BRDA:27,0,8,0
BRDA:27,0,9,0
BRDA:27,0,10,0
BRDA:27,0,11,0
BRDA:27,0,12,0
BRDA:27,0,13,0
BRDA:27,0,14,0
BRDA:27,0,15,0
BRDA:27,0,16,0
BRDA:27,0,17,0
BRDA:27,0,18,0
BRDA:27,0,19,0
BRDA:27,0,20,0
BRDA:27,0,21,0
BRDA:27,0,22,0
BRDA:27,0,23,0
BRDA:27,0,24,0
BRDA:27,0,25,0
BRDA:27,0,26,0
BRDA:27,0,27,0
BRDA:27,0,28,0
BRDA:27,0,29,0
BRDA:27,0,30,0
BRDA:27,0,31,0
BRDA:27,0,32,0
BRDA:27,0,33,0
BRDA:27,0,34,0
BRDA:27,0,35,0
BRDA:27,0,36,0
BRDA:27,0,37,0
BRDA:27,0,38,0
BRDA:27,0,39,0
BRDA:27,0,40,0
BRDA:27,0,41,0
BRDA:27,0,42,0
BRDA:27,0,43,0
BRDA:27,0,44,37
BRDA:27,0,45,37
BRDA:27,0,46,0
BRDA:27,0,47,0
BRDA:27,0,48,0
BRDA:27,0,49,0
BRDA:27,0,50,21
BRDA:27,0,51,21
BRDA:27,0,52,33
BRDA:27,0,53,33
BRDA:27,0,54,6
BRDA:27,0,55,5
BRDA:27,0,56,0
BRDA:27,0,57,0
BRDA:27,0,58,0
BRDA:27,0,59,0
BRDA:27,0,60,0
BRDA:27,0,61,0
BRDA:27,0,62,0
BRDA:27,0,63,0
DA:28,46
BRDA:28,0,0,46
BRDA:28,0,1,46
BRDA:28,0,2,3
BRDA:28,0,3,3
BRDA:28,0,4,3
BRDA:28,0,5,3
BRDA:28,0,6,3
BRDA:28,0,7,3
BRDA:28,0,8,3
BRDA:28,0,9,3
BRDA:28,0,10,3
BRDA:28,0,11,3
BRDA:28,0,12,3
BRDA:28,0,13,3
BRDA:28,0,14,0
BRDA:28,0,15,0
BRDA:28,0,16,0
BRDA:28,0,17,0
BRDA:28,0,18,0
BRDA:28,0,19,0
BRDA:28,0,20,0
BRDA:28,0,21,0
BRDA:28,0,22,24
BRDA:28,0,23,24
BRDA:28,0,24,0
BRDA:28,0,25,0
BRDA:28,0,26,0
BRDA:28,0,27,0
BRDA:28,0,28,0
BRDA:28,0,29,0
BRDA:28,0,30,0
BRDA:28,0,31,0
BRDA:28,0,32,0
BRDA:28,0,33,0
BRDA:28,0,34,0
BRDA:28,0,35,0
BRDA:28,0,36,0
BRDA:28,0,37,0
BRDA:28,0,38,0
BRDA:28,0,39,0
BRDA:28,0,40,0
BRDA:28,0,41,0
BRDA:28,0,42,0
BRDA:28,0,43,0
BRDA:28,0,44,12
BRDA:28,0,45,12
BRDA:28,0,46,0
BRDA:28,0,47,0
BRDA:28,0,48,0
BRDA:28,0,49,0
BRDA:28,0,50,40
BRDA:28,0,51,40
BRDA:28,0,52,21
BRDA:28,0,53,21
BRDA:28,0,54,9
BRDA:28,0,55,9
BRDA:28,0,56,6
BRDA:28,0,57,6
BRDA:28,0,58,3
BRDA:28,0,59,3
BRDA:28,0,60,3
BRDA:28,0,61,3
BRDA:28,0,62,3
BRDA:28,0,63,3
DA:29,95
BRDA:29,0,0,95
BRDA:29,0,1,95
BRDA:29,0,2,5
BRDA:29,0,3,5
BRDA:29,0,4,5
BRDA:29,0,5,5
BRDA:29,0,6,5
BRDA:29,0,7,5
BRDA:29,0,8,5
BRDA:29,0,9,5
BRDA:29,0,10,5
BRDA:29,0,11,5
BRDA:29,0,12,5
BRDA:29,0,13,5
BRDA:29,0,14,0
BRDA:29,0,15,0
BRDA:29,0,16,0
BRDA:29,0,17,0
BRDA:29,0,18,0
BRDA:29,0,19,0
BRDA:29,0,20,0
BRDA:29,0,21,0
BRDA:29,0,22,70
BRDA:29,0,23,70
BRDA:29,0,24,0
BRDA:29,0,25,0
BRDA:29,0,26,0
BRDA:29,0,27,0
BRDA:29,0,28,0
BRDA:29,0,29,0
BRDA:29,0,30,0
BRDA:29,0,31,0
BRDA:29,0,32,0
BRDA:29,0,33,0
BRDA:29,0,34,0
BRDA:29,0,35,0
BRDA:29,0,36,0
BRDA:29,0,37,0
BRDA:29,0,38,0
BRDA:29,0,39,0
BRDA:29,0,40,0
BRDA:29,0,41,0
BRDA:29,0,42,0
BRDA:29,0,43,0
BRDA:29,0,44,37
BRDA:29,0,45,37
BRDA:29,0,46,0
BRDA:29,0,47,0
BRDA:29,0,48,0
BRDA:29,0,49,0
BRDA:29,0,50,72
BRDA:29,0,51,72
BRDA:29,0,52,39
BRDA:29,0,53,39
BRDA:29,0,54,19
BRDA:29,0,55,19
BRDA:29,0,56,6
BRDA:29,0,57,6
BRDA:29,0,58,5
BRDA:29,0,59,5
BRDA:29,0,60,5
BRDA:29,0,61,5
BRDA:29,0,62,5
BRDA:29,0,63,5
DA:30,1541
BRDA:30,0,0,1541
BRDA:30,0,1,1541
DA:31,0
BRDA:31,0,0,0
BRDA:31,0,1,0
DA:34,1
BRDA:34,0,0,1
BRDA:34,0,1,1
DA:35,10
BRDA:35,0,0,10
BRDA:35,0,1,10
DA:36,0
BRDA:36,0,0,0
BRDA:36,0,1,0
DA:37,1
BRDA:37,0,0,1
BRDA:37,0,1,0
DA:38,1
BRDA:38,0,0,0
BRDA:38,0,1,0
BRDA:38,0,2,0
BRDA:38,0,3,0
BRDA:38,0,4,0
BRDA:38,0,5,0
BRDA:38,0,6,1
BRDA:38,0,7,1
DA:41,90
BRDA:41,0,0,90
BRDA:41,0,1,90
BRDA:41,0,2,0
BRDA:41,0,3,0
BRDA:41,0,4,0
BRDA:41,0,5,0
BRDA:41,0,6,0
BRDA:41,0,7,0
BRDA:41,0,8,0
BRDA:41,0,9,0
BRDA:41,0,10,0
BRDA:41,0,11,0
BRDA:41,0,12,0
BRDA:41,0,13,0
BRDA:41,0,14,48
BRDA:41,0,15,47
BRDA:41,0,16,24
BRDA:41,0,17,23
BRDA:41,0,18,12
BRDA:41,0,19,11
BRDA:41,0,20,6
BRDA:41,0,21,5
BRDA:41,0,22,0
BRDA:41,0,23,0
BRDA:41,0,24,0
BRDA:41,0,25,0
BRDA:41,0,26,0
BRDA:41,0,27,0
BRDA:41,0,28,0
BRDA:41,0,29,0
BRDA:41,0,30,0
BRDA:41,0,31,0
DA:42,46
BRDA:42,0,0,46
BRDA:42,0,1,46
BRDA:42,0,2,3
BRDA:42,0,3,3
BRDA:42,0,4,3
BRDA:42,0,5,3
BRDA:42,0,6,3
BRDA:42,0,7,3
BRDA:42,0,8,3
BRDA:42,0,9,3
BRDA:42,0,10,3
BRDA:42,0,11,3
BRDA:42,0,12,3
BRDA:42,0,13,3
BRDA:42,0,14,24
BRDA:42,0,15,24
BRDA:42,0,16,12
BRDA:42,0,17,12
BRDA:42,0,18,40
BRDA:42,0,19,40
BRDA:42,0,20,21
BRDA:42,0,21,21
BRDA:42,0,22,9
BRDA:42,0,23,9
BRDA:42,0,24,6
BRDA:42,0,25,6
BRDA:42,0,26,3
BRDA:42,0,27,3
BRDA:42,0,28,3
BRDA:42,0,29,3
BRDA:42,0,30,3
BRDA:42,0,31,3
DA:43,90
BRDA:43,0,0,90
BRDA:43,0,1,90
DA:44,63
BRDA:44,0,0,63
BRDA:44,0,1,63
BRDA:44,0,2,5
BRDA:44,0,3,5
BRDA:44,0,4,5
BRDA:44,0,5,5
BRDA:44,0,6,5
BRDA:44,0,7,5
BRDA:44,0,8,5
BRDA:44,0,9,5
BRDA:44,0,10,5
BRDA:44,0,11,5
BRDA:44,0,12,5
BRDA:44,0,13,5
BRDA:44,0,14,40
BRDA:44,0,15,40
BRDA:44,0,16,24
BRDA:44,0,17,24
BRDA:44,0,18,61
BRDA:44,0,19,61
BRDA:44,0,20,34
BRDA:44,0,21,34
BRDA:44,0,22,19
BRDA:44,0,23,19
BRDA:44,0,24,6
BRDA:44,0,25,6
BRDA:44,0,26,5
BRDA:44,0,27,5
BRDA:44,0,28,5
BRDA:44,0,29,5
BRDA:44,0,30,5
BRDA:44,0,31,5
DA:45,0
BRDA:45,0,0,0
BRDA:45,0,1,0
DA:46,0
BRDA:46,0,0,0
BRDA:46,0,1,0
BRDA:46,0,2,0
BRDA:46,0,3,0
BRDA:46,0,4,0
BRDA:46,0,5,0
BRDA:46,0,6,0
BRDA:46,0,7,0
BRDA:46,0,8,0
BRDA:46,0,9,0
BRDA:46,0,10,0
BRDA:46,0,11,0
BRDA:46,0,12,0
BRDA:46,0,13,0
BRDA:46,0,14,0
BRDA:46,0,15,0
BRDA:46,0,16,0
BRDA:46,0,17,0
BRDA:46,0,18,0
BRDA:46,0,19,0
BRDA:46,0,20,0
BRDA:46,0,21,0
BRDA:46,0,22,0
BRDA:46,0,23,0
BRDA:46,0,24,0
BRDA:46,0,25,0
BRDA:46,0,26,0
BRDA:46,0,27,0
BRDA:46,0,28,0
BRDA:46,0,29,0
BRDA:46,0,30,0
BRDA:46,0,31,0
DA:47,0
BRDA:47,0,0,0
BRDA:47,0,1,0
DA:50,9
BRDA:50,0,0,9
BRDA:50,0,1,8
BRDA:50,0,2,0
BRDA:50,0,3,0
BRDA:50,0,4,0
BRDA:50,0,5,0
BRDA:50,0,6,0
BRDA:50,0,7,0
BRDA:50,0,8,0
BRDA:50,0,9,0
BRDA:50,0,10,0
BRDA:50,0,11,0
BRDA:50,0,12,0
BRDA:50,0,13,0
BRDA:50,0,14,0
BRDA:50,0,15,0
BRDA:50,0,16,0
BRDA:50,0,17,0
BRDA:50,0,18,0
BRDA:50,0,19,0
BRDA:50,0,20,0
BRDA:50,0,21,0
BRDA:50,0,22,3
BRDA:50,0,23,3
BRDA:50,0,24,0
BRDA:50,0,25,0
BRDA:50,0,26,0
BRDA:50,0,27,0
BRDA:50,0,28,0
BRDA:50,0,29,0
BRDA:50,0,30,0
BRDA:50,0,31,0
BRDA:50,0,32,0
BRDA:50,0,33,0
BRDA:50,0,34,0
BRDA:50,0,35,0
BRDA:50,0,36,0
BRDA:50,0,37,0
BRDA:50,0,38,0
BRDA:50,0,39,0
BRDA:50,0,40,0
BRDA:50,0,41,0
BRDA:50,0,42,0
BRDA:50,0,43,0
BRDA:50,0,44,3
BRDA:50,0,45,2
BRDA:50,0,46,0
BRDA:50,0,47,0
BRDA:50,0,48,0
BRDA:50,0,49,0
BRDA:50,0,50,0
BRDA:50,0,51,0
BRDA:50,0,52,0
BRDA:50,0,53,0
BRDA:50,0,54,0
BRDA:50,0,55,0
BRDA:50,0,56,0
BRDA:50,0,57,0
BRDA:50,0,58,0
BRDA:50,0,59,0
BRDA:50,0,60,0
BRDA:50,0,61,0
BRDA:50,0,62,0
BRDA:50,0,63,0
DA:51,3
BRDA:51,0,0,3
BRDA:51,0,1,3
BRDA:51,0,2,0
BRDA:51,0,3,0
BRDA:51,0,4,0
BRDA:51,0,5,0
BRDA:51,0,6,0
BRDA:51,0,7,0
BRDA:51,0,8,0
BRDA:51,0,9,0
BRDA:51,0,10,0
BRDA:51,0,11,0
BRDA:51,0,12,0
BRDA:51,0,13,0
BRDA:51,0,14,0
BRDA:51,0,15,0
BRDA:51,0,16,0
BRDA:51,0,17,0
BRDA:51,0,18,0
BRDA:51,0,19,0
BRDA:51,0,20,0
BRDA:51,0,21,0
BRDA:51,0,22,1
BRDA:51,0,23,0
BRDA:51,0,24,0
BRDA:51,0,25,0
BRDA:51,0,26,0
BRDA:51,0,27,0
BRDA:51,0,28,0
BRDA:51,0,29,0
BRDA:51,0,30,0
BRDA:51,0,31,0
BRDA:51,0,32,0
BRDA:51,0,33,0
BRDA:51,0,34,0
BRDA:51,0,35,0
BRDA:51,0,36,0
BRDA:51,0,37,0
BRDA:51,0,38,0
BRDA:51,0,39,0
BRDA:51,0,40,0
BRDA:51,0,41,0
BRDA:51,0,42,0
BRDA:51,0,43,0
BRDA:51,0,44,0
BRDA:51,0,45,0
BRDA:51,0,46,0
BRDA:51,0,47,0
BRDA:51,0,48,0
BRDA:51,0,49,0
BRDA:51,0,50,0
BRDA:51,0,51,0
BRDA:51,0,52,0
BRDA:51,0,53,0
BRDA:51,0,54,0
BRDA:51,0,55,0
BRDA:51,0,56,0
BRDA:51,0,57,0
BRDA:51,0,58,0
BRDA:51,0,59,0
BRDA:51,0,60,0
BRDA:51,0,61,0
BRDA:51,0,62,0
BRDA:51,0,63,0
DA:52,6
BRDA:52,0,0,6
BRDA:52,0,1,5
BRDA:52,0,2,0
BRDA:52,0,3,0
BRDA:52,0,4,0
BRDA:52,0,5,0
BRDA:52,0,6,0
BRDA:52,0,7,0
BRDA:52,0,8,0
BRDA:52,0,9,0
BRDA:52,0,10,0
BRDA:52,0,11,0
BRDA:52,0,12,0
BRDA:52,0,13,0
BRDA:52,0,14,0
BRDA:52,0,15,0
BRDA:52,0,16,0
BRDA:52,0,17,0
BRDA:52,0,18,0
BRDA:52,0,19,0
BRDA:52,0,20,0
BRDA:52,0,21,0
BRDA:52,0,22,3
BRDA:52,0,23,2
BRDA:52,0,24,0
BRDA:52,0,25,0
BRDA:52,0,26,0
BRDA:52,0,27,0
BRDA:52,0,28,0
BRDA:52,0,29,0
BRDA:52,0,30,0
BRDA:52,0,31,0
BRDA:52,0,32,0
BRDA:52,0,33,0
BRDA:52,0,34,0
BRDA:52,0,35,0
BRDA:52,0,36,0
BRDA:52,0,37,0
BRDA:52,0,38,0
BRDA:52,0,39,0
BRDA:52,0,40,0
BRDA:52,0,41,0
BRDA:52,0,42,0
BRDA:52,0,43,0
BRDA:52,0,44,2
BRDA:52,0,45,2
BRDA:52,0,46,0
BRDA:52,0,47,0
BRDA:52,0,48,0
BRDA:52,0,49,0
BRDA:52,0,50,0
BRDA:52,0,51,0
BRDA:52,0,52,0
BRDA:52,0,53,0
BRDA:52,0,54,0
BRDA:52,0,55,0
BRDA:52,0,56,0
BRDA:52,0,57,0
BRDA:52,0,58,0
BRDA:52,0,59,0
BRDA:52,0,60,0
BRDA:52,0,61,0
BRDA:52,0,62,0
BRDA:52,0,63,0
DA:53,0
BRDA:53,0,0,0
BRDA:53,0,1,0
DA:54,5
BRDA:54,0,0,5
BRDA:54,0,1,4
BRDA:54,0,2,0
BRDA:54,0,3,0
BRDA:54,0,4,0
BRDA:54,0,5,0
BRDA:54,0,6,0
BRDA:54,0,7,0
BRDA:54,0,8,0
BRDA:54,0,9,0
BRDA:54,0,10,0
BRDA:54,0,11,0
BRDA:54,0,12,0
BRDA:54,0,13,0
BRDA:54,0,14,0
BRDA:54,0,15,0
DA:55,3
BRDA:55,0,0,3
BRDA:55,0,1,3
DA:58,10
BRDA:58,0,0,10
BRDA:58,0,1,10
DA:59,10
BRDA:59,0,0,10
BRDA:59,0,1,9
DA:75,1
BRDA:75,0,0,1
BRDA:75,0,1,0
DA:76,1
BRDA:76,0,0,0
BRDA:76,0,1,0
BRDA:76,0,2,0
BRDA:76,0,3,0
BRDA:76,0,4,0
BRDA:76,0,5,0
BRDA:76,0,6,1
BRDA:76,0,7,1
DA:77,90
BRDA:77,0,0,90
BRDA:77,0,1,90
BRDA:77,0,2,0
BRDA:77,0,3,0
BRDA:77,0,4,0
BRDA:77,0,5,0
BRDA:77,0,6,0
BRDA:77,0,7,0
BRDA:77,0,8,0
BRDA:77,0,9,0
BRDA:77,0,10,0
BRDA:77,0,11,0
BRDA:77,0,12,0
BRDA:77,0,13,0
BRDA:77,0,14,48
BRDA:77,0,15,47
BRDA:77,0,16,24
BRDA:77,0,17,23
BRDA:77,0,18,12
BRDA:77,0,19,11
BRDA:77,0,20,6
BRDA:77,0,21,5
BRDA:77,0,22,0
BRDA:77,0,23,0
BRDA:77,0,24,0
BRDA:77,0,25,0
BRDA:77,0,26,0
BRDA:77,0,27,0
BRDA:77,0,28,0
BRDA:77,0,29,0
BRDA:77,0,30,0
BRDA:77,0,31,0
DA:78,0
BRDA:78,0,0,0
BRDA:78,0,1,0
BRDA:78,0,2,0
BRDA:78,0,3,0
BRDA:78,0,4,0
BRDA:78,0,5,0
BRDA:78,0,6,0
BRDA:78,0,7,0
BRDA:78,0,8,0
BRDA:78,0,9,0
BRDA:78,0,10,0
BRDA:78,0,11,0
BRDA:78,0,12,0
BRDA:78,0,13,0
BRDA:78,0,14,0
BRDA:78,0,15,0
BRDA:78,0,16,0
BRDA:78,0,17,0
BRDA:78,0,18,0
BRDA:78,0,19,0
BRDA:78,0,20,0
BRDA:78,0,21,0
BRDA:78,0,22,0
BRDA:78,0,23,0
BRDA:78,0,24,0
BRDA:78,0,25,0
BRDA:78,0,26,0
BRDA:78,0,27,0
BRDA:78,0,28,0
BRDA:78,0,29,0
BRDA:78,0,30,0
BRDA:78,0,31,0
DA:82,37
BRDA:82,0,0,37
BRDA:82,0,1,37
BRDA:82,0,2,21
BRDA:82,0,3,21
BRDA:82,0,4,33
BRDA:82,0,5,33
BRDA:82,0,6,6
BRDA:82,0,7,5
DA:83,1
BRDA:83,0,0,1
BRDA:83,0,1,0
DA:84,1
BRDA:84,0,0,1
BRDA:84,0,1,0
DA:85,6041
BRDA:85,0,0,1
BRDA:85,0,1,0
BRDA:85,0,2,0
BRDA:85,0,3,0
BRDA:85,0,4,0
BRDA:85,0,5,6041
DA:88,4500
BRDA:88,0,0,1541
BRDA:88,0,1,1541
BRDA:88,0,2,4500
BRDA:88,0,3,2959
BRDA:88,0,4,1541
DA:89,5809
BRDA:89,0,0,116
BRDA:89,0,1,116
BRDA:89,0,2,4500
BRDA:89,0,3,116
BRDA:89,0,4,5809
DA:90,4500
BRDA:90,0,0,1425
BRDA:90,0,1,1425
BRDA:90,0,2,4500
BRDA:90,0,3,1425
BRDA:90,0,4,232
DA:93,6041
BRDA:93,0,0,4500
BRDA:93,0,1,0
BRDA:93,0,2,6041
DA:96,5857
BRDA:96,0,0,15
BRDA:96,0,1,15
BRDA:96,0,2,5857
BRDA:96,0,3,0
BRDA:96,0,4,184
DA:97,6032
BRDA:97,0,0,3
BRDA:97,0,1,3
BRDA:97,0,2,6032
BRDA:97,0,3,0
BRDA:97,0,4,9
DA:98,6023
BRDA:98,0,0,6
BRDA:98,0,1,6
BRDA:98,0,2,6023
BRDA:98,0,3,0
BRDA:98,0,4,18
DA:99,5501
BRDA:99,0,0,6
BRDA:99,0,1,5
BRDA:99,0,2,5501
BRDA:99,0,3,0
BRDA:99,0,4,540
DA:100,6041
BRDA:100,0,0,0
BRDA:100,0,1,0
BRDA:100,0,2,6041
BRDA:100,0,3,0
BRDA:100,0,4,0
DA:103,5925
BRDA:103,0,0,17
BRDA:103,0,1,17
BRDA:103,0,2,5925
BRDA:103,0,3,5857
BRDA:103,0,4,17
DA:108,6024
BRDA:108,0,0,6024
BRDA:108,0,1,1
BRDA:108,0,2,3903
DA:109,6024
BRDA:109,0,0,6024
BRDA:109,0,1,10
BRDA:109,0,2,2467
DA:110,6024
BRDA:110,0,0,6024
BRDA:110,0,1,0
BRDA:110,0,2,5915
DA:111,6024
BRDA:111,0,0,6024
BRDA:111,0,1,3
BRDA:111,0,2,5906
DA:113,6024
BRDA:113,0,0,5428
BRDA:113,0,1,6024
BRDA:113,0,2,0
BRDA:113,0,3,5933
DA:121,5925
BRDA:121,0,0,90
BRDA:121,0,1,90
BRDA:121,0,2,5925
BRDA:121,0,3,5501
BRDA:121,0,4,90
DA:122,5501
BRDA:122,0,0,90
BRDA:122,0,1,90
BRDA:122,0,2,4616
BRDA:122,0,3,5501
BRDA:122,0,4,90
DA:123,5951
BRDA:123,0,0,90
BRDA:123,0,1,90
BRDA:123,0,2,0
BRDA:123,0,3,5951
BRDA:123,0,4,90
DA:125,5861
BRDA:125,0,0,180
BRDA:125,0,1,180
BRDA:125,0,2,90
BRDA:125,0,3,5861
BRDA:125,0,4,90
DA:132,6039
DA:133,6019
BRDA:133,0,0,6019
BRDA:133,0,1,20
BRDA:133,0,2,6019
BRDA:133,0,3,20
DA:134,20
DA:135,20
DA:136,20
DA:137,20
DA:138,6019
DA:140,6002
BRDA:140,0,0,17
BRDA:140,0,1,6002
DA:143,6016
BRDA:143,0,0,3
BRDA:143,0,1,6016
BRDA:143,0,2,5903
BRDA:143,0,3,6010
BRDA:143,0,4,3
DA:149,6001
BRDA:149,0,0,6
BRDA:149,0,1,5903
BRDA:149,0,2,6001
BRDA:149,0,3,6
DA:150,5833
BRDA:150,0,0,180
BRDA:150,0,1,5833
DA:153,6019
BRDA:153,0,0,0
BRDA:153,0,1,6019
BRDA:153,0,2,5903
BRDA:153,0,3,6019
BRDA:153,0,4,0
DA:160,6041
DA:161,6041
DA:162,6041
BRDA:162,0,0,0
BRDA:162,0,1,6041
DA:163,6041
DA:164,184
DA:165,9
DA:166,3180
DA:167,1935
DA:168,45
DA:169,85
DA:170,45
DA:171,18
DA:172,540
DA:173,0
DA:174,0
BRF:772
BRH:170
end_of_record
SF:rtl/div_seq.v
DA:25,6039
BRDA:25,0,0,6039
BRDA:25,0,1,6038
DA:26,1
BRDA:26,0,0,1
BRDA:26,0,1,0
DA:27,90
BRDA:27,0,0,90
BRDA:27,0,1,90
DA:28,31
BRDA:28,0,0,0
BRDA:28,0,1,0
BRDA:28,0,2,19
BRDA:28,0,3,19
BRDA:28,0,4,21
BRDA:28,0,5,21
BRDA:28,0,6,24
BRDA:28,0,7,24
BRDA:28,0,8,21
BRDA:28,0,9,21
BRDA:28,0,10,25
BRDA:28,0,11,24
BRDA:28,0,12,15
BRDA:28,0,13,15
BRDA:28,0,14,15
BRDA:28,0,15,15
BRDA:28,0,16,15
BRDA:28,0,17,15
BRDA:28,0,18,15
BRDA:28,0,19,15
BRDA:28,0,20,15
BRDA:28,0,21,15
BRDA:28,0,22,0
BRDA:28,0,23,0
BRDA:28,0,24,15
BRDA:28,0,25,15
BRDA:28,0,26,15
BRDA:28,0,27,15
BRDA:28,0,28,15
BRDA:28,0,29,15
BRDA:28,0,30,15
BRDA:28,0,31,15
BRDA:28,0,32,15
BRDA:28,0,33,15
BRDA:28,0,34,15
BRDA:28,0,35,15
BRDA:28,0,36,15
BRDA:28,0,37,15
BRDA:28,0,38,15
BRDA:28,0,39,15
BRDA:28,0,40,15
BRDA:28,0,41,15
BRDA:28,0,42,15
BRDA:28,0,43,15
BRDA:28,0,44,0
BRDA:28,0,45,0
BRDA:28,0,46,15
BRDA:28,0,47,15
BRDA:28,0,48,15
BRDA:28,0,49,15
BRDA:28,0,50,0
BRDA:28,0,51,0
BRDA:28,0,52,0
BRDA:28,0,53,0
BRDA:28,0,54,0
BRDA:28,0,55,0
BRDA:28,0,56,0
BRDA:28,0,57,0
BRDA:28,0,58,31
BRDA:28,0,59,30
BRDA:28,0,60,21
BRDA:28,0,61,21
BRDA:28,0,62,22
BRDA:28,0,63,21
DA:29,31
BRDA:29,0,0,31
BRDA:29,0,1,30
BRDA:29,0,2,0
BRDA:29,0,3,0
BRDA:29,0,4,0
BRDA:29,0,5,0
BRDA:29,0,6,0
BRDA:29,0,7,0
BRDA:29,0,8,0
BRDA:29,0,9,0
BRDA:29,0,10,0
BRDA:29,0,11,0
BRDA:29,0,12,0
BRDA:29,0,13,0
BRDA:29,0,14,0
BRDA:29,0,15,0
BRDA:29,0,16,22
BRDA:29,0,17,22
BRDA:29,0,18,29
BRDA:29,0,19,28
BRDA:29,0,20,17
BRDA:29,0,21,17
BRDA:29,0,22,17
BRDA:29,0,23,17
BRDA:29,0,24,23
BRDA:29,0,25,23
BRDA:29,0,26,22
BRDA:29,0,27,22
BRDA:29,0,28,20
BRDA:29,0,29,19
BRDA:29,0,30,4
BRDA:29,0,31,3
BRDA:29,0,32,3
BRDA:29,0,33,3
DA:30,90
BRDA:30,0,0,90
BRDA:30,0,1,90
DA:31,90
BRDA:31,0,0,90
BRDA:31,0,1,90
DA:32,31
BRDA:32,0,0,19
BRDA:32,0,1,18
BRDA:32,0,2,15
BRDA:32,0,3,15
BRDA:32,0,4,15
BRDA:32,0,5,15
BRDA:32,0,6,15
BRDA:32,0,7,15
BRDA:32,0,8,15
BRDA:32,0,9,15
BRDA:32,0,10,15
BRDA:32,0,11,15
BRDA:32,0,12,15
BRDA:32,0,13,15
BRDA:32,0,14,15
BRDA:32,0,15,15
BRDA:32,0,16,21
BRDA:32,0,17,20
BRDA:32,0,18,22
BRDA:32,0,19,22
BRDA:32,0,20,31
BRDA:32,0,21,30
BRDA:32,0,22,28
BRDA:32,0,23,28
BRDA:32,0,24,15
BRDA:32,0,25,14
BRDA:32,0,26,15
BRDA:32,0,27,15
BRDA:32,0,28,15
BRDA:32,0,29,15
BRDA:32,0,30,15
BRDA:32,0,31,15
BRDA:32,0,32,15
BRDA:32,0,33,15
DA:40,90
BRDA:40,0,0,90
BRDA:40,0,1,90
BRDA:40,0,2,90
BRDA:40,0,3,90
BRDA:40,0,4,90
BRDA:40,0,5,90
BRDA:40,0,6,90
BRDA:40,0,7,90
DA:43,1440
BRDA:43,0,0,1440
BRDA:43,0,1,1440
BRDA:43,0,2,720
BRDA:43,0,3,720
BRDA:43,0,4,360
BRDA:43,0,5,360
BRDA:43,0,6,180
BRDA:43,0,7,180
BRDA:43,0,8,90
BRDA:43,0,9,90
BRDA:43,0,10,90
BRDA:43,0,11,89
DA:44,295
BRDA:44,0,0,256
BRDA:44,0,1,255
BRDA:44,0,2,0
BRDA:44,0,3,0
BRDA:44,0,4,0
BRDA:44,0,5,0
BRDA:44,0,6,0
BRDA:44,0,7,0
BRDA:44,0,8,0
BRDA:44,0,9,0
BRDA:44,0,10,0
BRDA:44,0,11,0
BRDA:44,0,12,0
BRDA:44,0,13,0
BRDA:44,0,14,0
BRDA:44,0,15,0
BRDA:44,0,16,0
BRDA:44,0,17,0
BRDA:44,0,18,295
BRDA:44,0,19,295
BRDA:44,0,20,288
BRDA:44,0,21,288
BRDA:44,0,22,271
BRDA:44,0,23,270
BRDA:44,0,24,243
BRDA:44,0,25,243
BRDA:44,0,26,247
BRDA:44,0,27,246
BRDA:44,0,28,207
BRDA:44,0,29,207
BRDA:44,0,30,225
BRDA:44,0,31,225
BRDA:44,0,32,111
BRDA:44,0,33,110
BRDA:44,0,34,6
BRDA:44,0,35,6
DA:45,192
BRDA:45,0,0,0
BRDA:45,0,1,0
BRDA:45,0,2,109
BRDA:45,0,3,109
BRDA:45,0,4,123
BRDA:45,0,5,123
BRDA:45,0,6,151
BRDA:45,0,7,151
BRDA:45,0,8,170
BRDA:45,0,9,170
BRDA:45,0,10,189
BRDA:45,0,11,189
BRDA:45,0,12,192
BRDA:45,0,13,192
BRDA:45,0,14,192
BRDA:45,0,15,192
BRDA:45,0,16,192
BRDA:45,0,17,192
BRDA:45,0,18,192
BRDA:45,0,19,192
BRDA:45,0,20,192
BRDA:45,0,21,192
BRDA:45,0,22,0
BRDA:45,0,23,0
BRDA:45,0,24,192
BRDA:45,0,25,192
BRDA:45,0,26,192
BRDA:45,0,27,192
BRDA:45,0,28,192
BRDA:45,0,29,192
BRDA:45,0,30,192
BRDA:45,0,31,192
BRDA:45,0,32,192
BRDA:45,0,33,192
BRDA:45,0,34,192
BRDA:45,0,35,192
BRDA:45,0,36,192
BRDA:45,0,37,192
BRDA:45,0,38,192
BRDA:45,0,39,192
BRDA:45,0,40,192
BRDA:45,0,41,192
BRDA:45,0,42,192
BRDA:45,0,43,192
BRDA:45,0,44,0
BRDA:45,0,45,0
BRDA:45,0,46,192
BRDA:45,0,47,192
BRDA:45,0,48,192
BRDA:45,0,49,192
BRDA:45,0,50,0
BRDA:45,0,51,0
BRDA:45,0,52,0
BRDA:45,0,53,0
BRDA:45,0,54,0
BRDA:45,0,55,0
BRDA:45,0,56,0
BRDA:45,0,57,0
BRDA:45,0,58,38
BRDA:45,0,59,38
BRDA:45,0,60,70
BRDA:45,0,61,70
BRDA:45,0,62,85
BRDA:45,0,63,85
DA:46,163
BRDA:46,0,0,163
BRDA:46,0,1,162
BRDA:46,0,2,0
BRDA:46,0,3,0
BRDA:46,0,4,0
BRDA:46,0,5,0
BRDA:46,0,6,0
BRDA:46,0,7,0
BRDA:46,0,8,0
BRDA:46,0,9,0
BRDA:46,0,10,0
BRDA:46,0,11,0
BRDA:46,0,12,0
BRDA:46,0,13,0
BRDA:46,0,14,0
BRDA:46,0,15,0
BRDA:46,0,16,0
BRDA:46,0,17,0
BRDA:46,0,18,0
BRDA:46,0,19,0
BRDA:46,0,20,0
BRDA:46,0,21,0
BRDA:46,0,22,145
BRDA:46,0,23,144
BRDA:46,0,24,0
BRDA:46,0,25,0
BRDA:46,0,26,0
BRDA:46,0,27,0
BRDA:46,0,28,0
BRDA:46,0,29,0
BRDA:46,0,30,0
BRDA:46,0,31,0
BRDA:46,0,32,0
BRDA:46,0,33,0
BRDA:46,0,34,0
BRDA:46,0,35,0
BRDA:46,0,36,0
BRDA:46,0,37,0
BRDA:46,0,38,0
BRDA:46,0,39,0
BRDA:46,0,40,0
BRDA:46,0,41,0
BRDA:46,0,42,0
BRDA:46,0,43,0
BRDA:46,0,44,116
BRDA:46,0,45,116
BRDA:46,0,46,0
BRDA:46,0,47,0
BRDA:46,0,48,0
BRDA:46,0,49,0
BRDA:46,0,50,89
BRDA:46,0,51,88
BRDA:46,0,52,73
BRDA:46,0,53,73
BRDA:46,0,54,55
BRDA:46,0,55,54
BRDA:46,0,56,6
BRDA:46,0,57,6
BRDA:46,0,58,0
BRDA:46,0,59,0
BRDA:46,0,60,0
BRDA:46,0,61,0
BRDA:46,0,62,0
BRDA:46,0,63,0
DA:47,31
BRDA:47,0,0,31
BRDA:47,0,1,30
BRDA:47,0,2,0
BRDA:47,0,3,0
BRDA:47,0,4,0
BRDA:47,0,5,0
BRDA:47,0,6,0
BRDA:47,0,7,0
BRDA:47,0,8,0
BRDA:47,0,9,0
BRDA:47,0,10,0
BRDA:47,0,11,0
BRDA:47,0,12,0
BRDA:47,0,13,0
BRDA:47,0,14,0
BRDA:47,0,15,0
BRDA:47,0,16,22
BRDA:47,0,17,22
BRDA:47,0,18,29
BRDA:47,0,19,28
BRDA:47,0,20,17
BRDA:47,0,21,17
BRDA:47,0,22,17
BRDA:47,0,23,17
BRDA:47,0,24,23
BRDA:47,0,25,23
BRDA:47,0,26,22
BRDA:47,0,27,22
BRDA:47,0,28,20
BRDA:47,0,29,19
BRDA:47,0,30,4
BRDA:47,0,31,3
BRDA:47,0,32,3
BRDA:47,0,33,3
DA:48,15
BRDA:48,0,0,15
BRDA:48,0,1,15
DA:51,295
BRDA:51,0,0,192
BRDA:51,0,1,192
BRDA:51,0,2,6
BRDA:51,0,3,6
BRDA:51,0,4,0
BRDA:51,0,5,0
BRDA:51,0,6,0
BRDA:51,0,7,0
BRDA:51,0,8,0
BRDA:51,0,9,0
BRDA:51,0,10,0
BRDA:51,0,11,0
BRDA:51,0,12,0
BRDA:51,0,13,0
BRDA:51,0,14,0
BRDA:51,0,15,0
BRDA:51,0,16,0
BRDA:51,0,17,0
BRDA:51,0,18,256
BRDA:51,0,19,255
BRDA:51,0,20,295
BRDA:51,0,21,295
BRDA:51,0,22,288
BRDA:51,0,23,288
BRDA:51,0,24,271
BRDA:51,0,25,270
BRDA:51,0,26,243
BRDA:51,0,27,243
BRDA:51,0,28,247
BRDA:51,0,29,246
BRDA:51,0,30,207
BRDA:51,0,31,207
BRDA:51,0,32,225
BRDA:51,0,33,225
BRDA:51,0,34,111
BRDA:51,0,35,110
DA:52,31
BRDA:52,0,0,31
BRDA:52,0,1,30
BRDA:52,0,2,0
BRDA:52,0,3,0
BRDA:52,0,4,0
BRDA:52,0,5,0
BRDA:52,0,6,0
BRDA:52,0,7,0
BRDA:52,0,8,0
BRDA:52,0,9,0
BRDA:52,0,10,0
BRDA:52,0,11,0
BRDA:52,0,12,0
BRDA:52,0,13,0
BRDA:52,0,14,0
BRDA:52,0,15,0
BRDA:52,0,16,0
BRDA:52,0,17,0
BRDA:52,0,18,22
BRDA:52,0,19,22
BRDA:52,0,20,29
BRDA:52,0,21,28
BRDA:52,0,22,17
BRDA:52,0,23,17
BRDA:52,0,24,17
BRDA:52,0,25,17
BRDA:52,0,26,23
BRDA:52,0,27,23
BRDA:52,0,28,22
BRDA:52,0,29,22
BRDA:52,0,30,20
BRDA:52,0,31,19
BRDA:52,0,32,4
BRDA:52,0,33,3
BRDA:52,0,34,3
BRDA:52,0,35,3
DA:53,193
BRDA:53,0,0,193
BRDA:53,0,1,192
DA:54,193
BRDA:54,0,0,193
BRDA:54,0,1,192
DA:55,315
BRDA:55,0,0,265
BRDA:55,0,1,264
BRDA:55,0,2,0
BRDA:55,0,3,0
BRDA:55,0,4,0
BRDA:55,0,5,0
BRDA:55,0,6,0
BRDA:55,0,7,0
BRDA:55,0,8,0
BRDA:55,0,9,0
BRDA:55,0,10,0
BRDA:55,0,11,0
BRDA:55,0,12,0
BRDA:55,0,13,0
BRDA:55,0,14,0
BRDA:55,0,15,0
BRDA:55,0,16,0
BRDA:55,0,17,0
BRDA:55,0,18,315
BRDA:55,0,19,315
BRDA:55,0,20,314
BRDA:55,0,21,313
BRDA:55,0,22,297
BRDA:55,0,23,296
BRDA:55,0,24,260
BRDA:55,0,25,260
BRDA:55,0,26,263
BRDA:55,0,27,263
BRDA:55,0,28,234
BRDA:55,0,29,233
BRDA:55,0,30,248
BRDA:55,0,31,247
BRDA:55,0,32,129
BRDA:55,0,33,129
BRDA:55,0,34,6
BRDA:55,0,35,6
DA:60,6039
DA:61,6019
BRDA:61,0,0,6019
BRDA:61,0,1,20
BRDA:61,0,2,6019
BRDA:61,0,3,20
DA:62,6019
DA:67,6040
DA:68,6040
DA:69,6040
DA:70,2980
BRDA:70,0,0,2980
BRDA:70,0,1,90
BRDA:70,0,2,2890
DA:71,2970
BRDA:71,0,0,2970
BRDA:71,0,1,90
BRDA:71,0,2,2880
DA:72,90
DA:73,0
DA:81,6040
DA:82,6040
DA:83,6040
DA:84,6040
DA:85,6040
DA:86,6040
BRDA:86,0,0,6040
BRDA:86,0,1,3684
BRDA:86,0,2,2356
BRDA:86,0,3,2356
BRDA:86,0,4,3684
DA:93,6039
DA:94,6019
BRDA:94,0,0,6019
BRDA:94,0,1,20
BRDA:94,0,2,6019
BRDA:94,0,3,20
DA:95,20
DA:96,20
DA:97,20
DA:98,20
DA:99,20
DA:100,20
DA:101,20
DA:102,20
DA:103,20
DA:104,6019
DA:105,6019
DA:106,6019
DA:107,2959
DA:108,2869
BRDA:108,0,0,90
BRDA:108,0,1,2869
DA:109,90
DA:110,90
DA:111,90
BRDA:111,0,0,90
BRDA:111,0,1,34
BRDA:111,0,2,56
BRDA:111,0,3,56
BRDA:111,0,4,34
DA:112,34
DA:113,90
DA:114,90
DA:115,90
DA:116,90
DA:119,2970
DA:120,2880
BRDA:120,0,0,90
BRDA:120,0,1,2880
DA:124,90
BRDA:124,0,0,90
BRDA:124,0,1,90
BRDA:124,0,2,0
BRDA:124,0,3,0
BRDA:124,0,4,90
DA:125,56
BRDA:125,0,0,56
BRDA:125,0,1,34
DA:126,90
DA:127,90
DA:128,2880
DA:129,2880
DA:130,2880
DA:131,2880
DA:132,2880
DA:135,90
DA:138,0
DA:139,0
BRF:509
BRH:317
end_of_record
SF:rtl/learn_accel.v
DA:38,6039
BRDA:38,0,0,6039
BRDA:38,0,1,6038
DA:39,1
BRDA:39,0,0,1
BRDA:39,0,1,0
DA:42,1541
BRDA:42,0,0,1541
BRDA:42,0,1,1541
DA:43,1541
BRDA:43,0,0,1541
BRDA:43,0,1,1541
DA:44,116
BRDA:44,0,0,116
BRDA:44,0,1,116
DA:45,37
BRDA:45,0,0,0
BRDA:45,0,1,0
BRDA:45,0,2,0
BRDA:45,0,3,0
BRDA:45,0,4,0
BRDA:45,0,5,0
BRDA:45,0,6,0
BRDA:45,0,7,0
BRDA:45,0,8,0
BRDA:45,0,9,0
BRDA:45,0,10,0
BRDA:45,0,11,0
BRDA:45,0,12,0
BRDA:45,0,13,0
BRDA:45,0,14,0
BRDA:45,0,15,0
BRDA:45,0,16,0
BRDA:45,0,17,0
BRDA:45,0,18,0
BRDA:45,0,19,0
BRDA:45,0,20,0
BRDA:45,0,21,0
BRDA:45,0,22,0
BRDA:45,0,23,0
BRDA:45,0,24,0
BRDA:45,0,25,0
BRDA:45,0,26,0
BRDA:45,0,27,0
BRDA:45,0,28,0
BRDA:45,0,29,0
BRDA:45,0,30,0
BRDA:45,0,31,0
BRDA:45,0,32,0
BRDA:45,0,33,0
BRDA:45,0,34,0
BRDA:45,0,35,0
BRDA:45,0,36,0
BRDA:45,0,37,0
BRDA:45,0,38,0
BRDA:45,0,39,0
BRDA:45,0,40,0
BRDA:45,0,41,0
BRDA:45,0,42,0
BRDA:45,0,43,0
BRDA:45,0,44,37
BRDA:45,0,45,37
BRDA:45,0,46,0
BRDA:45,0,47,0
BRDA:45,0,48,0
BRDA:45,0,49,0
BRDA:45,0,50,21
BRDA:45,0,51,21
BRDA:45,0,52,33
BRDA:45,0,53,33
BRDA:45,0,54,6
BRDA:45,0,55,5
BRDA:45,0,56,0
BRDA:45,0,57,0
BRDA:45,0,58,0
BRDA:45,0,59,0
BRDA:45,0,60,0
BRDA:45,0,61,0
BRDA:45,0,62,0
BRDA:45,0,63,0
DA:46,46
BRDA:46,0,0,46
BRDA:46,0,1,46
BRDA:46,0,2,3
BRDA:46,0,3,3
BRDA:46,0,4,3
BRDA:46,0,5,3
BRDA:46,0,6,3
BRDA:46,0,7,3
BRDA:46,0,8,3
BRDA:46,0,9,3
BRDA:46,0,10,3
BRDA:46,0,11,3
BRDA:46,0,12,3
BRDA:46,0,13,3
BRDA:46,0,14,0
BRDA:46,0,15,0
BRDA:46,0,16,0
BRDA:46,0,17,0
BRDA:46,0,18,0
BRDA:46,0,19,0
BRDA:46,0,20,0
BRDA:46,0,21,0
BRDA:46,0,22,24
BRDA:46,0,23,24
BRDA:46,0,24,0
BRDA:46,0,25,0
BRDA:46,0,26,0
BRDA:46,0,27,0
BRDA:46,0,28,0
BRDA:46,0,29,0
BRDA:46,0,30,0
BRDA:46,0,31,0
BRDA:46,0,32,0
BRDA:46,0,33,0
BRDA:46,0,34,0
BRDA:46,0,35,0
BRDA:46,0,36,0
BRDA:46,0,37,0
BRDA:46,0,38,0
BRDA:46,0,39,0
BRDA:46,0,40,0
BRDA:46,0,41,0
BRDA:46,0,42,0
BRDA:46,0,43,0
BRDA:46,0,44,12
BRDA:46,0,45,12
BRDA:46,0,46,0
BRDA:46,0,47,0
BRDA:46,0,48,0
BRDA:46,0,49,0
BRDA:46,0,50,40
BRDA:46,0,51,40
BRDA:46,0,52,21
BRDA:46,0,53,21
BRDA:46,0,54,9
BRDA:46,0,55,9
BRDA:46,0,56,6
BRDA:46,0,57,6
BRDA:46,0,58,3
BRDA:46,0,59,3
BRDA:46,0,60,3
BRDA:46,0,61,3
BRDA:46,0,62,3
BRDA:46,0,63,3
DA:47,95
BRDA:47,0,0,95
BRDA:47,0,1,95
BRDA:47,0,2,5
BRDA:47,0,3,5
BRDA:47,0,4,5
BRDA:47,0,5,5
BRDA:47,0,6,5
BRDA:47,0,7,5
BRDA:47,0,8,5
BRDA:47,0,9,5
BRDA:47,0,10,5
BRDA:47,0,11,5
BRDA:47,0,12,5
BRDA:47,0,13,5
BRDA:47,0,14,0
BRDA:47,0,15,0
BRDA:47,0,16,0
BRDA:47,0,17,0
BRDA:47,0,18,0
BRDA:47,0,19,0
BRDA:47,0,20,0
BRDA:47,0,21,0
BRDA:47,0,22,70
BRDA:47,0,23,70
BRDA:47,0,24,0
BRDA:47,0,25,0
BRDA:47,0,26,0
BRDA:47,0,27,0
BRDA:47,0,28,0
BRDA:47,0,29,0
BRDA:47,0,30,0
BRDA:47,0,31,0
BRDA:47,0,32,0
BRDA:47,0,33,0
BRDA:47,0,34,0
BRDA:47,0,35,0
BRDA:47,0,36,0
BRDA:47,0,37,0
BRDA:47,0,38,0
BRDA:47,0,39,0
BRDA:47,0,40,0
BRDA:47,0,41,0
BRDA:47,0,42,0
BRDA:47,0,43,0
BRDA:47,0,44,37
BRDA:47,0,45,37
BRDA:47,0,46,0
BRDA:47,0,47,0
BRDA:47,0,48,0
BRDA:47,0,49,0
BRDA:47,0,50,72
BRDA:47,0,51,72
BRDA:47,0,52,39
BRDA:47,0,53,39
BRDA:47,0,54,19
BRDA:47,0,55,19
BRDA:47,0,56,6
BRDA:47,0,57,6
BRDA:47,0,58,5
BRDA:47,0,59,5
BRDA:47,0,60,5
BRDA:47,0,61,5
BRDA:47,0,62,5
BRDA:47,0,63,5
DA:48,1541
BRDA:48,0,0,1541
BRDA:48,0,1,1541
DA:49,0
BRDA:49,0,0,0
BRDA:49,0,1,0
DA:52,75
BRDA:52,0,0,75
BRDA:52,0,1,75
DA:53,15
BRDA:53,0,0,15
BRDA:53,0,1,15
DA:54,12
BRDA:54,0,0,6
BRDA:54,0,1,5
BRDA:54,0,2,6
BRDA:54,0,3,6
BRDA:54,0,4,6
BRDA:54,0,5,6
BRDA:54,0,6,9
BRDA:54,0,7,9
BRDA:54,0,8,6
BRDA:54,0,9,6
BRDA:54,0,10,9
BRDA:54,0,11,9
BRDA:54,0,12,12
BRDA:54,0,13,12
BRDA:54,0,14,9
BRDA:54,0,15,9
DA:55,15
BRDA:55,0,0,15
BRDA:55,0,1,15
DA:66,1
BRDA:66,0,0,1
BRDA:66,0,1,1
DA:67,10
BRDA:67,0,0,10
BRDA:67,0,1,10
DA:68,0
BRDA:68,0,0,0
BRDA:68,0,1,0
DA:69,1
BRDA:69,0,0,1
BRDA:69,0,1,0
DA:70,1
BRDA:70,0,0,0
BRDA:70,0,1,0
BRDA:70,0,2,0
BRDA:70,0,3,0
BRDA:70,0,4,0
BRDA:70,0,5,0
BRDA:70,0,6,1
BRDA:70,0,7,1
DA:73,15
BRDA:73,0,0,15
BRDA:73,0,1,15
DA:74,4
BRDA:74,0,0,4
BRDA:74,0,1,4
DA:75,11
BRDA:75,0,0,11
BRDA:75,0,1,11
DA:76,9
BRDA:76,0,0,9
BRDA:76,0,1,8
BRDA:76,0,2,0
BRDA:76,0,3,0
BRDA:76,0,4,0
BRDA:76,0,5,0
BRDA:76,0,6,0
BRDA:76,0,7,0
BRDA:76,0,8,0
BRDA:76,0,9,0
BRDA:76,0,10,0
BRDA:76,0,11,0
BRDA:76,0,12,0
BRDA:76,0,13,0
BRDA:76,0,14,0
BRDA:76,0,15,0
DA:79,15
BRDA:79,0,0,15
BRDA:79,0,1,15
DA:80,6
BRDA:80,0,0,6
BRDA:80,0,1,5
BRDA:80,0,2,0
BRDA:80,0,3,0
BRDA:80,0,4,0
BRDA:80,0,5,0
BRDA:80,0,6,0
BRDA:80,0,7,0
BRDA:80,0,8,0
BRDA:80,0,9,0
BRDA:80,0,10,0
BRDA:80,0,11,0
BRDA:80,0,12,0
BRDA:80,0,13,0
BRDA:80,0,14,0
BRDA:80,0,15,0
DA:81,15
BRDA:81,0,0,15
BRDA:81,0,1,15
DA:82,200
BRDA:82,0,0,200
BRDA:82,0,1,200
BRDA:82,0,2,0
BRDA:82,0,3,0
BRDA:82,0,4,0
BRDA:82,0,5,0
BRDA:82,0,6,140
BRDA:82,0,7,140
BRDA:82,0,8,60
BRDA:82,0,9,60
BRDA:82,0,10,0
BRDA:82,0,11,0
BRDA:82,0,12,0
BRDA:82,0,13,0
BRDA:82,0,14,0
BRDA:82,0,15,0
BRDA:82,0,16,0
BRDA:82,0,17,0
BRDA:82,0,18,0
BRDA:82,0,19,0
BRDA:82,0,20,0
BRDA:82,0,21,0
BRDA:82,0,22,0
BRDA:82,0,23,0
DA:83,62
BRDA:83,0,0,3
BRDA:83,0,1,2
BRDA:83,0,2,6
BRDA:83,0,3,5
BRDA:83,0,4,31
BRDA:83,0,5,30
BRDA:83,0,6,34
BRDA:83,0,7,33
BRDA:83,0,8,6
BRDA:83,0,9,5
BRDA:83,0,10,34
BRDA:83,0,11,33
BRDA:83,0,12,62
BRDA:83,0,13,61
BRDA:83,0,14,34
BRDA:83,0,15,33
DA:86,485
BRDA:86,0,0,485
BRDA:86,0,1,485
BRDA:86,0,2,0
BRDA:86,0,3,0
BRDA:86,0,4,0
BRDA:86,0,5,0
BRDA:86,0,6,0
BRDA:86,0,7,0
BRDA:86,0,8,0
BRDA:86,0,9,0
BRDA:86,0,10,0
BRDA:86,0,11,0
BRDA:86,0,12,0
BRDA:86,0,13,0
BRDA:86,0,14,320
BRDA:86,0,15,320
BRDA:86,0,16,345
BRDA:86,0,17,345
BRDA:86,0,18,280
BRDA:86,0,19,280
BRDA:86,0,20,275
BRDA:86,0,21,275
BRDA:86,0,22,0
BRDA:86,0,23,0
BRDA:86,0,24,0
BRDA:86,0,25,0
BRDA:86,0,26,0
BRDA:86,0,27,0
BRDA:86,0,28,0
BRDA:86,0,29,0
BRDA:86,0,30,0
BRDA:86,0,31,0
DA:87,140
BRDA:87,0,0,140
BRDA:87,0,1,140
BRDA:87,0,2,18
BRDA:87,0,3,18
BRDA:87,0,4,18
BRDA:87,0,5,18
BRDA:87,0,6,18
BRDA:87,0,7,18
BRDA:87,0,8,18
BRDA:87,0,9,18
BRDA:87,0,10,18
BRDA:87,0,11,18
BRDA:87,0,12,18
BRDA:87,0,13,18
BRDA:87,0,14,93
BRDA:87,0,15,92
BRDA:87,0,16,61
BRDA:87,0,17,60
BRDA:87,0,18,140
BRDA:87,0,19,140
BRDA:87,0,20,70
BRDA:87,0,21,70
BRDA:87,0,22,64
BRDA:87,0,23,64
BRDA:87,0,24,50
BRDA:87,0,25,50
BRDA:87,0,26,20
BRDA:87,0,27,20
BRDA:87,0,28,18
BRDA:87,0,29,18
BRDA:87,0,30,18
BRDA:87,0,31,18
DA:88,300
BRDA:88,0,0,300
BRDA:88,0,1,300
DA:89,496
BRDA:89,0,0,496
BRDA:89,0,1,495
BRDA:89,0,2,203
BRDA:89,0,3,202
BRDA:89,0,4,203
BRDA:89,0,5,202
BRDA:89,0,6,203
BRDA:89,0,7,202
BRDA:89,0,8,203
BRDA:89,0,9,202
BRDA:89,0,10,203
BRDA:89,0,11,202
BRDA:89,0,12,203
BRDA:89,0,13,202
BRDA:89,0,14,355
BRDA:89,0,15,354
BRDA:89,0,16,317
BRDA:89,0,17,317
BRDA:89,0,18,493
BRDA:89,0,19,493
BRDA:89,0,20,376
BRDA:89,0,21,376
BRDA:89,0,22,295
BRDA:89,0,23,295
BRDA:89,0,24,233
BRDA:89,0,25,233
BRDA:89,0,26,203
BRDA:89,0,27,202
BRDA:89,0,28,203
BRDA:89,0,29,202
BRDA:89,0,30,203
BRDA:89,0,31,202
DA:92,90
BRDA:92,0,0,90
BRDA:92,0,1,90
BRDA:92,0,2,0
BRDA:92,0,3,0
BRDA:92,0,4,0
BRDA:92,0,5,0
BRDA:92,0,6,0
BRDA:92,0,7,0
BRDA:92,0,8,0
BRDA:92,0,9,0
BRDA:92,0,10,0
BRDA:92,0,11,0
BRDA:92,0,12,0
BRDA:92,0,13,0
BRDA:92,0,14,48
BRDA:92,0,15,47
BRDA:92,0,16,24
BRDA:92,0,17,23
BRDA:92,0,18,12
BRDA:92,0,19,11
BRDA:92,0,20,6
BRDA:92,0,21,5
BRDA:92,0,22,0
BRDA:92,0,23,0
BRDA:92,0,24,0
BRDA:92,0,25,0
BRDA:92,0,26,0
BRDA:92,0,27,0
BRDA:92,0,28,0
BRDA:92,0,29,0
BRDA:92,0,30,0
BRDA:92,0,31,0
DA:93,46
BRDA:93,0,0,46
BRDA:93,0,1,46
BRDA:93,0,2,3
BRDA:93,0,3,3
BRDA:93,0,4,3
BRDA:93,0,5,3
BRDA:93,0,6,3
BRDA:93,0,7,3
BRDA:93,0,8,3
BRDA:93,0,9,3
BRDA:93,0,10,3
BRDA:93,0,11,3
BRDA:93,0,12,3
BRDA:93,0,13,3
BRDA:93,0,14,24
BRDA:93,0,15,24
BRDA:93,0,16,12
BRDA:93,0,17,12
BRDA:93,0,18,40
BRDA:93,0,19,40
BRDA:93,0,20,21
BRDA:93,0,21,21
BRDA:93,0,22,9
BRDA:93,0,23,9
BRDA:93,0,24,6
BRDA:93,0,25,6
BRDA:93,0,26,3
BRDA:93,0,27,3
BRDA:93,0,28,3
BRDA:93,0,29,3
BRDA:93,0,30,3
BRDA:93,0,31,3
DA:94,90
BRDA:94,0,0,90
BRDA:94,0,1,90
DA:95,63
BRDA:95,0,0,63
BRDA:95,0,1,63
BRDA:95,0,2,5
BRDA:95,0,3,5
BRDA:95,0,4,5
BRDA:95,0,5,5
BRDA:95,0,6,5
BRDA:95,0,7,5
BRDA:95,0,8,5
BRDA:95,0,9,5
BRDA:95,0,10,5
BRDA:95,0,11,5
BRDA:95,0,12,5
BRDA:95,0,13,5
BRDA:95,0,14,40
BRDA:95,0,15,40
BRDA:95,0,16,24
BRDA:95,0,17,24
BRDA:95,0,18,61
BRDA:95,0,19,61
BRDA:95,0,20,34
BRDA:95,0,21,34
BRDA:95,0,22,19
BRDA:95,0,23,19
BRDA:95,0,24,6
BRDA:95,0,25,6
BRDA:95,0,26,5
BRDA:95,0,27,5
BRDA:95,0,28,5
BRDA:95,0,29,5
BRDA:95,0,30,5
BRDA:95,0,31,5
DA:96,0
BRDA:96,0,0,0
BRDA:96,0,1,0
DA:97,0
BRDA:97,0,0,0
BRDA:97,0,1,0
BRDA:97,0,2,0
BRDA:97,0,3,0
BRDA:97,0,4,0
BRDA:97,0,5,0
BRDA:97,0,6,0
BRDA:97,0,7,0
BRDA:97,0,8,0
BRDA:97,0,9,0
BRDA:97,0,10,0
BRDA:97,0,11,0
BRDA:97,0,12,0
BRDA:97,0,13,0
BRDA:97,0,14,0
BRDA:97,0,15,0
BRDA:97,0,16,0
BRDA:97,0,17,0
BRDA:97,0,18,0
BRDA:97,0,19,0
BRDA:97,0,20,0
BRDA:97,0,21,0
BRDA:97,0,22,0
BRDA:97,0,23,0
BRDA:97,0,24,0
BRDA:97,0,25,0
BRDA:97,0,26,0
BRDA:97,0,27,0
BRDA:97,0,28,0
BRDA:97,0,29,0
BRDA:97,0,30,0
BRDA:97,0,31,0
DA:98,0
BRDA:98,0,0,0
BRDA:98,0,1,0
DA:101,9
BRDA:101,0,0,9
BRDA:101,0,1,8
BRDA:101,0,2,0
BRDA:101,0,3,0
BRDA:101,0,4,0
BRDA:101,0,5,0
BRDA:101,0,6,0
BRDA:101,0,7,0
BRDA:101,0,8,0
BRDA:101,0,9,0
BRDA:101,0,10,0
BRDA:101,0,11,0
BRDA:101,0,12,0
BRDA:101,0,13,0
BRDA:101,0,14,0
BRDA:101,0,15,0
BRDA:101,0,16,0
BRDA:101,0,17,0
BRDA:101,0,18,0
BRDA:101,0,19,0
BRDA:101,0,20,0
BRDA:101,0,21,0
BRDA:101,0,22,3
BRDA:101,0,23,3
BRDA:101,0,24,0
BRDA:101,0,25,0
BRDA:101,0,26,0
BRDA:101,0,27,0
BRDA:101,0,28,0
BRDA:101,0,29,0
BRDA:101,0,30,0
BRDA:101,0,31,0
BRDA:101,0,32,0
BRDA:101,0,33,0
BRDA:101,0,34,0
BRDA:101,0,35,0
BRDA:101,0,36,0
BRDA:101,0,37,0
BRDA:101,0,38,0
BRDA:101,0,39,0
BRDA:101,0,40,0
BRDA:101,0,41,0
BRDA:101,0,42,0
BRDA:101,0,43,0
BRDA:101,0,44,3
BRDA:101,0,45,2
BRDA:101,0,46,0
BRDA:101,0,47,0
BRDA:101,0,48,0
BRDA:101,0,49,0
BRDA:101,0,50,0
BRDA:101,0,51,0
BRDA:101,0,52,0
BRDA:101,0,53,0
BRDA:101,0,54,0
BRDA:101,0,55,0
BRDA:101,0,56,0
BRDA:101,0,57,0
BRDA:101,0,58,0
BRDA:101,0,59,0
BRDA:101,0,60,0
BRDA:101,0,61,0
BRDA:101,0,62,0
BRDA:101,0,63,0
DA:102,3
BRDA:102,0,0,3
BRDA:102,0,1,3
BRDA:102,0,2,0
BRDA:102,0,3,0
BRDA:102,0,4,0
BRDA:102,0,5,0
BRDA:102,0,6,0
BRDA:102,0,7,0
BRDA:102,0,8,0
BRDA:102,0,9,0
BRDA:102,0,10,0
BRDA:102,0,11,0
BRDA:102,0,12,0
BRDA:102,0,13,0
BRDA:102,0,14,0
BRDA:102,0,15,0
BRDA:102,0,16,0
BRDA:102,0,17,0
BRDA:102,0,18,0
BRDA:102,0,19,0
BRDA:102,0,20,0
BRDA:102,0,21,0
BRDA:102,0,22,1
BRDA:102,0,23,0
BRDA:102,0,24,0
BRDA:102,0,25,0
BRDA:102,0,26,0
BRDA:102,0,27,0
BRDA:102,0,28,0
BRDA:102,0,29,0
BRDA:102,0,30,0
BRDA:102,0,31,0
BRDA:102,0,32,0
BRDA:102,0,33,0
BRDA:102,0,34,0
BRDA:102,0,35,0
BRDA:102,0,36,0
BRDA:102,0,37,0
BRDA:102,0,38,0
BRDA:102,0,39,0
BRDA:102,0,40,0
BRDA:102,0,41,0
BRDA:102,0,42,0
BRDA:102,0,43,0
BRDA:102,0,44,0
BRDA:102,0,45,0
BRDA:102,0,46,0
BRDA:102,0,47,0
BRDA:102,0,48,0
BRDA:102,0,49,0
BRDA:102,0,50,0
BRDA:102,0,51,0
BRDA:102,0,52,0
BRDA:102,0,53,0
BRDA:102,0,54,0
BRDA:102,0,55,0
BRDA:102,0,56,0
BRDA:102,0,57,0
BRDA:102,0,58,0
BRDA:102,0,59,0
BRDA:102,0,60,0
BRDA:102,0,61,0
BRDA:102,0,62,0
BRDA:102,0,63,0
DA:103,6
BRDA:103,0,0,6
BRDA:103,0,1,5
BRDA:103,0,2,0
BRDA:103,0,3,0
BRDA:103,0,4,0
BRDA:103,0,5,0
BRDA:103,0,6,0
BRDA:103,0,7,0
BRDA:103,0,8,0
BRDA:103,0,9,0
BRDA:103,0,10,0
BRDA:103,0,11,0
BRDA:103,0,12,0
BRDA:103,0,13,0
BRDA:103,0,14,0
BRDA:103,0,15,0
BRDA:103,0,16,0
BRDA:103,0,17,0
BRDA:103,0,18,0
BRDA:103,0,19,0
BRDA:103,0,20,0
BRDA:103,0,21,0
BRDA:103,0,22,3
BRDA:103,0,23,2
BRDA:103,0,24,0
BRDA:103,0,25,0
BRDA:103,0,26,0
BRDA:103,0,27,0
BRDA:103,0,28,0
BRDA:103,0,29,0
BRDA:103,0,30,0
BRDA:103,0,31,0
BRDA:103,0,32,0
BRDA:103,0,33,0
BRDA:103,0,34,0
BRDA:103,0,35,0
BRDA:103,0,36,0
BRDA:103,0,37,0
BRDA:103,0,38,0
BRDA:103,0,39,0
BRDA:103,0,40,0
BRDA:103,0,41,0
BRDA:103,0,42,0
BRDA:103,0,43,0
BRDA:103,0,44,2
BRDA:103,0,45,2
BRDA:103,0,46,0
BRDA:103,0,47,0
BRDA:103,0,48,0
BRDA:103,0,49,0
BRDA:103,0,50,0
BRDA:103,0,51,0
BRDA:103,0,52,0
BRDA:103,0,53,0
BRDA:103,0,54,0
BRDA:103,0,55,0
BRDA:103,0,56,0
BRDA:103,0,57,0
BRDA:103,0,58,0
BRDA:103,0,59,0
BRDA:103,0,60,0
BRDA:103,0,61,0
BRDA:103,0,62,0
BRDA:103,0,63,0
DA:104,0
BRDA:104,0,0,0
BRDA:104,0,1,0
DA:105,5
BRDA:105,0,0,5
BRDA:105,0,1,4
BRDA:105,0,2,0
BRDA:105,0,3,0
BRDA:105,0,4,0
BRDA:105,0,5,0
BRDA:105,0,6,0
BRDA:105,0,7,0
BRDA:105,0,8,0
BRDA:105,0,9,0
BRDA:105,0,10,0
BRDA:105,0,11,0
BRDA:105,0,12,0
BRDA:105,0,13,0
BRDA:105,0,14,0
BRDA:105,0,15,0
DA:106,3
BRDA:106,0,0,3
BRDA:106,0,1,3
DA:109,0
BRDA:109,0,0,0
BRDA:109,0,1,0
DA:112,15
BRDA:112,0,0,15
BRDA:112,0,1,15
DA:115,10
BRDA:115,0,0,10
BRDA:115,0,1,10
DA:116,10
BRDA:116,0,0,10
BRDA:116,0,1,9
BRF:778
BRH:185
end_of_record
SF:rtl/learner.v
DA:48,6039
BRDA:48,0,0,6039
BRDA:48,0,1,6038
DA:49,1
BRDA:49,0,0,1
BRDA:49,0,1,0
DA:52,1
BRDA:52,0,0,1
BRDA:52,0,1,1
DA:53,10
BRDA:53,0,0,10
BRDA:53,0,1,10
DA:54,0
BRDA:54,0,0,0
BRDA:54,0,1,0
DA:55,1
BRDA:55,0,0,1
BRDA:55,0,1,0
DA:56,1
BRDA:56,0,0,0
BRDA:56,0,1,0
BRDA:56,0,2,0
BRDA:56,0,3,0
BRDA:56,0,4,0
BRDA:56,0,5,0
BRDA:56,0,6,1
BRDA:56,0,7,1
DA:59,15
BRDA:59,0,0,15
BRDA:59,0,1,15
DA:60,4
BRDA:60,0,0,4
BRDA:60,0,1,4
DA:61,11
BRDA:61,0,0,11
BRDA:61,0,1,11
DA:62,9
BRDA:62,0,0,9
BRDA:62,0,1,8
BRDA:62,0,2,0
BRDA:62,0,3,0
BRDA:62,0,4,0
BRDA:62,0,5,0
BRDA:62,0,6,0
BRDA:62,0,7,0
BRDA:62,0,8,0
BRDA:62,0,9,0
BRDA:62,0,10,0
BRDA:62,0,11,0
BRDA:62,0,12,0
BRDA:62,0,13,0
BRDA:62,0,14,0
BRDA:62,0,15,0
DA:65,15
BRDA:65,0,0,15
BRDA:65,0,1,15
DA:66,6
BRDA:66,0,0,6
BRDA:66,0,1,5
BRDA:66,0,2,0
BRDA:66,0,3,0
BRDA:66,0,4,0
BRDA:66,0,5,0
BRDA:66,0,6,0
BRDA:66,0,7,0
BRDA:66,0,8,0
BRDA:66,0,9,0
BRDA:66,0,10,0
BRDA:66,0,11,0
BRDA:66,0,12,0
BRDA:66,0,13,0
BRDA:66,0,14,0
BRDA:66,0,15,0
DA:67,15
BRDA:67,0,0,15
BRDA:67,0,1,15
DA:68,200
BRDA:68,0,0,200
BRDA:68,0,1,200
BRDA:68,0,2,0
BRDA:68,0,3,0
BRDA:68,0,4,0
BRDA:68,0,5,0
BRDA:68,0,6,140
BRDA:68,0,7,140
BRDA:68,0,8,60
BRDA:68,0,9,60
BRDA:68,0,10,0
BRDA:68,0,11,0
BRDA:68,0,12,0
BRDA:68,0,13,0
BRDA:68,0,14,0
BRDA:68,0,15,0
BRDA:68,0,16,0
BRDA:68,0,17,0
BRDA:68,0,18,0
BRDA:68,0,19,0
BRDA:68,0,20,0
BRDA:68,0,21,0
BRDA:68,0,22,0
BRDA:68,0,23,0
DA:69,62
BRDA:69,0,0,3
BRDA:69,0,1,2
BRDA:69,0,2,6
BRDA:69,0,3,5
BRDA:69,0,4,31
BRDA:69,0,5,30
BRDA:69,0,6,34
BRDA:69,0,7,33
BRDA:69,0,8,6
BRDA:69,0,9,5
BRDA:69,0,10,34
BRDA:69,0,11,33
BRDA:69,0,12,62
BRDA:69,0,13,61
BRDA:69,0,14,34
BRDA:69,0,15,33
DA:72,485
BRDA:72,0,0,485
BRDA:72,0,1,485
BRDA:72,0,2,0
BRDA:72,0,3,0
BRDA:72,0,4,0
BRDA:72,0,5,0
BRDA:72,0,6,0
BRDA:72,0,7,0
BRDA:72,0,8,0
BRDA:72,0,9,0
BRDA:72,0,10,0
BRDA:72,0,11,0
BRDA:72,0,12,0
BRDA:72,0,13,0
BRDA:72,0,14,320
BRDA:72,0,15,320
BRDA:72,0,16,345
BRDA:72,0,17,345
BRDA:72,0,18,280
BRDA:72,0,19,280
BRDA:72,0,20,275
BRDA:72,0,21,275
BRDA:72,0,22,0
BRDA:72,0,23,0
BRDA:72,0,24,0
BRDA:72,0,25,0
BRDA:72,0,26,0
BRDA:72,0,27,0
BRDA:72,0,28,0
BRDA:72,0,29,0
BRDA:72,0,30,0
BRDA:72,0,31,0
DA:73,140
BRDA:73,0,0,140
BRDA:73,0,1,140
BRDA:73,0,2,18
BRDA:73,0,3,18
BRDA:73,0,4,18
BRDA:73,0,5,18
BRDA:73,0,6,18
BRDA:73,0,7,18
BRDA:73,0,8,18
BRDA:73,0,9,18
BRDA:73,0,10,18
BRDA:73,0,11,18
BRDA:73,0,12,18
BRDA:73,0,13,18
BRDA:73,0,14,93
BRDA:73,0,15,92
BRDA:73,0,16,61
BRDA:73,0,17,60
BRDA:73,0,18,140
BRDA:73,0,19,140
BRDA:73,0,20,70
BRDA:73,0,21,70
BRDA:73,0,22,64
BRDA:73,0,23,64
BRDA:73,0,24,50
BRDA:73,0,25,50
BRDA:73,0,26,20
BRDA:73,0,27,20
BRDA:73,0,28,18
BRDA:73,0,29,18
BRDA:73,0,30,18
BRDA:73,0,31,18
DA:74,300
BRDA:74,0,0,300
BRDA:74,0,1,300
DA:75,496
BRDA:75,0,0,496
BRDA:75,0,1,495
BRDA:75,0,2,203
BRDA:75,0,3,202
BRDA:75,0,4,203
BRDA:75,0,5,202
BRDA:75,0,6,203
BRDA:75,0,7,202
BRDA:75,0,8,203
BRDA:75,0,9,202
BRDA:75,0,10,203
BRDA:75,0,11,202
BRDA:75,0,12,203
BRDA:75,0,13,202
BRDA:75,0,14,355
BRDA:75,0,15,354
BRDA:75,0,16,317
BRDA:75,0,17,317
BRDA:75,0,18,493
BRDA:75,0,19,493
BRDA:75,0,20,376
BRDA:75,0,21,376
BRDA:75,0,22,295
BRDA:75,0,23,295
BRDA:75,0,24,233
BRDA:75,0,25,233
BRDA:75,0,26,203
BRDA:75,0,27,202
BRDA:75,0,28,203
BRDA:75,0,29,202
BRDA:75,0,30,203
BRDA:75,0,31,202
DA:78,15
BRDA:78,0,0,15
BRDA:78,0,1,15
DA:81,10
BRDA:81,0,0,10
BRDA:81,0,1,10
DA:82,10
BRDA:82,0,0,10
BRDA:82,0,1,9
DA:106,450
DA:109,450
DA:110,450
DA:111,450
BRDA:111,0,0,450
BRDA:111,0,1,334
BRDA:111,0,2,116
BRDA:111,0,3,116
BRDA:111,0,4,334
DA:112,450
DA:113,450
BRDA:113,0,0,450
BRDA:113,0,1,334
BRDA:113,0,2,116
BRDA:113,0,3,116
BRDA:113,0,4,334
DA:118,6190
DA:120,6190
DA:121,0
DA:122,6190
BRDA:122,0,0,0
BRDA:122,0,1,6190
DA:123,6190
DA:130,50
BRDA:130,0,0,50
BRDA:130,0,1,50
BRDA:130,0,2,25
BRDA:130,0,3,25
BRDA:130,0,4,15
BRDA:130,0,5,15
DA:131,600
BRDA:131,0,0,600
BRDA:131,0,1,600
BRDA:131,0,2,450
BRDA:131,0,3,450
BRDA:131,0,4,40
BRDA:131,0,5,40
DA:133,200
BRDA:133,0,0,200
BRDA:133,0,1,200
BRDA:133,0,2,0
BRDA:133,0,3,0
BRDA:133,0,4,0
BRDA:133,0,5,0
BRDA:133,0,6,100
BRDA:133,0,7,100
BRDA:133,0,8,100
BRDA:133,0,9,99
BRDA:133,0,10,0
BRDA:133,0,11,0
BRDA:133,0,12,0
BRDA:133,0,13,0
BRDA:133,0,14,0
BRDA:133,0,15,0
BRDA:133,0,16,0
BRDA:133,0,17,0
BRDA:133,0,18,0
BRDA:133,0,19,0
BRDA:133,0,20,0
BRDA:133,0,21,0
BRDA:133,0,22,0
BRDA:133,0,23,0
DA:134,170
BRDA:134,0,0,170
BRDA:134,0,1,170
BRDA:134,0,2,85
BRDA:134,0,3,85
BRDA:134,0,4,50
BRDA:134,0,5,49
BRDA:134,0,6,0
BRDA:134,0,7,0
BRDA:134,0,8,0
BRDA:134,0,9,0
BRDA:134,0,10,0
BRDA:134,0,11,0
DA:135,75
BRDA:135,0,0,75
BRDA:135,0,1,74
BRDA:135,0,2,40
BRDA:135,0,3,40
BRDA:135,0,4,0
BRDA:135,0,5,0
BRDA:135,0,6,0
BRDA:135,0,7,0
DA:137,10
BRDA:137,0,0,10
BRDA:137,0,1,10
DA:138,10
BRDA:138,0,0,10
BRDA:138,0,1,10
DA:139,0
BRDA:139,0,0,0
BRDA:139,0,1,0
DA:140,1
BRDA:140,0,0,1
BRDA:140,0,1,0
DA:141,10
BRDA:141,0,0,10
BRDA:141,0,1,9
DA:142,1
BRDA:142,0,0,0
BRDA:142,0,1,0
BRDA:142,0,2,0
BRDA:142,0,3,0
BRDA:142,0,4,0
BRDA:142,0,5,0
BRDA:142,0,6,1
BRDA:142,0,7,1
DA:143,6
BRDA:143,0,0,6
BRDA:143,0,1,5
BRDA:143,0,2,0
BRDA:143,0,3,0
BRDA:143,0,4,0
BRDA:143,0,5,0
BRDA:143,0,6,0
BRDA:143,0,7,0
BRDA:143,0,8,0
BRDA:143,0,9,0
BRDA:143,0,10,0
BRDA:143,0,11,0
BRDA:143,0,12,0
BRDA:143,0,13,0
BRDA:143,0,14,0
BRDA:143,0,15,0
DA:144,15
BRDA:144,0,0,15
BRDA:144,0,1,14
BRDA:144,0,2,0
BRDA:144,0,3,0
BRDA:144,0,4,0
BRDA:144,0,5,0
BRDA:144,0,6,0
BRDA:144,0,7,0
BRDA:144,0,8,0
BRDA:144,0,9,0
BRDA:144,0,10,0
BRDA:144,0,11,0
BRDA:144,0,12,0
BRDA:144,0,13,0
BRDA:144,0,14,9
BRDA:144,0,15,8
BRDA:144,0,16,10
BRDA:144,0,17,10
BRDA:144,0,18,10
BRDA:144,0,19,9
BRDA:144,0,20,6
BRDA:144,0,21,6
BRDA:144,0,22,15
BRDA:144,0,23,14
BRDA:144,0,24,0
BRDA:144,0,25,0
BRDA:144,0,26,15
BRDA:144,0,27,14
BRDA:144,0,28,0
BRDA:144,0,29,0
BRDA:144,0,30,0
BRDA:144,0,31,0
DA:145,9
BRDA:145,0,0,9
BRDA:145,0,1,8
BRDA:145,0,2,0
BRDA:145,0,3,0
BRDA:145,0,4,0
BRDA:145,0,5,0
BRDA:145,0,6,0
BRDA:145,0,7,0
DA:147,104
BRDA:147,0,0,26
BRDA:147,0,1,26
BRDA:147,0,2,81
BRDA:147,0,3,80
BRDA:147,0,4,90
BRDA:147,0,5,90
BRDA:147,0,6,104
BRDA:147,0,7,104
BRDA:147,0,8,93
BRDA:147,0,9,93
BRDA:147,0,10,71
BRDA:147,0,11,71
BRDA:147,0,12,56
BRDA:147,0,13,55
BRDA:147,0,14,44
BRDA:147,0,15,44
BRDA:147,0,16,39
BRDA:147,0,17,39
BRDA:147,0,18,39
BRDA:147,0,19,39
BRDA:147,0,20,39
BRDA:147,0,21,39
BRDA:147,0,22,52
BRDA:147,0,23,52
BRDA:147,0,24,39
BRDA:147,0,25,39
BRDA:147,0,26,39
BRDA:147,0,27,39
BRDA:147,0,28,39
BRDA:147,0,29,39
BRDA:147,0,30,39
BRDA:147,0,31,39
BRDA:147,0,32,39
BRDA:147,0,33,39
BRDA:147,0,34,39
BRDA:147,0,35,39
BRDA:147,0,36,39
BRDA:147,0,37,39
BRDA:147,0,38,39
BRDA:147,0,39,39
BRDA:147,0,40,39
BRDA:147,0,41,39
BRDA:147,0,42,39
BRDA:147,0,43,39
BRDA:147,0,44,92
BRDA:147,0,45,91
BRDA:147,0,46,39
BRDA:147,0,47,39
BRDA:147,0,48,39
BRDA:147,0,49,39
BRDA:147,0,50,39
BRDA:147,0,51,39
BRDA:147,0,52,39
BRDA:147,0,53,39
BRDA:147,0,54,39
BRDA:147,0,55,39
BRDA:147,0,56,39
BRDA:147,0,57,39
BRDA:147,0,58,39
BRDA:147,0,59,39
BRDA:147,0,60,39
BRDA:147,0,61,39
BRDA:147,0,62,39
BRDA:147,0,63,39
BRDA:147,0,64,39
BRDA:147,0,65,39
BRDA:147,0,66,95
BRDA:147,0,67,94
BRDA:147,0,68,39
BRDA:147,0,69,39
BRDA:147,0,70,39
BRDA:147,0,71,39
BRDA:147,0,72,39
BRDA:147,0,73,39
BRDA:147,0,74,39
BRDA:147,0,75,39
BRDA:147,0,76,39
BRDA:147,0,77,39
BRDA:147,0,78,39
BRDA:147,0,79,39
BRDA:147,0,80,39
BRDA:147,0,81,39
BRDA:147,0,82,39
BRDA:147,0,83,39
BRDA:147,0,84,78
BRDA:147,0,85,77
BRDA:147,0,86,75
BRDA:147,0,87,75
BRDA:147,0,88,89
BRDA:147,0,89,88
BRDA:147,0,90,88
BRDA:147,0,91,87
BRDA:147,0,92,93
BRDA:147,0,93,92
BRDA:147,0,94,89
BRDA:147,0,95,89
DA:148,31
BRDA:148,0,0,31
BRDA:148,0,1,30
BRDA:148,0,2,15
BRDA:148,0,3,15
BRDA:148,0,4,15
BRDA:148,0,5,15
BRDA:148,0,6,15
BRDA:148,0,7,15
BRDA:148,0,8,15
BRDA:148,0,9,15
BRDA:148,0,10,15
BRDA:148,0,11,15
BRDA:148,0,12,15
BRDA:148,0,13,15
BRDA:148,0,14,21
BRDA:148,0,15,21
BRDA:148,0,16,22
BRDA:148,0,17,21
BRDA:148,0,18,19
BRDA:148,0,19,19
BRDA:148,0,20,21
BRDA:148,0,21,21
BRDA:148,0,22,24
BRDA:148,0,23,24
BRDA:148,0,24,21
BRDA:148,0,25,21
BRDA:148,0,26,25
BRDA:148,0,27,24
BRDA:148,0,28,15
BRDA:148,0,29,15
BRDA:148,0,30,15
BRDA:148,0,31,15
DA:149,12
BRDA:149,0,0,12
BRDA:149,0,1,11
BRDA:149,0,2,0
BRDA:149,0,3,0
BRDA:149,0,4,0
BRDA:149,0,5,0
BRDA:149,0,6,0
BRDA:149,0,7,0
BRDA:149,0,8,0
BRDA:149,0,9,0
BRDA:149,0,10,0
BRDA:149,0,11,0
BRDA:149,0,12,0
BRDA:149,0,13,0
BRDA:149,0,14,11
BRDA:149,0,15,10
BRDA:149,0,16,10
BRDA:149,0,17,10
BRDA:149,0,18,8
BRDA:149,0,19,7
BRDA:149,0,20,6
BRDA:149,0,21,6
BRDA:149,0,22,3
BRDA:149,0,23,2
BRDA:149,0,24,0
BRDA:149,0,25,0
BRDA:149,0,26,1
BRDA:149,0,27,0
BRDA:149,0,28,0
BRDA:149,0,29,0
BRDA:149,0,30,0
BRDA:149,0,31,0
DA:150,37
BRDA:150,0,0,22
BRDA:150,0,1,22
BRDA:150,0,2,34
BRDA:150,0,3,34
BRDA:150,0,4,30
BRDA:150,0,5,30
BRDA:150,0,6,28
BRDA:150,0,7,28
BRDA:150,0,8,22
BRDA:150,0,9,21
BRDA:150,0,10,27
BRDA:150,0,11,26
BRDA:150,0,12,36
BRDA:150,0,13,36
BRDA:150,0,14,36
BRDA:150,0,15,36
BRDA:150,0,16,27
BRDA:150,0,17,26
BRDA:150,0,18,36
BRDA:150,0,19,36
BRDA:150,0,20,29
BRDA:150,0,21,28
BRDA:150,0,22,16
BRDA:150,0,23,16
BRDA:150,0,24,31
BRDA:150,0,25,30
BRDA:150,0,26,37
BRDA:150,0,27,36
BRDA:150,0,28,27
BRDA:150,0,29,26
BRDA:150,0,30,25
BRDA:150,0,31,24
BRDA:150,0,32,22
BRDA:150,0,33,22
BRDA:150,0,34,10
BRDA:150,0,35,10
BRDA:150,0,36,10
BRDA:150,0,37,10
BRDA:150,0,38,10
BRDA:150,0,39,10
BRDA:150,0,40,10
BRDA:150,0,41,10
BRDA:150,0,42,10
BRDA:150,0,43,10
BRDA:150,0,44,30
BRDA:150,0,45,30
BRDA:150,0,46,10
BRDA:150,0,47,10
BRDA:150,0,48,10
BRDA:150,0,49,10
BRDA:150,0,50,10
BRDA:150,0,51,10
BRDA:150,0,52,10
BRDA:150,0,53,10
BRDA:150,0,54,10
BRDA:150,0,55,10
BRDA:150,0,56,10
BRDA:150,0,57,10
BRDA:150,0,58,10
BRDA:150,0,59,10
BRDA:150,0,60,10
BRDA:150,0,61,10
BRDA:150,0,62,10
BRDA:150,0,63,10
BRDA:150,0,64,10
BRDA:150,0,65,10
BRDA:150,0,66,30
BRDA:150,0,67,30
BRDA:150,0,68,10
BRDA:150,0,69,10
BRDA:150,0,70,10
BRDA:150,0,71,10
BRDA:150,0,72,10
BRDA:150,0,73,10
BRDA:150,0,74,10
BRDA:150,0,75,10
BRDA:150,0,76,10
BRDA:150,0,77,10
BRDA:150,0,78,10
BRDA:150,0,79,10
BRDA:150,0,80,10
BRDA:150,0,81,10
BRDA:150,0,82,10
BRDA:150,0,83,10
BRDA:150,0,84,35
BRDA:150,0,85,34
BRDA:150,0,86,29
BRDA:150,0,87,28
BRDA:150,0,88,30
BRDA:150,0,89,30
BRDA:150,0,90,29
BRDA:150,0,91,28
BRDA:150,0,92,32
BRDA:150,0,93,32
BRDA:150,0,94,32
BRDA:150,0,95,32
DA:151,36
BRDA:151,0,0,18
BRDA:151,0,1,18
BRDA:151,0,2,36
BRDA:151,0,3,35
BRDA:151,0,4,24
BRDA:151,0,5,24
BRDA:151,0,6,24
BRDA:151,0,7,24
BRDA:151,0,8,24
BRDA:151,0,9,24
BRDA:151,0,10,24
BRDA:151,0,11,24
BRDA:151,0,12,24
BRDA:151,0,13,24
BRDA:151,0,14,24
BRDA:151,0,15,24
BRDA:151,0,16,24
BRDA:151,0,17,24
BRDA:151,0,18,24
BRDA:151,0,19,24
BRDA:151,0,20,24
BRDA:151,0,21,24
BRDA:151,0,22,26
BRDA:151,0,23,26
BRDA:151,0,24,24
BRDA:151,0,25,24
BRDA:151,0,26,24
BRDA:151,0,27,24
BRDA:151,0,28,24
BRDA:151,0,29,24
BRDA:151,0,30,24
BRDA:151,0,31,24
BRDA:151,0,32,24
BRDA:151,0,33,24
BRDA:151,0,34,24
BRDA:151,0,35,24
BRDA:151,0,36,24
BRDA:151,0,37,24
BRDA:151,0,38,24
BRDA:151,0,39,24
BRDA:151,0,40,24
BRDA:151,0,41,24
BRDA:151,0,42,24
BRDA:151,0,43,24
BRDA:151,0,44,28
BRDA:151,0,45,28
BRDA:151,0,46,24
BRDA:151,0,47,24
BRDA:151,0,48,24
BRDA:151,0,49,24
BRDA:151,0,50,24
BRDA:151,0,51,24
BRDA:151,0,52,24
BRDA:151,0,53,24
BRDA:151,0,54,24
BRDA:151,0,55,24
BRDA:151,0,56,24
BRDA:151,0,57,24
BRDA:151,0,58,24
BRDA:151,0,59,24
BRDA:151,0,60,24
BRDA:151,0,61,24
BRDA:151,0,62,24
BRDA:151,0,63,24
BRDA:151,0,64,24
BRDA:151,0,65,24
BRDA:151,0,66,24
BRDA:151,0,67,24
BRDA:151,0,68,24
BRDA:151,0,69,24
BRDA:151,0,70,24
BRDA:151,0,71,24
BRDA:151,0,72,24
BRDA:151,0,73,24
BRDA:151,0,74,24
BRDA:151,0,75,24
BRDA:151,0,76,24
BRDA:151,0,77,24
BRDA:151,0,78,24
BRDA:151,0,79,24
BRDA:151,0,80,24
BRDA:151,0,81,24
BRDA:151,0,82,24
BRDA:151,0,83,24
BRDA:151,0,84,30
BRDA:151,0,85,29
BRDA:151,0,86,32
BRDA:151,0,87,32
BRDA:151,0,88,26
BRDA:151,0,89,25
BRDA:151,0,90,32
BRDA:151,0,91,32
BRDA:151,0,92,28
BRDA:151,0,93,28
BRDA:151,0,94,30
BRDA:151,0,95,30
DA:152,124
BRDA:152,0,0,106
BRDA:152,0,1,106
BRDA:152,0,2,16
BRDA:152,0,3,16
BRDA:152,0,4,16
BRDA:152,0,5,16
BRDA:152,0,6,16
BRDA:152,0,7,16
BRDA:152,0,8,16
BRDA:152,0,9,16
BRDA:152,0,10,16
BRDA:152,0,11,16
BRDA:152,0,12,16
BRDA:152,0,13,16
BRDA:152,0,14,71
BRDA:152,0,15,70
BRDA:152,0,16,41
BRDA:152,0,17,40
BRDA:152,0,18,124
BRDA:152,0,19,124
BRDA:152,0,20,60
BRDA:152,0,21,60
BRDA:152,0,22,52
BRDA:152,0,23,52
BRDA:152,0,24,48
BRDA:152,0,25,48
BRDA:152,0,26,16
BRDA:152,0,27,16
BRDA:152,0,28,16
BRDA:152,0,29,16
BRDA:152,0,30,16
BRDA:152,0,31,16
DA:153,48
BRDA:153,0,0,48
BRDA:153,0,1,48
BRDA:153,0,2,10
BRDA:153,0,3,10
BRDA:153,0,4,10
BRDA:153,0,5,10
BRDA:153,0,6,10
BRDA:153,0,7,10
BRDA:153,0,8,10
BRDA:153,0,9,10
BRDA:153,0,10,10
BRDA:153,0,11,10
BRDA:153,0,12,10
BRDA:153,0,13,10
BRDA:153,0,14,10
BRDA:153,0,15,10
BRDA:153,0,16,10
BRDA:153,0,17,10
BRDA:153,0,18,10
BRDA:153,0,19,10
BRDA:153,0,20,10
BRDA:153,0,21,10
BRDA:153,0,22,22
BRDA:153,0,23,22
BRDA:153,0,24,10
BRDA:153,0,25,10
BRDA:153,0,26,10
BRDA:153,0,27,10
BRDA:153,0,28,10
BRDA:153,0,29,10
BRDA:153,0,30,10
BRDA:153,0,31,10
BRDA:153,0,32,10
BRDA:153,0,33,10
BRDA:153,0,34,10
BRDA:153,0,35,10
BRDA:153,0,36,10
BRDA:153,0,37,10
BRDA:153,0,38,10
BRDA:153,0,39,10
BRDA:153,0,40,10
BRDA:153,0,41,10
BRDA:153,0,42,10
BRDA:153,0,43,10
BRDA:153,0,44,26
BRDA:153,0,45,26
BRDA:153,0,46,10
BRDA:153,0,47,10
BRDA:153,0,48,10
BRDA:153,0,49,10
BRDA:153,0,50,10
BRDA:153,0,51,10
BRDA:153,0,52,10
BRDA:153,0,53,10
BRDA:153,0,54,10
BRDA:153,0,55,10
BRDA:153,0,56,10
BRDA:153,0,57,10
BRDA:153,0,58,10
BRDA:153,0,59,10
BRDA:153,0,60,10
BRDA:153,0,61,10
BRDA:153,0,62,10
BRDA:153,0,63,10
BRDA:153,0,64,10
BRDA:153,0,65,10
BRDA:153,0,66,22
BRDA:153,0,67,22
BRDA:153,0,68,10
BRDA:153,0,69,10
BRDA:153,0,70,10
BRDA:153,0,71,10
BRDA:153,0,72,10
BRDA:153,0,73,10
BRDA:153,0,74,10
BRDA:153,0,75,10
BRDA:153,0,76,10
BRDA:153,0,77,10
BRDA:153,0,78,10
BRDA:153,0,79,10
BRDA:153,0,80,10
BRDA:153,0,81,10
BRDA:153,0,82,10
BRDA:153,0,83,10
BRDA:153,0,84,18
BRDA:153,0,85,18
BRDA:153,0,86,16
BRDA:153,0,87,16
BRDA:153,0,88,10
BRDA:153,0,89,10
BRDA:153,0,90,10
BRDA:153,0,91,10
BRDA:153,0,92,10
BRDA:153,0,93,10
BRDA:153,0,94,10
BRDA:153,0,95,10
DA:154,90
BRDA:154,0,0,90
BRDA:154,0,1,90
DA:157,7
BRDA:157,0,0,0
BRDA:157,0,1,0
BRDA:157,0,2,0
BRDA:157,0,3,0
BRDA:157,0,4,0
BRDA:157,0,5,0
BRDA:157,0,6,0
BRDA:157,0,7,0
BRDA:157,0,8,0
BRDA:157,0,9,0
BRDA:157,0,10,0
BRDA:157,0,11,0
BRDA:157,0,12,0
BRDA:157,0,13,0
BRDA:157,0,14,6
BRDA:157,0,15,5
BRDA:157,0,16,7
BRDA:157,0,17,6
BRDA:157,0,18,1
BRDA:157,0,19,0
BRDA:157,0,20,6
BRDA:157,0,21,6
BRDA:157,0,22,3
BRDA:157,0,23,2
BRDA:157,0,24,3
BRDA:157,0,25,3
BRDA:157,0,26,0
BRDA:157,0,27,0
BRDA:157,0,28,0
BRDA:157,0,29,0
BRDA:157,0,30,0
BRDA:157,0,31,0
BRDA:157,0,32,6
BRDA:157,0,33,5
BRDA:157,0,34,0
BRDA:157,0,35,0
BRDA:157,0,36,0
BRDA:157,0,37,0
BRDA:157,0,38,0
BRDA:157,0,39,0
BRDA:157,0,40,0
BRDA:157,0,41,0
BRDA:157,0,42,0
BRDA:157,0,43,0
BRDA:157,0,44,0
BRDA:157,0,45,0
BRDA:157,0,46,6
BRDA:157,0,47,5
BRDA:157,0,48,4
BRDA:157,0,49,3
BRDA:157,0,50,3
BRDA:157,0,51,3
BRDA:157,0,52,6
BRDA:157,0,53,5
BRDA:157,0,54,4
BRDA:157,0,55,3
BRDA:157,0,56,3
BRDA:157,0,57,3
BRDA:157,0,58,0
BRDA:157,0,59,0
BRDA:157,0,60,0
BRDA:157,0,61,0
BRDA:157,0,62,0
BRDA:157,0,63,0
BRDA:157,0,64,5
BRDA:157,0,65,5
BRDA:157,0,66,0
BRDA:157,0,67,0
BRDA:157,0,68,0
BRDA:157,0,69,0
BRDA:157,0,70,0
BRDA:157,0,71,0
BRDA:157,0,72,0
BRDA:157,0,73,0
BRDA:157,0,74,0
BRDA:157,0,75,0
BRDA:157,0,76,0
BRDA:157,0,77,0
BRDA:157,0,78,3
BRDA:157,0,79,3
BRDA:157,0,80,4
BRDA:157,0,81,3
BRDA:157,0,82,3
BRDA:157,0,83,3
BRDA:157,0,84,3
BRDA:157,0,85,3
BRDA:157,0,86,6
BRDA:157,0,87,6
BRDA:157,0,88,4
BRDA:157,0,89,3
BRDA:157,0,90,3
BRDA:157,0,91,3
BRDA:157,0,92,0
BRDA:157,0,93,0
BRDA:157,0,94,0
BRDA:157,0,95,0
BRDA:157,0,96,4
BRDA:157,0,97,3
BRDA:157,0,98,0
BRDA:157,0,99,0
BRDA:157,0,100,0
BRDA:157,0,101,0
BRDA:157,0,102,0
BRDA:157,0,103,0
BRDA:157,0,104,0
BRDA:157,0,105,0
BRDA:157,0,106,0
BRDA:157,0,107,0
BRDA:157,0,108,0
BRDA:157,0,109,0
BRDA:157,0,110,5
BRDA:157,0,111,5
BRDA:157,0,112,2
BRDA:157,0,113,2
BRDA:157,0,114,5
BRDA:157,0,115,4
BRDA:157,0,116,6
BRDA:157,0,117,5
BRDA:157,0,118,3
BRDA:157,0,119,3
BRDA:157,0,120,4
BRDA:157,0,121,3
BRDA:157,0,122,3
BRDA:157,0,123,3
BRDA:157,0,124,0
BRDA:157,0,125,0
BRDA:157,0,126,0
BRDA:157,0,127,0
DA:158,7
BRDA:158,0,0,7
BRDA:158,0,1,6
BRDA:158,0,2,6
BRDA:158,0,3,6
BRDA:158,0,4,6
BRDA:158,0,5,6
BRDA:158,0,6,6
BRDA:158,0,7,6
BRDA:158,0,8,6
BRDA:158,0,9,6
BRDA:158,0,10,6
BRDA:158,0,11,6
BRDA:158,0,12,6
BRDA:158,0,13,6
BRDA:158,0,14,7
BRDA:158,0,15,6
BRDA:158,0,16,5
BRDA:158,0,17,5
BRDA:158,0,18,5
BRDA:158,0,19,5
BRDA:158,0,20,0
BRDA:158,0,21,0
BRDA:158,0,22,1
BRDA:158,0,23,0
BRDA:158,0,24,6
BRDA:158,0,25,6
BRDA:158,0,26,5
BRDA:158,0,27,4
BRDA:158,0,28,6
BRDA:158,0,29,6
BRDA:158,0,30,6
BRDA:158,0,31,6
BRDA:158,0,32,7
BRDA:158,0,33,6
BRDA:158,0,34,4
BRDA:158,0,35,4
BRDA:158,0,36,4
BRDA:158,0,37,4
BRDA:158,0,38,4
BRDA:158,0,39,4
BRDA:158,0,40,4
BRDA:158,0,41,4
BRDA:158,0,42,4
BRDA:158,0,43,4
BRDA:158,0,44,4
BRDA:158,0,45,4
BRDA:158,0,46,7
BRDA:158,0,47,6
BRDA:158,0,48,7
BRDA:158,0,49,7
BRDA:158,0,50,3
BRDA:158,0,51,2
BRDA:158,0,52,3
BRDA:158,0,53,3
BRDA:158,0,54,3
BRDA:158,0,55,2
BRDA:158,0,56,4
BRDA:158,0,57,4
BRDA:158,0,58,7
BRDA:158,0,59,6
BRDA:158,0,60,4
BRDA:158,0,61,4
BRDA:158,0,62,4
BRDA:158,0,63,4
DA:159,4
BRDA:159,0,0,2
BRDA:159,0,1,2
BRDA:159,0,2,0
BRDA:159,0,3,0
BRDA:159,0,4,0
BRDA:159,0,5,0
BRDA:159,0,6,0
BRDA:159,0,7,0
BRDA:159,0,8,0
BRDA:159,0,9,0
BRDA:159,0,10,0
BRDA:159,0,11,0
BRDA:159,0,12,0
BRDA:159,0,13,0
BRDA:159,0,14,0
BRDA:159,0,15,0
BRDA:159,0,16,0
BRDA:159,0,17,0
BRDA:159,0,18,0
BRDA:159,0,19,0
BRDA:159,0,20,0
BRDA:159,0,21,0
BRDA:159,0,22,0
BRDA:159,0,23,0
BRDA:159,0,24,0
BRDA:159,0,25,0
BRDA:159,0,26,0
BRDA:159,0,27,0
BRDA:159,0,28,0
BRDA:159,0,29,0
BRDA:159,0,30,0
BRDA:159,0,31,0
BRDA:159,0,32,4
BRDA:159,0,33,4
BRDA:159,0,34,0
BRDA:159,0,35,0
BRDA:159,0,36,0
BRDA:159,0,37,0
BRDA:159,0,38,0
BRDA:159,0,39,0
BRDA:159,0,40,0
BRDA:159,0,41,0
BRDA:159,0,42,0
BRDA:159,0,43,0
BRDA:159,0,44,0
BRDA:159,0,45,0
BRDA:159,0,46,0
BRDA:159,0,47,0
BRDA:159,0,48,0
BRDA:159,0,49,0
BRDA:159,0,50,0
BRDA:159,0,51,0
BRDA:159,0,52,0
BRDA:159,0,53,0
BRDA:159,0,54,0
BRDA:159,0,55,0
BRDA:159,0,56,0
BRDA:159,0,57,0
BRDA:159,0,58,0
BRDA:159,0,59,0
BRDA:159,0,60,0
BRDA:159,0,61,0
BRDA:159,0,62,0
BRDA:159,0,63,0
BRDA:159,0,64,4
BRDA:159,0,65,4
BRDA:159,0,66,0
BRDA:159,0,67,0
BRDA:159,0,68,0
BRDA:159,0,69,0
BRDA:159,0,70,0
BRDA:159,0,71,0
BRDA:159,0,72,0
BRDA:159,0,73,0
BRDA:159,0,74,0
BRDA:159,0,75,0
BRDA:159,0,76,0
BRDA:159,0,77,0
BRDA:159,0,78,0
BRDA:159,0,79,0
BRDA:159,0,80,0
BRDA:159,0,81,0
BRDA:159,0,82,0
BRDA:159,0,83,0
BRDA:159,0,84,0
BRDA:159,0,85,0
BRDA:159,0,86,0
BRDA:159,0,87,0
BRDA:159,0,88,0
BRDA:159,0,89,0
BRDA:159,0,90,0
BRDA:159,0,91,0
BRDA:159,0,92,0
BRDA:159,0,93,0
BRDA:159,0,94,0
BRDA:159,0,95,0
BRDA:159,0,96,4
BRDA:159,0,97,4
BRDA:159,0,98,0
BRDA:159,0,99,0
BRDA:159,0,100,0
BRDA:159,0,101,0
BRDA:159,0,102,0
BRDA:159,0,103,0
BRDA:159,0,104,0
BRDA:159,0,105,0
BRDA:159,0,106,0
BRDA:159,0,107,0
BRDA:159,0,108,0
BRDA:159,0,109,0
BRDA:159,0,110,0
BRDA:159,0,111,0
BRDA:159,0,112,0
BRDA:159,0,113,0
BRDA:159,0,114,0
BRDA:159,0,115,0
BRDA:159,0,116,0
BRDA:159,0,117,0
BRDA:159,0,118,0
BRDA:159,0,119,0
BRDA:159,0,120,0
BRDA:159,0,121,0
BRDA:159,0,122,0
BRDA:159,0,123,0
BRDA:159,0,124,0
BRDA:159,0,125,0
BRDA:159,0,126,0
BRDA:159,0,127,0
DA:166,496
BRDA:166,0,0,496
BRDA:166,0,1,495
BRDA:166,0,2,203
BRDA:166,0,3,202
BRDA:166,0,4,203
BRDA:166,0,5,202
BRDA:166,0,6,203
BRDA:166,0,7,202
BRDA:166,0,8,203
BRDA:166,0,9,202
BRDA:166,0,10,203
BRDA:166,0,11,202
BRDA:166,0,12,203
BRDA:166,0,13,202
BRDA:166,0,14,355
BRDA:166,0,15,354
BRDA:166,0,16,317
BRDA:166,0,17,317
BRDA:166,0,18,493
BRDA:166,0,19,493
BRDA:166,0,20,376
BRDA:166,0,21,376
BRDA:166,0,22,295
BRDA:166,0,23,295
BRDA:166,0,24,233
BRDA:166,0,25,233
BRDA:166,0,26,203
BRDA:166,0,27,202
BRDA:166,0,28,203
BRDA:166,0,29,202
BRDA:166,0,30,203
BRDA:166,0,31,202
DA:167,62
BRDA:167,0,0,3
BRDA:167,0,1,2
BRDA:167,0,2,0
BRDA:167,0,3,0
BRDA:167,0,4,0
BRDA:167,0,5,0
BRDA:167,0,6,0
BRDA:167,0,7,0
BRDA:167,0,8,0
BRDA:167,0,9,0
BRDA:167,0,10,0
BRDA:167,0,11,0
BRDA:167,0,12,0
BRDA:167,0,13,0
BRDA:167,0,14,6
BRDA:167,0,15,5
BRDA:167,0,16,31
BRDA:167,0,17,30
BRDA:167,0,18,34
BRDA:167,0,19,33
BRDA:167,0,20,6
BRDA:167,0,21,5
BRDA:167,0,22,34
BRDA:167,0,23,33
BRDA:167,0,24,62
BRDA:167,0,25,61
BRDA:167,0,26,34
BRDA:167,0,27,33
BRDA:167,0,28,0
BRDA:167,0,29,0
BRDA:167,0,30,0
BRDA:167,0,31,0
DA:168,120
BRDA:168,0,0,103
BRDA:168,0,1,103
BRDA:168,0,2,0
BRDA:168,0,3,0
BRDA:168,0,4,0
BRDA:168,0,5,0
BRDA:168,0,6,0
BRDA:168,0,7,0
BRDA:168,0,8,0
BRDA:168,0,9,0
BRDA:168,0,10,0
BRDA:168,0,11,0
BRDA:168,0,12,0
BRDA:168,0,13,0
BRDA:168,0,14,83
BRDA:168,0,15,82
BRDA:168,0,16,105
BRDA:168,0,17,104
BRDA:168,0,18,97
BRDA:168,0,19,96
BRDA:168,0,20,120
BRDA:168,0,21,120
BRDA:168,0,22,106
BRDA:168,0,23,105
BRDA:168,0,24,51
BRDA:168,0,25,51
BRDA:168,0,26,26
BRDA:168,0,27,26
BRDA:168,0,28,0
BRDA:168,0,29,0
BRDA:168,0,30,0
BRDA:168,0,31,0
DA:169,72
BRDA:169,0,0,67
BRDA:169,0,1,66
BRDA:169,0,2,70
BRDA:169,0,3,70
BRDA:169,0,4,70
BRDA:169,0,5,70
BRDA:169,0,6,70
BRDA:169,0,7,70
BRDA:169,0,8,70
BRDA:169,0,9,70
BRDA:169,0,10,70
BRDA:169,0,11,70
BRDA:169,0,12,70
BRDA:169,0,13,70
BRDA:169,0,14,60
BRDA:169,0,15,59
BRDA:169,0,16,60
BRDA:169,0,17,60
BRDA:169,0,18,63
BRDA:169,0,19,62
BRDA:169,0,20,9
BRDA:169,0,21,9
BRDA:169,0,22,6
BRDA:169,0,23,5
BRDA:169,0,24,70
BRDA:169,0,25,70
BRDA:169,0,26,72
BRDA:169,0,27,71
BRDA:169,0,28,70
BRDA:169,0,29,70
BRDA:169,0,30,70
BRDA:169,0,31,70
DA:170,38
BRDA:170,0,0,38
BRDA:170,0,1,38
BRDA:170,0,2,0
BRDA:170,0,3,0
BRDA:170,0,4,0
BRDA:170,0,5,0
BRDA:170,0,6,0
BRDA:170,0,7,0
BRDA:170,0,8,0
BRDA:170,0,9,0
BRDA:170,0,10,0
BRDA:170,0,11,0
BRDA:170,0,12,0
BRDA:170,0,13,0
BRDA:170,0,14,0
BRDA:170,0,15,0
BRDA:170,0,16,0
BRDA:170,0,17,0
BRDA:170,0,18,0
BRDA:170,0,19,0
BRDA:170,0,20,0
BRDA:170,0,21,0
BRDA:170,0,22,0
BRDA:170,0,23,0
BRDA:170,0,24,0
BRDA:170,0,25,0
BRDA:170,0,26,0
BRDA:170,0,27,0
BRDA:170,0,28,0
BRDA:170,0,29,0
BRDA:170,0,30,0
BRDA:170,0,31,0
DA:171,120
BRDA:171,0,0,103
BRDA:171,0,1,103
BRDA:171,0,2,0
BRDA:171,0,3,0
BRDA:171,0,4,0
BRDA:171,0,5,0
BRDA:171,0,6,0
BRDA:171,0,7,0
BRDA:171,0,8,0
BRDA:171,0,9,0
BRDA:171,0,10,0
BRDA:171,0,11,0
BRDA:171,0,12,0
BRDA:171,0,13,0
BRDA:171,0,14,83
BRDA:171,0,15,82
BRDA:171,0,16,105
BRDA:171,0,17,104
BRDA:171,0,18,97
BRDA:171,0,19,96
BRDA:171,0,20,120
BRDA:171,0,21,120
BRDA:171,0,22,106
BRDA:171,0,23,105
BRDA:171,0,24,51
BRDA:171,0,25,51
BRDA:171,0,26,26
BRDA:171,0,27,26
BRDA:171,0,28,0
BRDA:171,0,29,0
BRDA:171,0,30,0
BRDA:171,0,31,0
DA:172,72
BRDA:172,0,0,67
BRDA:172,0,1,66
BRDA:172,0,2,70
BRDA:172,0,3,70
BRDA:172,0,4,70
BRDA:172,0,5,70
BRDA:172,0,6,70
BRDA:172,0,7,70
BRDA:172,0,8,70
BRDA:172,0,9,70
BRDA:172,0,10,70
BRDA:172,0,11,70
BRDA:172,0,12,70
BRDA:172,0,13,70
BRDA:172,0,14,60
BRDA:172,0,15,59
BRDA:172,0,16,60
BRDA:172,0,17,60
BRDA:172,0,18,63
BRDA:172,0,19,62
BRDA:172,0,20,9
BRDA:172,0,21,9
BRDA:172,0,22,6
BRDA:172,0,23,5
BRDA:172,0,24,70
BRDA:172,0,25,70
BRDA:172,0,26,72
BRDA:172,0,27,71
BRDA:172,0,28,70
BRDA:172,0,29,70
BRDA:172,0,30,70
BRDA:172,0,31,70
DA:173,38
BRDA:173,0,0,38
BRDA:173,0,1,38
BRDA:173,0,2,0
BRDA:173,0,3,0
BRDA:173,0,4,0
BRDA:173,0,5,0
BRDA:173,0,6,0
BRDA:173,0,7,0
BRDA:173,0,8,0
BRDA:173,0,9,0
BRDA:173,0,10,0
BRDA:173,0,11,0
BRDA:173,0,12,0
BRDA:173,0,13,0
BRDA:173,0,14,0
BRDA:173,0,15,0
BRDA:173,0,16,0
BRDA:173,0,17,0
BRDA:173,0,18,0
BRDA:173,0,19,0
BRDA:173,0,20,0
BRDA:173,0,21,0
BRDA:173,0,22,0
BRDA:173,0,23,0
BRDA:173,0,24,0
BRDA:173,0,25,0
BRDA:173,0,26,0
BRDA:173,0,27,0
BRDA:173,0,28,0
BRDA:173,0,29,0
BRDA:173,0,30,0
BRDA:173,0,31,0
DA:176,15
BRDA:176,0,0,15
BRDA:176,0,1,15
DA:177,3520
BRDA:177,0,0,84
BRDA:177,0,1,84
BRDA:177,0,2,0
BRDA:177,0,3,0
BRDA:177,0,4,0
BRDA:177,0,5,0
BRDA:177,0,6,0
BRDA:177,0,7,0
BRDA:177,0,8,0
BRDA:177,0,9,0
BRDA:177,0,10,0
BRDA:177,0,11,0
BRDA:177,0,12,0
BRDA:177,0,13,0
BRDA:177,0,14,53
BRDA:177,0,15,52
BRDA:177,0,16,90
BRDA:177,0,17,89
BRDA:177,0,18,94
BRDA:177,0,19,93
BRDA:177,0,20,94
BRDA:177,0,21,94
BRDA:177,0,22,93
BRDA:177,0,23,92
BRDA:177,0,24,61
BRDA:177,0,25,61
BRDA:177,0,26,33
BRDA:177,0,27,33
BRDA:177,0,28,0
BRDA:177,0,29,0
BRDA:177,0,30,0
BRDA:177,0,31,0
BRDA:177,0,32,3520
BRDA:177,0,33,2520
BRDA:177,0,34,2520
BRDA:177,0,35,3520
DA:178,394
BRDA:178,0,0,196
BRDA:178,0,1,196
BRDA:178,0,2,384
BRDA:178,0,3,384
BRDA:178,0,4,341
BRDA:178,0,5,340
BRDA:178,0,6,306
BRDA:178,0,7,306
BRDA:178,0,8,194
BRDA:178,0,9,193
BRDA:178,0,10,223
BRDA:178,0,11,222
BRDA:178,0,12,216
BRDA:178,0,13,215
BRDA:178,0,14,216
BRDA:178,0,15,215
BRDA:178,0,16,216
BRDA:178,0,17,215
BRDA:178,0,18,216
BRDA:178,0,19,215
BRDA:178,0,20,216
BRDA:178,0,21,215
BRDA:178,0,22,299
BRDA:178,0,23,298
BRDA:178,0,24,216
BRDA:178,0,25,215
BRDA:178,0,26,216
BRDA:178,0,27,215
BRDA:178,0,28,216
BRDA:178,0,29,215
BRDA:178,0,30,216
BRDA:178,0,31,215
BRDA:178,0,32,216
BRDA:178,0,33,215
BRDA:178,0,34,216
BRDA:178,0,35,215
BRDA:178,0,36,216
BRDA:178,0,37,215
BRDA:178,0,38,216
BRDA:178,0,39,215
BRDA:178,0,40,216
BRDA:178,0,41,215
BRDA:178,0,42,216
BRDA:178,0,43,215
BRDA:178,0,44,364
BRDA:178,0,45,364
BRDA:178,0,46,216
BRDA:178,0,47,215
BRDA:178,0,48,216
BRDA:178,0,49,215
BRDA:178,0,50,358
BRDA:178,0,51,357
BRDA:178,0,52,372
BRDA:178,0,53,372
BRDA:178,0,54,348
BRDA:178,0,55,348
BRDA:178,0,56,343
BRDA:178,0,57,343
BRDA:178,0,58,353
BRDA:178,0,59,352
BRDA:178,0,60,375
BRDA:178,0,61,374
BRDA:178,0,62,394
BRDA:178,0,63,394
DA:181,445
BRDA:181,0,0,342
BRDA:181,0,1,341
BRDA:181,0,2,357
BRDA:181,0,3,356
BRDA:181,0,4,341
BRDA:181,0,5,340
BRDA:181,0,6,278
BRDA:181,0,7,278
BRDA:181,0,8,257
BRDA:181,0,9,256
BRDA:181,0,10,250
BRDA:181,0,11,250
BRDA:181,0,12,248
BRDA:181,0,13,247
BRDA:181,0,14,248
BRDA:181,0,15,247
BRDA:181,0,16,248
BRDA:181,0,17,247
BRDA:181,0,18,248
BRDA:181,0,19,247
BRDA:181,0,20,248
BRDA:181,0,21,247
BRDA:181,0,22,363
BRDA:181,0,23,363
BRDA:181,0,24,248
BRDA:181,0,25,247
BRDA:181,0,26,248
BRDA:181,0,27,247
BRDA:181,0,28,248
BRDA:181,0,29,247
BRDA:181,0,30,248
BRDA:181,0,31,247
BRDA:181,0,32,248
BRDA:181,0,33,247
BRDA:181,0,34,248
BRDA:181,0,35,247
BRDA:181,0,36,248
BRDA:181,0,37,247
BRDA:181,0,38,248
BRDA:181,0,39,247
BRDA:181,0,40,248
BRDA:181,0,41,247
BRDA:181,0,42,248
BRDA:181,0,43,247
BRDA:181,0,44,405
BRDA:181,0,45,405
BRDA:181,0,46,248
BRDA:181,0,47,247
BRDA:181,0,48,248
BRDA:181,0,49,247
BRDA:181,0,50,356
BRDA:181,0,51,356
BRDA:181,0,52,332
BRDA:181,0,53,332
BRDA:181,0,54,394
BRDA:181,0,55,394
BRDA:181,0,56,392
BRDA:181,0,57,392
BRDA:181,0,58,441
BRDA:181,0,59,440
BRDA:181,0,60,445
BRDA:181,0,61,445
BRDA:181,0,62,359
BRDA:181,0,63,359
DA:184,75
BRDA:184,0,0,75
BRDA:184,0,1,74
BRDA:184,0,2,40
BRDA:184,0,3,40
BRDA:184,0,4,0
BRDA:184,0,5,0
BRDA:184,0,6,0
BRDA:184,0,7,0
BRDA:184,0,8,0
BRDA:184,0,9,0
BRDA:184,0,10,0
BRDA:184,0,11,0
BRDA:184,0,12,0
BRDA:184,0,13,0
BRDA:184,0,14,0
BRDA:184,0,15,0
DA:185,70
BRDA:185,0,0,70
BRDA:185,0,1,69
DA:186,3382
BRDA:186,0,0,0
BRDA:186,0,1,0
BRDA:186,0,2,0
BRDA:186,0,3,0
BRDA:186,0,4,0
BRDA:186,0,5,0
BRDA:186,0,6,0
BRDA:186,0,7,0
BRDA:186,0,8,0
BRDA:186,0,9,0
BRDA:186,0,10,0
BRDA:186,0,11,0
BRDA:186,0,12,0
BRDA:186,0,13,0
BRDA:186,0,14,0
BRDA:186,0,15,0
BRDA:186,0,16,0
BRDA:186,0,17,0
BRDA:186,0,18,0
BRDA:186,0,19,0
BRDA:186,0,20,0
BRDA:186,0,21,0
BRDA:186,0,22,0
BRDA:186,0,23,0
BRDA:186,0,24,0
BRDA:186,0,25,0
BRDA:186,0,26,0
BRDA:186,0,27,0
BRDA:186,0,28,70
BRDA:186,0,29,69
BRDA:186,0,30,0
BRDA:186,0,31,0
BRDA:186,0,32,2658
BRDA:186,0,33,3382
BRDA:186,0,34,3382
BRDA:186,0,35,2658
DA:187,74
BRDA:187,0,0,67
BRDA:187,0,1,66
BRDA:187,0,2,74
BRDA:187,0,3,73
BRDA:187,0,4,74
BRDA:187,0,5,73
BRDA:187,0,6,74
BRDA:187,0,7,73
BRDA:187,0,8,74
BRDA:187,0,9,73
BRDA:187,0,10,74
BRDA:187,0,11,73
BRDA:187,0,12,74
BRDA:187,0,13,73
BRDA:187,0,14,60
BRDA:187,0,15,59
BRDA:187,0,16,60
BRDA:187,0,17,60
BRDA:187,0,18,63
BRDA:187,0,19,62
BRDA:187,0,20,9
BRDA:187,0,21,9
BRDA:187,0,22,6
BRDA:187,0,23,5
BRDA:187,0,24,70
BRDA:187,0,25,70
BRDA:187,0,26,72
BRDA:187,0,27,71
BRDA:187,0,28,52
BRDA:187,0,29,51
BRDA:187,0,30,74
BRDA:187,0,31,73
DA:188,80
BRDA:188,0,0,67
BRDA:188,0,1,66
BRDA:188,0,2,0
BRDA:188,0,3,0
BRDA:188,0,4,0
BRDA:188,0,5,0
BRDA:188,0,6,0
BRDA:188,0,7,0
BRDA:188,0,8,0
BRDA:188,0,9,0
BRDA:188,0,10,0
BRDA:188,0,11,0
BRDA:188,0,12,0
BRDA:188,0,13,0
BRDA:188,0,14,62
BRDA:188,0,15,62
BRDA:188,0,16,56
BRDA:188,0,17,55
BRDA:188,0,18,80
BRDA:188,0,19,80
BRDA:188,0,20,28
BRDA:188,0,21,27
BRDA:188,0,22,18
BRDA:188,0,23,18
BRDA:188,0,24,74
BRDA:188,0,25,73
BRDA:188,0,26,70
BRDA:188,0,27,70
BRDA:188,0,28,72
BRDA:188,0,29,72
BRDA:188,0,30,0
BRDA:188,0,31,0
DA:189,67
BRDA:189,0,0,67
BRDA:189,0,1,66
BRDA:189,0,2,54
BRDA:189,0,3,53
BRDA:189,0,4,8
BRDA:189,0,5,8
BRDA:189,0,6,65
BRDA:189,0,7,65
BRDA:189,0,8,37
BRDA:189,0,9,37
BRDA:189,0,10,28
BRDA:189,0,11,27
BRDA:189,0,12,24
BRDA:189,0,13,23
BRDA:189,0,14,24
BRDA:189,0,15,23
BRDA:189,0,16,24
BRDA:189,0,17,23
BRDA:189,0,18,24
BRDA:189,0,19,23
BRDA:189,0,20,24
BRDA:189,0,21,23
BRDA:189,0,22,0
BRDA:189,0,23,0
BRDA:189,0,24,24
BRDA:189,0,25,23
BRDA:189,0,26,24
BRDA:189,0,27,23
BRDA:189,0,28,24
BRDA:189,0,29,23
BRDA:189,0,30,24
BRDA:189,0,31,23
BRDA:189,0,32,24
BRDA:189,0,33,23
BRDA:189,0,34,24
BRDA:189,0,35,23
BRDA:189,0,36,24
BRDA:189,0,37,23
BRDA:189,0,38,24
BRDA:189,0,39,23
BRDA:189,0,40,24
BRDA:189,0,41,23
BRDA:189,0,42,24
BRDA:189,0,43,23
BRDA:189,0,44,36
BRDA:189,0,45,36
BRDA:189,0,46,24
BRDA:189,0,47,23
BRDA:189,0,48,24
BRDA:189,0,49,23
BRDA:189,0,50,64
BRDA:189,0,51,63
BRDA:189,0,52,62
BRDA:189,0,53,61
BRDA:189,0,54,48
BRDA:189,0,55,47
BRDA:189,0,56,60
BRDA:189,0,57,60
BRDA:189,0,58,51
BRDA:189,0,59,51
BRDA:189,0,60,41
BRDA:189,0,61,40
BRDA:189,0,62,52
BRDA:189,0,63,51
DA:191,121
BRDA:191,0,0,103
BRDA:191,0,1,103
BRDA:191,0,2,0
BRDA:191,0,3,0
BRDA:191,0,4,0
BRDA:191,0,5,0
BRDA:191,0,6,0
BRDA:191,0,7,0
BRDA:191,0,8,0
BRDA:191,0,9,0
BRDA:191,0,10,0
BRDA:191,0,11,0
BRDA:191,0,12,0
BRDA:191,0,13,0
BRDA:191,0,14,107
BRDA:191,0,15,106
BRDA:191,0,16,94
BRDA:191,0,17,94
BRDA:191,0,18,91
BRDA:191,0,19,91
BRDA:191,0,20,121
BRDA:191,0,21,120
BRDA:191,0,22,101
BRDA:191,0,23,101
BRDA:191,0,24,45
BRDA:191,0,25,44
BRDA:191,0,26,24
BRDA:191,0,27,23
BRDA:191,0,28,4
BRDA:191,0,29,4
BRDA:191,0,30,0
BRDA:191,0,31,0
DA:192,134
BRDA:192,0,0,103
BRDA:192,0,1,103
BRDA:192,0,2,106
BRDA:192,0,3,105
BRDA:192,0,4,79
BRDA:192,0,5,79
BRDA:192,0,6,45
BRDA:192,0,7,45
BRDA:192,0,8,24
BRDA:192,0,9,23
BRDA:192,0,10,20
BRDA:192,0,11,20
BRDA:192,0,12,0
BRDA:192,0,13,0
BRDA:192,0,14,0
BRDA:192,0,15,0
BRDA:192,0,16,0
BRDA:192,0,17,0
BRDA:192,0,18,0
BRDA:192,0,19,0
BRDA:192,0,20,0
BRDA:192,0,21,0
BRDA:192,0,22,103
BRDA:192,0,23,103
BRDA:192,0,24,0
BRDA:192,0,25,0
BRDA:192,0,26,0
BRDA:192,0,27,0
BRDA:192,0,28,0
BRDA:192,0,29,0
BRDA:192,0,30,0
BRDA:192,0,31,0
BRDA:192,0,32,0
BRDA:192,0,33,0
BRDA:192,0,34,0
BRDA:192,0,35,0
BRDA:192,0,36,0
BRDA:192,0,37,0
BRDA:192,0,38,0
BRDA:192,0,39,0
BRDA:192,0,40,0
BRDA:192,0,41,0
BRDA:192,0,42,0
BRDA:192,0,43,0
BRDA:192,0,44,78
BRDA:192,0,45,77
BRDA:192,0,46,0
BRDA:192,0,47,0
BRDA:192,0,48,0
BRDA:192,0,49,0
BRDA:192,0,50,104
BRDA:192,0,51,103
BRDA:192,0,52,81
BRDA:192,0,53,80
BRDA:192,0,54,134
BRDA:192,0,55,133
BRDA:192,0,56,101
BRDA:192,0,57,101
BRDA:192,0,58,71
BRDA:192,0,59,70
BRDA:192,0,60,111
BRDA:192,0,61,110
BRDA:192,0,62,112
BRDA:192,0,63,112
DA:195,156
BRDA:195,0,0,71
BRDA:195,0,1,71
BRDA:195,0,2,141
BRDA:195,0,3,140
BRDA:195,0,4,115
BRDA:195,0,5,114
BRDA:195,0,6,95
BRDA:195,0,7,94
BRDA:195,0,8,84
BRDA:195,0,9,84
BRDA:195,0,10,83
BRDA:195,0,11,83
BRDA:195,0,12,70
BRDA:195,0,13,70
BRDA:195,0,14,70
BRDA:195,0,15,70
BRDA:195,0,16,70
BRDA:195,0,17,70
BRDA:195,0,18,70
BRDA:195,0,19,70
BRDA:195,0,20,70
BRDA:195,0,21,70
BRDA:195,0,22,119
BRDA:195,0,23,118
BRDA:195,0,24,70
BRDA:195,0,25,70
BRDA:195,0,26,70
BRDA:195,0,27,70
BRDA:195,0,28,70
BRDA:195,0,29,70
BRDA:195,0,30,70
BRDA:195,0,31,70
BRDA:195,0,32,70
BRDA:195,0,33,70
BRDA:195,0,34,70
BRDA:195,0,35,70
BRDA:195,0,36,70
BRDA:195,0,37,70
BRDA:195,0,38,70
BRDA:195,0,39,70
BRDA:195,0,40,70
BRDA:195,0,41,70
BRDA:195,0,42,70
BRDA:195,0,43,70
BRDA:195,0,44,133
BRDA:195,0,45,133
BRDA:195,0,46,70
BRDA:195,0,47,70
BRDA:195,0,48,70
BRDA:195,0,49,70
BRDA:195,0,50,144
BRDA:195,0,51,143
BRDA:195,0,52,155
BRDA:195,0,53,154
BRDA:195,0,54,148
BRDA:195,0,55,147
BRDA:195,0,56,149
BRDA:195,0,57,149
BRDA:195,0,58,152
BRDA:195,0,59,151
BRDA:195,0,60,156
BRDA:195,0,61,156
BRDA:195,0,62,134
BRDA:195,0,63,133
DA:196,32
BRDA:196,0,0,0
BRDA:196,0,1,0
BRDA:196,0,2,0
BRDA:196,0,3,0
BRDA:196,0,4,0
BRDA:196,0,5,0
BRDA:196,0,6,0
BRDA:196,0,7,0
BRDA:196,0,8,0
BRDA:196,0,9,0
BRDA:196,0,10,0
BRDA:196,0,11,0
BRDA:196,0,12,0
BRDA:196,0,13,0
BRDA:196,0,14,0
BRDA:196,0,15,0
BRDA:196,0,16,0
BRDA:196,0,17,0
BRDA:196,0,18,0
BRDA:196,0,19,0
BRDA:196,0,20,0
BRDA:196,0,21,0
BRDA:196,0,22,12
BRDA:196,0,23,12
BRDA:196,0,24,0
BRDA:196,0,25,0
BRDA:196,0,26,0
BRDA:196,0,27,0
BRDA:196,0,28,0
BRDA:196,0,29,0
BRDA:196,0,30,0
BRDA:196,0,31,0
BRDA:196,0,32,0
BRDA:196,0,33,0
BRDA:196,0,34,0
BRDA:196,0,35,0
BRDA:196,0,36,0
BRDA:196,0,37,0
BRDA:196,0,38,0
BRDA:196,0,39,0
BRDA:196,0,40,0
BRDA:196,0,41,0
BRDA:196,0,42,0
BRDA:196,0,43,0
BRDA:196,0,44,16
BRDA:196,0,45,16
BRDA:196,0,46,0
BRDA:196,0,47,0
BRDA:196,0,48,0
BRDA:196,0,49,0
BRDA:196,0,50,16
BRDA:196,0,51,16
BRDA:196,0,52,12
BRDA:196,0,53,12
BRDA:196,0,54,28
BRDA:196,0,55,28
BRDA:196,0,56,32
BRDA:196,0,57,32
BRDA:196,0,58,16
BRDA:196,0,59,16
BRDA:196,0,60,0
BRDA:196,0,61,0
BRDA:196,0,62,0
BRDA:196,0,63,0
DA:197,156
BRDA:197,0,0,71
BRDA:197,0,1,71
BRDA:197,0,2,141
BRDA:197,0,3,140
BRDA:197,0,4,115
BRDA:197,0,5,114
BRDA:197,0,6,95
BRDA:197,0,7,94
BRDA:197,0,8,84
BRDA:197,0,9,84
BRDA:197,0,10,83
BRDA:197,0,11,83
BRDA:197,0,12,70
BRDA:197,0,13,70
BRDA:197,0,14,70
BRDA:197,0,15,70
BRDA:197,0,16,70
BRDA:197,0,17,70
BRDA:197,0,18,70
BRDA:197,0,19,70
BRDA:197,0,20,70
BRDA:197,0,21,70
BRDA:197,0,22,119
BRDA:197,0,23,118
BRDA:197,0,24,70
BRDA:197,0,25,70
BRDA:197,0,26,70
BRDA:197,0,27,70
BRDA:197,0,28,70
BRDA:197,0,29,70
BRDA:197,0,30,70
BRDA:197,0,31,70
BRDA:197,0,32,70
BRDA:197,0,33,70
BRDA:197,0,34,70
BRDA:197,0,35,70
BRDA:197,0,36,70
BRDA:197,0,37,70
BRDA:197,0,38,70
BRDA:197,0,39,70
BRDA:197,0,40,70
BRDA:197,0,41,70
BRDA:197,0,42,70
BRDA:197,0,43,70
BRDA:197,0,44,133
BRDA:197,0,45,133
BRDA:197,0,46,70
BRDA:197,0,47,70
BRDA:197,0,48,70
BRDA:197,0,49,70
BRDA:197,0,50,70
BRDA:197,0,51,70
BRDA:197,0,52,70
BRDA:197,0,53,70
BRDA:197,0,54,70
BRDA:197,0,55,70
BRDA:197,0,56,70
BRDA:197,0,57,70
BRDA:197,0,58,70
BRDA:197,0,59,70
BRDA:197,0,60,70
BRDA:197,0,61,70
BRDA:197,0,62,70
BRDA:197,0,63,70
BRDA:197,0,64,70
BRDA:197,0,65,70
BRDA:197,0,66,144
BRDA:197,0,67,143
BRDA:197,0,68,70
BRDA:197,0,69,70
BRDA:197,0,70,70
BRDA:197,0,71,70
BRDA:197,0,72,70
BRDA:197,0,73,70
BRDA:197,0,74,70
BRDA:197,0,75,70
BRDA:197,0,76,70
BRDA:197,0,77,70
BRDA:197,0,78,70
BRDA:197,0,79,70
BRDA:197,0,80,70
BRDA:197,0,81,70
BRDA:197,0,82,70
BRDA:197,0,83,70
BRDA:197,0,84,155
BRDA:197,0,85,154
BRDA:197,0,86,148
BRDA:197,0,87,147
BRDA:197,0,88,149
BRDA:197,0,89,149
BRDA:197,0,90,152
BRDA:197,0,91,151
BRDA:197,0,92,156
BRDA:197,0,93,156
BRDA:197,0,94,134
BRDA:197,0,95,133
DA:198,32
BRDA:198,0,0,0
BRDA:198,0,1,0
BRDA:198,0,2,0
BRDA:198,0,3,0
BRDA:198,0,4,0
BRDA:198,0,5,0
BRDA:198,0,6,0
BRDA:198,0,7,0
BRDA:198,0,8,0
BRDA:198,0,9,0
BRDA:198,0,10,0
BRDA:198,0,11,0
BRDA:198,0,12,0
BRDA:198,0,13,0
BRDA:198,0,14,0
BRDA:198,0,15,0
BRDA:198,0,16,0
BRDA:198,0,17,0
BRDA:198,0,18,0
BRDA:198,0,19,0
BRDA:198,0,20,0
BRDA:198,0,21,0
BRDA:198,0,22,12
BRDA:198,0,23,12
BRDA:198,0,24,0
BRDA:198,0,25,0
BRDA:198,0,26,0
BRDA:198,0,27,0
BRDA:198,0,28,0
BRDA:198,0,29,0
BRDA:198,0,30,0
BRDA:198,0,31,0
BRDA:198,0,32,0
BRDA:198,0,33,0
BRDA:198,0,34,0
BRDA:198,0,35,0
BRDA:198,0,36,0
BRDA:198,0,37,0
BRDA:198,0,38,0
BRDA:198,0,39,0
BRDA:198,0,40,0
BRDA:198,0,41,0
BRDA:198,0,42,0
BRDA:198,0,43,0
BRDA:198,0,44,16
BRDA:198,0,45,16
BRDA:198,0,46,0
BRDA:198,0,47,0
BRDA:198,0,48,0
BRDA:198,0,49,0
BRDA:198,0,50,0
BRDA:198,0,51,0
BRDA:198,0,52,0
BRDA:198,0,53,0
BRDA:198,0,54,0
BRDA:198,0,55,0
BRDA:198,0,56,0
BRDA:198,0,57,0
BRDA:198,0,58,0
BRDA:198,0,59,0
BRDA:198,0,60,0
BRDA:198,0,61,0
BRDA:198,0,62,0
BRDA:198,0,63,0
BRDA:198,0,64,0
BRDA:198,0,65,0
BRDA:198,0,66,16
BRDA:198,0,67,16
BRDA:198,0,68,0
BRDA:198,0,69,0
BRDA:198,0,70,0
BRDA:198,0,71,0
BRDA:198,0,72,0
BRDA:198,0,73,0
BRDA:198,0,74,0
BRDA:198,0,75,0
BRDA:198,0,76,0
BRDA:198,0,77,0
BRDA:198,0,78,0
BRDA:198,0,79,0
BRDA:198,0,80,0
BRDA:198,0,81,0
BRDA:198,0,82,0
BRDA:198,0,83,0
BRDA:198,0,84,12
BRDA:198,0,85,12
BRDA:198,0,86,28
BRDA:198,0,87,28
BRDA:198,0,88,32
BRDA:198,0,89,32
BRDA:198,0,90,16
BRDA:198,0,91,16
BRDA:198,0,92,0
BRDA:198,0,93,0
BRDA:198,0,94,0
BRDA:198,0,95,0
DA:199,72
BRDA:199,0,0,67
BRDA:199,0,1,66
BRDA:199,0,2,70
BRDA:199,0,3,70
BRDA:199,0,4,70
BRDA:199,0,5,70
BRDA:199,0,6,70
BRDA:199,0,7,70
BRDA:199,0,8,70
BRDA:199,0,9,70
BRDA:199,0,10,70
BRDA:199,0,11,70
BRDA:199,0,12,70
BRDA:199,0,13,70
BRDA:199,0,14,70
BRDA:199,0,15,70
BRDA:199,0,16,70
BRDA:199,0,17,70
BRDA:199,0,18,70
BRDA:199,0,19,70
BRDA:199,0,20,70
BRDA:199,0,21,70
BRDA:199,0,22,60
BRDA:199,0,23,59
BRDA:199,0,24,70
BRDA:199,0,25,70
BRDA:199,0,26,70
BRDA:199,0,27,70
BRDA:199,0,28,70
BRDA:199,0,29,70
BRDA:199,0,30,70
BRDA:199,0,31,70
BRDA:199,0,32,70
BRDA:199,0,33,70
BRDA:199,0,34,70
BRDA:199,0,35,70
BRDA:199,0,36,70
BRDA:199,0,37,70
BRDA:199,0,38,70
BRDA:199,0,39,70
BRDA:199,0,40,70
BRDA:199,0,41,70
BRDA:199,0,42,70
BRDA:199,0,43,70
BRDA:199,0,44,60
BRDA:199,0,45,60
BRDA:199,0,46,70
BRDA:199,0,47,70
BRDA:199,0,48,70
BRDA:199,0,49,70
BRDA:199,0,50,70
BRDA:199,0,51,70
BRDA:199,0,52,70
BRDA:199,0,53,70
BRDA:199,0,54,70
BRDA:199,0,55,70
BRDA:199,0,56,70
BRDA:199,0,57,70
BRDA:199,0,58,70
BRDA:199,0,59,70
BRDA:199,0,60,70
BRDA:199,0,61,70
BRDA:199,0,62,70
BRDA:199,0,63,70
BRDA:199,0,64,70
BRDA:199,0,65,70
BRDA:199,0,66,63
BRDA:199,0,67,62
BRDA:199,0,68,70
BRDA:199,0,69,70
BRDA:199,0,70,70
BRDA:199,0,71,70
BRDA:199,0,72,70
BRDA:199,0,73,70
BRDA:199,0,74,70
BRDA:199,0,75,70
BRDA:199,0,76,70
BRDA:199,0,77,70
BRDA:199,0,78,70
BRDA:199,0,79,70
BRDA:199,0,80,70
BRDA:199,0,81,70
BRDA:199,0,82,70
BRDA:199,0,83,70
BRDA:199,0,84,9
BRDA:199,0,85,9
BRDA:199,0,86,6
BRDA:199,0,87,5
BRDA:199,0,88,70
BRDA:199,0,89,70
BRDA:199,0,90,72
BRDA:199,0,91,71
BRDA:199,0,92,70
BRDA:199,0,93,70
BRDA:199,0,94,70
BRDA:199,0,95,70
DA:200,38
BRDA:200,0,0,38
BRDA:200,0,1,38
BRDA:200,0,2,0
BRDA:200,0,3,0
BRDA:200,0,4,0
BRDA:200,0,5,0
BRDA:200,0,6,0
BRDA:200,0,7,0
BRDA:200,0,8,0
BRDA:200,0,9,0
BRDA:200,0,10,0
BRDA:200,0,11,0
BRDA:200,0,12,0
BRDA:200,0,13,0
BRDA:200,0,14,0
BRDA:200,0,15,0
BRDA:200,0,16,0
BRDA:200,0,17,0
BRDA:200,0,18,0
BRDA:200,0,19,0
BRDA:200,0,20,0
BRDA:200,0,21,0
BRDA:200,0,22,0
BRDA:200,0,23,0
BRDA:200,0,24,0
BRDA:200,0,25,0
BRDA:200,0,26,0
BRDA:200,0,27,0
BRDA:200,0,28,0
BRDA:200,0,29,0
BRDA:200,0,30,0
BRDA:200,0,31,0
BRDA:200,0,32,0
BRDA:200,0,33,0
BRDA:200,0,34,0
BRDA:200,0,35,0
BRDA:200,0,36,0
BRDA:200,0,37,0
BRDA:200,0,38,0
BRDA:200,0,39,0
BRDA:200,0,40,0
BRDA:200,0,41,0
BRDA:200,0,42,0
BRDA:200,0,43,0
BRDA:200,0,44,0
BRDA:200,0,45,0
BRDA:200,0,46,0
BRDA:200,0,47,0
BRDA:200,0,48,0
BRDA:200,0,49,0
BRDA:200,0,50,0
BRDA:200,0,51,0
BRDA:200,0,52,0
BRDA:200,0,53,0
BRDA:200,0,54,0
BRDA:200,0,55,0
BRDA:200,0,56,0
BRDA:200,0,57,0
BRDA:200,0,58,0
BRDA:200,0,59,0
BRDA:200,0,60,0
BRDA:200,0,61,0
BRDA:200,0,62,0
BRDA:200,0,63,0
BRDA:200,0,64,0
BRDA:200,0,65,0
BRDA:200,0,66,0
BRDA:200,0,67,0
BRDA:200,0,68,0
BRDA:200,0,69,0
BRDA:200,0,70,0
BRDA:200,0,71,0
BRDA:200,0,72,0
BRDA:200,0,73,0
BRDA:200,0,74,0
BRDA:200,0,75,0
BRDA:200,0,76,0
BRDA:200,0,77,0
BRDA:200,0,78,0
BRDA:200,0,79,0
BRDA:200,0,80,0
BRDA:200,0,81,0
BRDA:200,0,82,0
BRDA:200,0,83,0
BRDA:200,0,84,0
BRDA:200,0,85,0
BRDA:200,0,86,0
BRDA:200,0,87,0
BRDA:200,0,88,0
BRDA:200,0,89,0
BRDA:200,0,90,0
BRDA:200,0,91,0
BRDA:200,0,92,0
BRDA:200,0,93,0
BRDA:200,0,94,0
BRDA:200,0,95,0
DA:201,2
BRDA:201,0,0,0
BRDA:201,0,1,0
BRDA:201,0,2,0
BRDA:201,0,3,0
BRDA:201,0,4,0
BRDA:201,0,5,0
BRDA:201,0,6,2
BRDA:201,0,7,1
BRDA:201,0,8,1
BRDA:201,0,9,1
BRDA:201,0,10,0
BRDA:201,0,11,0
DA:202,1
BRDA:202,0,0,0
BRDA:202,0,1,0
BRDA:202,0,2,0
BRDA:202,0,3,0
BRDA:202,0,4,0
BRDA:202,0,5,0
BRDA:202,0,6,1
BRDA:202,0,7,1
BRDA:202,0,8,0
BRDA:202,0,9,0
BRDA:202,0,10,0
BRDA:202,0,11,0
DA:205,31
BRDA:205,0,0,0
BRDA:205,0,1,0
BRDA:205,0,2,19
BRDA:205,0,3,19
BRDA:205,0,4,21
BRDA:205,0,5,21
BRDA:205,0,6,24
BRDA:205,0,7,24
BRDA:205,0,8,21
BRDA:205,0,9,21
BRDA:205,0,10,25
BRDA:205,0,11,24
BRDA:205,0,12,15
BRDA:205,0,13,15
BRDA:205,0,14,15
BRDA:205,0,15,15
BRDA:205,0,16,15
BRDA:205,0,17,15
BRDA:205,0,18,15
BRDA:205,0,19,15
BRDA:205,0,20,15
BRDA:205,0,21,15
BRDA:205,0,22,0
BRDA:205,0,23,0
BRDA:205,0,24,15
BRDA:205,0,25,15
BRDA:205,0,26,15
BRDA:205,0,27,15
BRDA:205,0,28,15
BRDA:205,0,29,15
BRDA:205,0,30,15
BRDA:205,0,31,15
BRDA:205,0,32,15
BRDA:205,0,33,15
BRDA:205,0,34,15
BRDA:205,0,35,15
BRDA:205,0,36,15
BRDA:205,0,37,15
BRDA:205,0,38,15
BRDA:205,0,39,15
BRDA:205,0,40,15
BRDA:205,0,41,15
BRDA:205,0,42,15
BRDA:205,0,43,15
BRDA:205,0,44,0
BRDA:205,0,45,0
BRDA:205,0,46,15
BRDA:205,0,47,15
BRDA:205,0,48,15
BRDA:205,0,49,15
BRDA:205,0,50,0
BRDA:205,0,51,0
BRDA:205,0,52,0
BRDA:205,0,53,0
BRDA:205,0,54,0
BRDA:205,0,55,0
BRDA:205,0,56,0
BRDA:205,0,57,0
BRDA:205,0,58,31
BRDA:205,0,59,30
BRDA:205,0,60,21
BRDA:205,0,61,21
BRDA:205,0,62,22
BRDA:205,0,63,21
DA:206,3688
BRDA:206,0,0,31
BRDA:206,0,1,30
BRDA:206,0,2,0
BRDA:206,0,3,0
BRDA:206,0,4,0
BRDA:206,0,5,0
BRDA:206,0,6,0
BRDA:206,0,7,0
BRDA:206,0,8,0
BRDA:206,0,9,0
BRDA:206,0,10,0
BRDA:206,0,11,0
BRDA:206,0,12,0
BRDA:206,0,13,0
BRDA:206,0,14,22
BRDA:206,0,15,22
BRDA:206,0,16,29
BRDA:206,0,17,28
BRDA:206,0,18,17
BRDA:206,0,19,17
BRDA:206,0,20,17
BRDA:206,0,21,17
BRDA:206,0,22,23
BRDA:206,0,23,23
BRDA:206,0,24,22
BRDA:206,0,25,22
BRDA:206,0,26,20
BRDA:206,0,27,19
BRDA:206,0,28,3
BRDA:206,0,29,3
BRDA:206,0,30,0
BRDA:206,0,31,0
BRDA:206,0,32,3688
BRDA:206,0,33,2352
BRDA:206,0,34,2352
BRDA:206,0,35,3688
DA:207,31
BRDA:207,0,0,31
BRDA:207,0,1,30
BRDA:207,0,2,0
BRDA:207,0,3,0
BRDA:207,0,4,0
BRDA:207,0,5,0
BRDA:207,0,6,0
BRDA:207,0,7,0
BRDA:207,0,8,0
BRDA:207,0,9,0
BRDA:207,0,10,0
BRDA:207,0,11,0
BRDA:207,0,12,0
BRDA:207,0,13,0
BRDA:207,0,14,0
BRDA:207,0,15,0
BRDA:207,0,16,22
BRDA:207,0,17,22
BRDA:207,0,18,29
BRDA:207,0,19,28
BRDA:207,0,20,17
BRDA:207,0,21,17
BRDA:207,0,22,17
BRDA:207,0,23,17
BRDA:207,0,24,23
BRDA:207,0,25,23
BRDA:207,0,26,22
BRDA:207,0,27,22
BRDA:207,0,28,20
BRDA:207,0,29,19
BRDA:207,0,30,4
BRDA:207,0,31,3
BRDA:207,0,32,3
BRDA:207,0,33,3
DA:208,90
BRDA:208,0,0,90
BRDA:208,0,1,90
DA:209,90
BRDA:209,0,0,90
BRDA:209,0,1,90
DA:210,31
BRDA:210,0,0,19
BRDA:210,0,1,18
BRDA:210,0,2,15
BRDA:210,0,3,15
BRDA:210,0,4,15
BRDA:210,0,5,15
BRDA:210,0,6,15
BRDA:210,0,7,15
BRDA:210,0,8,15
BRDA:210,0,9,15
BRDA:210,0,10,15
BRDA:210,0,11,15
BRDA:210,0,12,15
BRDA:210,0,13,15
BRDA:210,0,14,15
BRDA:210,0,15,15
BRDA:210,0,16,21
BRDA:210,0,17,20
BRDA:210,0,18,22
BRDA:210,0,19,22
BRDA:210,0,20,31
BRDA:210,0,21,30
BRDA:210,0,22,28
BRDA:210,0,23,28
BRDA:210,0,24,15
BRDA:210,0,25,14
BRDA:210,0,26,15
BRDA:210,0,27,15
BRDA:210,0,28,15
BRDA:210,0,29,15
BRDA:210,0,30,15
BRDA:210,0,31,15
BRDA:210,0,32,15
BRDA:210,0,33,15
DA:211,31
BRDA:211,0,0,19
BRDA:211,0,1,18
BRDA:211,0,2,0
BRDA:211,0,3,0
BRDA:211,0,4,0
BRDA:211,0,5,0
BRDA:211,0,6,0
BRDA:211,0,7,0
BRDA:211,0,8,0
BRDA:211,0,9,0
BRDA:211,0,10,0
BRDA:211,0,11,0
BRDA:211,0,12,0
BRDA:211,0,13,0
BRDA:211,0,14,0
BRDA:211,0,15,0
BRDA:211,0,16,0
BRDA:211,0,17,0
BRDA:211,0,18,21
BRDA:211,0,19,20
BRDA:211,0,20,22
BRDA:211,0,21,22
BRDA:211,0,22,31
BRDA:211,0,23,30
BRDA:211,0,24,28
BRDA:211,0,25,28
BRDA:211,0,26,15
BRDA:211,0,27,14
BRDA:211,0,28,15
BRDA:211,0,29,15
BRDA:211,0,30,16
BRDA:211,0,31,15
BRDA:211,0,32,0
BRDA:211,0,33,0
BRDA:211,0,34,0
BRDA:211,0,35,0
DA:212,31
BRDA:212,0,0,19
BRDA:212,0,1,18
BRDA:212,0,2,0
BRDA:212,0,3,0
BRDA:212,0,4,0
BRDA:212,0,5,0
BRDA:212,0,6,0
BRDA:212,0,7,0
BRDA:212,0,8,0
BRDA:212,0,9,0
BRDA:212,0,10,0
BRDA:212,0,11,0
BRDA:212,0,12,0
BRDA:212,0,13,0
BRDA:212,0,14,21
BRDA:212,0,15,20
BRDA:212,0,16,22
BRDA:212,0,17,22
BRDA:212,0,18,31
BRDA:212,0,19,30
BRDA:212,0,20,28
BRDA:212,0,21,28
BRDA:212,0,22,15
BRDA:212,0,23,14
BRDA:212,0,24,15
BRDA:212,0,25,15
BRDA:212,0,26,16
BRDA:212,0,27,15
BRDA:212,0,28,0
BRDA:212,0,29,0
BRDA:212,0,30,0
BRDA:212,0,31,0
DA:215,230
BRDA:215,0,0,200
BRDA:215,0,1,200
BRDA:215,0,2,0
BRDA:215,0,3,0
BRDA:215,0,4,0
BRDA:215,0,5,0
BRDA:215,0,6,0
BRDA:215,0,7,0
BRDA:215,0,8,0
BRDA:215,0,9,0
BRDA:215,0,10,0
BRDA:215,0,11,0
BRDA:215,0,12,0
BRDA:215,0,13,0
BRDA:215,0,14,0
BRDA:215,0,15,0
BRDA:215,0,16,0
BRDA:215,0,17,0
BRDA:215,0,18,0
BRDA:215,0,19,0
BRDA:215,0,20,0
BRDA:215,0,21,0
BRDA:215,0,22,100
BRDA:215,0,23,100
BRDA:215,0,24,0
BRDA:215,0,25,0
BRDA:215,0,26,0
BRDA:215,0,27,0
BRDA:215,0,28,0
BRDA:215,0,29,0
BRDA:215,0,30,0
BRDA:215,0,31,0
BRDA:215,0,32,0
BRDA:215,0,33,0
BRDA:215,0,34,0
BRDA:215,0,35,0
BRDA:215,0,36,0
BRDA:215,0,37,0
BRDA:215,0,38,0
BRDA:215,0,39,0
BRDA:215,0,40,0
BRDA:215,0,41,0
BRDA:215,0,42,0
BRDA:215,0,43,0
BRDA:215,0,44,230
BRDA:215,0,45,229
BRDA:215,0,46,0
BRDA:215,0,47,0
BRDA:215,0,48,0
BRDA:215,0,49,0
BRDA:215,0,50,115
BRDA:215,0,51,115
BRDA:215,0,52,100
BRDA:215,0,53,99
BRDA:215,0,54,0
BRDA:215,0,55,0
BRDA:215,0,56,0
BRDA:215,0,57,0
BRDA:215,0,58,0
BRDA:215,0,59,0
BRDA:215,0,60,0
BRDA:215,0,61,0
BRDA:215,0,62,0
BRDA:215,0,63,0
DA:216,170
BRDA:216,0,0,170
BRDA:216,0,1,170
BRDA:216,0,2,0
BRDA:216,0,3,0
BRDA:216,0,4,0
BRDA:216,0,5,0
BRDA:216,0,6,0
BRDA:216,0,7,0
BRDA:216,0,8,0
BRDA:216,0,9,0
BRDA:216,0,10,0
BRDA:216,0,11,0
BRDA:216,0,12,0
BRDA:216,0,13,0
BRDA:216,0,14,0
BRDA:216,0,15,0
BRDA:216,0,16,0
BRDA:216,0,17,0
BRDA:216,0,18,0
BRDA:216,0,19,0
BRDA:216,0,20,0
BRDA:216,0,21,0
BRDA:216,0,22,85
BRDA:216,0,23,85
BRDA:216,0,24,0
BRDA:216,0,25,0
BRDA:216,0,26,0
BRDA:216,0,27,0
BRDA:216,0,28,0
BRDA:216,0,29,0
BRDA:216,0,30,0
BRDA:216,0,31,0
BRDA:216,0,32,0
BRDA:216,0,33,0
BRDA:216,0,34,0
BRDA:216,0,35,0
BRDA:216,0,36,0
BRDA:216,0,37,0
BRDA:216,0,38,0
BRDA:216,0,39,0
BRDA:216,0,40,0
BRDA:216,0,41,0
BRDA:216,0,42,0
BRDA:216,0,43,0
BRDA:216,0,44,50
BRDA:216,0,45,49
BRDA:216,0,46,0
BRDA:216,0,47,0
BRDA:216,0,48,0
BRDA:216,0,49,0
BRDA:216,0,50,0
BRDA:216,0,51,0
BRDA:216,0,52,1
BRDA:216,0,53,0
BRDA:216,0,54,0
BRDA:216,0,55,0
BRDA:216,0,56,0
BRDA:216,0,57,0
BRDA:216,0,58,0
BRDA:216,0,59,0
BRDA:216,0,60,0
BRDA:216,0,61,0
BRDA:216,0,62,0
BRDA:216,0,63,0
DA:217,170
BRDA:217,0,0,170
BRDA:217,0,1,170
BRDA:217,0,2,0
BRDA:217,0,3,0
BRDA:217,0,4,0
BRDA:217,0,5,0
BRDA:217,0,6,0
BRDA:217,0,7,0
BRDA:217,0,8,0
BRDA:217,0,9,0
[...]
BRDA:68,0,10,0
BRDA:68,0,11,0
BRDA:68,0,12,0
BRDA:68,0,13,0
BRDA:68,0,14,0
BRDA:68,0,15,0
BRDA:68,0,16,0
BRDA:68,0,17,0
BRDA:68,0,18,0
BRDA:68,0,19,0
BRDA:68,0,20,0
BRDA:68,0,21,0
BRDA:68,0,22,0
BRDA:68,0,23,0
DA:69,6
BRDA:69,0,0,6
BRDA:69,0,1,5
BRDA:69,0,2,0
BRDA:69,0,3,0
BRDA:69,0,4,0
BRDA:69,0,5,0
BRDA:69,0,6,0
BRDA:69,0,7,0
BRDA:69,0,8,0
BRDA:69,0,9,0
BRDA:69,0,10,0
BRDA:69,0,11,0
BRDA:69,0,12,0
BRDA:69,0,13,0
BRDA:69,0,14,0
BRDA:69,0,15,0
DA:83,5966
BRDA:83,0,0,75
BRDA:83,0,1,75
BRDA:83,0,2,5623
BRDA:83,0,3,5966
BRDA:83,0,4,75
DA:88,6039
DA:89,6019
BRDA:89,0,0,6019
BRDA:89,0,1,20
BRDA:89,0,2,6019
BRDA:89,0,3,20
DA:90,20
DA:91,20
DA:92,20
DA:93,20
DA:94,20
DA:95,6019
DA:98,6019
DA:104,6004
BRDA:104,0,0,15
BRDA:104,0,1,6004
DA:105,15
DA:108,6019
DA:109,6019
DA:110,5944
BRDA:110,0,0,75
BRDA:110,0,1,5944
DA:115,60
BRDA:115,0,0,60
BRDA:115,0,1,15
BRDA:115,0,2,60
BRDA:115,0,3,15
DA:117,60
DA:118,60
DA:119,15
BRDA:119,0,0,15
BRDA:119,0,1,0
BRDA:119,0,2,0
BRDA:119,0,3,15
DA:121,15
DA:122,15
DA:123,15
DA:124,0
BRDA:124,0,0,0
BRDA:124,0,1,0
BRDA:124,0,2,0
BRDA:124,0,3,0
BRDA:124,0,4,0
DA:126,0
DA:127,0
DA:128,0
DA:129,0
DA:131,0
DA:132,0
DA:133,0
DA:139,0
DA:142,0
BRDA:142,0,0,0
BRDA:142,0,1,0
BRDA:142,0,2,0
BRDA:142,0,3,0
BRDA:142,0,4,0
DA:143,0
DA:144,0
DA:149,0
DA:152,0
BRF:227
BRH:57
end_of_record
SF:rtl/stats.v
DA:22,6039
BRDA:22,0,0,6039
BRDA:22,0,1,6038
DA:23,1
BRDA:23,0,0,1
BRDA:23,0,1,0
DA:24,15
BRDA:24,0,0,15
BRDA:24,0,1,15
DA:25,4
BRDA:25,0,0,4
BRDA:25,0,1,4
DA:26,11
BRDA:26,0,0,11
BRDA:26,0,1,11
DA:27,0
BRDA:27,0,0,0
BRDA:27,0,1,0
DA:28,3
BRDA:28,0,0,3
BRDA:28,0,1,3
DA:29,9
BRDA:29,0,0,9
BRDA:29,0,1,8
BRDA:29,0,2,0
BRDA:29,0,3,0
BRDA:29,0,4,0
BRDA:29,0,5,0
BRDA:29,0,6,0
BRDA:29,0,7,0
BRDA:29,0,8,0
BRDA:29,0,9,0
BRDA:29,0,10,0
BRDA:29,0,11,0
BRDA:29,0,12,0
BRDA:29,0,13,0
BRDA:29,0,14,0
BRDA:29,0,15,0
DA:30,9
BRDA:30,0,0,9
BRDA:30,0,1,8
BRDA:30,0,2,0
BRDA:30,0,3,0
BRDA:30,0,4,0
BRDA:30,0,5,0
BRDA:30,0,6,0
BRDA:30,0,7,0
BRDA:30,0,8,0
BRDA:30,0,9,0
BRDA:30,0,10,0
BRDA:30,0,11,0
BRDA:30,0,12,0
BRDA:30,0,13,0
BRDA:30,0,14,0
BRDA:30,0,15,0
BRDA:30,0,16,0
BRDA:30,0,17,0
BRDA:30,0,18,0
BRDA:30,0,19,0
BRDA:30,0,20,0
BRDA:30,0,21,0
BRDA:30,0,22,3
BRDA:30,0,23,3
BRDA:30,0,24,0
BRDA:30,0,25,0
BRDA:30,0,26,0
BRDA:30,0,27,0
BRDA:30,0,28,0
BRDA:30,0,29,0
BRDA:30,0,30,0
BRDA:30,0,31,0
BRDA:30,0,32,0
BRDA:30,0,33,0
BRDA:30,0,34,0
BRDA:30,0,35,0
BRDA:30,0,36,0
BRDA:30,0,37,0
BRDA:30,0,38,0
BRDA:30,0,39,0
BRDA:30,0,40,0
BRDA:30,0,41,0
BRDA:30,0,42,0
BRDA:30,0,43,0
BRDA:30,0,44,3
BRDA:30,0,45,2
BRDA:30,0,46,0
BRDA:30,0,47,0
BRDA:30,0,48,0
BRDA:30,0,49,0
BRDA:30,0,50,0
BRDA:30,0,51,0
BRDA:30,0,52,0
BRDA:30,0,53,0
BRDA:30,0,54,0
BRDA:30,0,55,0
BRDA:30,0,56,0
BRDA:30,0,57,0
BRDA:30,0,58,0
BRDA:30,0,59,0
BRDA:30,0,60,0
BRDA:30,0,61,0
BRDA:30,0,62,0
BRDA:30,0,63,0
DA:31,3
BRDA:31,0,0,3
BRDA:31,0,1,3
BRDA:31,0,2,0
BRDA:31,0,3,0
BRDA:31,0,4,0
BRDA:31,0,5,0
BRDA:31,0,6,0
BRDA:31,0,7,0
BRDA:31,0,8,0
BRDA:31,0,9,0
BRDA:31,0,10,0
BRDA:31,0,11,0
BRDA:31,0,12,0
BRDA:31,0,13,0
BRDA:31,0,14,0
BRDA:31,0,15,0
BRDA:31,0,16,0
BRDA:31,0,17,0
BRDA:31,0,18,0
BRDA:31,0,19,0
BRDA:31,0,20,0
BRDA:31,0,21,0
BRDA:31,0,22,1
BRDA:31,0,23,0
BRDA:31,0,24,0
BRDA:31,0,25,0
BRDA:31,0,26,0
BRDA:31,0,27,0
BRDA:31,0,28,0
BRDA:31,0,29,0
BRDA:31,0,30,0
BRDA:31,0,31,0
BRDA:31,0,32,0
BRDA:31,0,33,0
BRDA:31,0,34,0
BRDA:31,0,35,0
BRDA:31,0,36,0
BRDA:31,0,37,0
BRDA:31,0,38,0
BRDA:31,0,39,0
BRDA:31,0,40,0
BRDA:31,0,41,0
BRDA:31,0,42,0
BRDA:31,0,43,0
BRDA:31,0,44,0
BRDA:31,0,45,0
BRDA:31,0,46,0
BRDA:31,0,47,0
BRDA:31,0,48,0
BRDA:31,0,49,0
BRDA:31,0,50,0
BRDA:31,0,51,0
BRDA:31,0,52,0
BRDA:31,0,53,0
BRDA:31,0,54,0
BRDA:31,0,55,0
BRDA:31,0,56,0
BRDA:31,0,57,0
BRDA:31,0,58,0
BRDA:31,0,59,0
BRDA:31,0,60,0
BRDA:31,0,61,0
BRDA:31,0,62,0
BRDA:31,0,63,0
DA:32,6
BRDA:32,0,0,6
BRDA:32,0,1,5
BRDA:32,0,2,0
BRDA:32,0,3,0
BRDA:32,0,4,0
BRDA:32,0,5,0
BRDA:32,0,6,0
BRDA:32,0,7,0
BRDA:32,0,8,0
BRDA:32,0,9,0
BRDA:32,0,10,0
BRDA:32,0,11,0
BRDA:32,0,12,0
BRDA:32,0,13,0
BRDA:32,0,14,0
BRDA:32,0,15,0
BRDA:32,0,16,0
BRDA:32,0,17,0
BRDA:32,0,18,0
BRDA:32,0,19,0
BRDA:32,0,20,0
BRDA:32,0,21,0
BRDA:32,0,22,3
BRDA:32,0,23,2
BRDA:32,0,24,0
BRDA:32,0,25,0
BRDA:32,0,26,0
BRDA:32,0,27,0
BRDA:32,0,28,0
BRDA:32,0,29,0
BRDA:32,0,30,0
BRDA:32,0,31,0
BRDA:32,0,32,0
BRDA:32,0,33,0
BRDA:32,0,34,0
BRDA:32,0,35,0
BRDA:32,0,36,0
BRDA:32,0,37,0
BRDA:32,0,38,0
BRDA:32,0,39,0
BRDA:32,0,40,0
BRDA:32,0,41,0
BRDA:32,0,42,0
BRDA:32,0,43,0
BRDA:32,0,44,2
BRDA:32,0,45,2
BRDA:32,0,46,0
BRDA:32,0,47,0
BRDA:32,0,48,0
BRDA:32,0,49,0
BRDA:32,0,50,0
BRDA:32,0,51,0
BRDA:32,0,52,0
BRDA:32,0,53,0
BRDA:32,0,54,0
BRDA:32,0,55,0
BRDA:32,0,56,0
BRDA:32,0,57,0
BRDA:32,0,58,0
BRDA:32,0,59,0
BRDA:32,0,60,0
BRDA:32,0,61,0
BRDA:32,0,62,0
BRDA:32,0,63,0
DA:33,0
BRDA:33,0,0,0
BRDA:33,0,1,0
DA:34,5
BRDA:34,0,0,5
BRDA:34,0,1,4
BRDA:34,0,2,0
BRDA:34,0,3,0
BRDA:34,0,4,0
BRDA:34,0,5,0
BRDA:34,0,6,0
BRDA:34,0,7,0
BRDA:34,0,8,0
BRDA:34,0,9,0
BRDA:34,0,10,0
BRDA:34,0,11,0
BRDA:34,0,12,0
BRDA:34,0,13,0
BRDA:34,0,14,0
BRDA:34,0,15,0
DA:40,6039
DA:41,6019
BRDA:41,0,0,6019
BRDA:41,0,1,20
BRDA:41,0,2,6019
BRDA:41,0,3,20
DA:43,20
DA:44,20
DA:45,20
DA:46,20
DA:47,20
DA:48,6019
DA:52,6016
BRDA:52,0,0,3
BRDA:52,0,1,6016
DA:53,3
DA:54,3
DA:55,3
DA:56,3
DA:57,6016
DA:58,6001
BRDA:58,0,0,15
BRDA:58,0,1,6001
DA:60,15
BRDA:60,0,0,15
BRDA:60,0,1,0
DA:61,15
DA:64,11
BRDA:64,0,0,4
BRDA:64,0,1,11
BRDA:64,0,2,0
BRDA:64,0,3,11
BRDA:64,0,4,4
DA:65,4
DA:66,11
BRDA:66,0,0,11
BRDA:66,0,1,4
BRDA:66,0,2,0
BRDA:66,0,3,4
BRDA:66,0,4,11
DA:67,11
DA:71,6016
BRDA:71,0,0,0
BRDA:71,0,1,6016
DA:72,0
DA:77,6004
BRDA:77,0,0,15
BRDA:77,0,1,6004
DA:78,15
BRF:264
BRH:21
end_of_record
SF:rtl/weight_ram.v
DA:27,6039
BRDA:27,0,0,6039
BRDA:27,0,1,6038
DA:28,1
BRDA:28,0,0,1
BRDA:28,0,1,0
DA:31,485
BRDA:31,0,0,485
BRDA:31,0,1,485
BRDA:31,0,2,0
BRDA:31,0,3,0
BRDA:31,0,4,0
BRDA:31,0,5,0
BRDA:31,0,6,0
BRDA:31,0,7,0
BRDA:31,0,8,0
BRDA:31,0,9,0
BRDA:31,0,10,0
BRDA:31,0,11,0
BRDA:31,0,12,0
BRDA:31,0,13,0
BRDA:31,0,14,320
BRDA:31,0,15,320
BRDA:31,0,16,345
BRDA:31,0,17,345
BRDA:31,0,18,280
BRDA:31,0,19,280
BRDA:31,0,20,275
BRDA:31,0,21,275
BRDA:31,0,22,0
BRDA:31,0,23,0
BRDA:31,0,24,0
BRDA:31,0,25,0
BRDA:31,0,26,0
BRDA:31,0,27,0
BRDA:31,0,28,0
BRDA:31,0,29,0
BRDA:31,0,30,0
BRDA:31,0,31,0
DA:32,140
BRDA:32,0,0,140
BRDA:32,0,1,140
BRDA:32,0,2,18
BRDA:32,0,3,18
BRDA:32,0,4,18
BRDA:32,0,5,18
BRDA:32,0,6,18
BRDA:32,0,7,18
BRDA:32,0,8,18
BRDA:32,0,9,18
BRDA:32,0,10,18
BRDA:32,0,11,18
BRDA:32,0,12,18
BRDA:32,0,13,18
BRDA:32,0,14,93
BRDA:32,0,15,92
BRDA:32,0,16,61
BRDA:32,0,17,60
BRDA:32,0,18,140
BRDA:32,0,19,140
BRDA:32,0,20,70
BRDA:32,0,21,70
BRDA:32,0,22,64
BRDA:32,0,23,64
BRDA:32,0,24,50
BRDA:32,0,25,50
BRDA:32,0,26,20
BRDA:32,0,27,20
BRDA:32,0,28,18
BRDA:32,0,29,18
BRDA:32,0,30,18
BRDA:32,0,31,18
DA:33,300
BRDA:33,0,0,300
BRDA:33,0,1,300
DA:34,496
BRDA:34,0,0,496
BRDA:34,0,1,495
BRDA:34,0,2,203
BRDA:34,0,3,202
BRDA:34,0,4,203
BRDA:34,0,5,202
BRDA:34,0,6,203
BRDA:34,0,7,202
BRDA:34,0,8,203
BRDA:34,0,9,202
BRDA:34,0,10,203
BRDA:34,0,11,202
BRDA:34,0,12,203
BRDA:34,0,13,202
BRDA:34,0,14,355
BRDA:34,0,15,354
BRDA:34,0,16,317
BRDA:34,0,17,317
BRDA:34,0,18,493
BRDA:34,0,19,493
BRDA:34,0,20,376
BRDA:34,0,21,376
BRDA:34,0,22,295
BRDA:34,0,23,295
BRDA:34,0,24,233
BRDA:34,0,25,233
BRDA:34,0,26,203
BRDA:34,0,27,202
BRDA:34,0,28,203
BRDA:34,0,29,202
BRDA:34,0,30,203
BRDA:34,0,31,202
DA:37,90
BRDA:37,0,0,90
BRDA:37,0,1,90
BRDA:37,0,2,0
BRDA:37,0,3,0
BRDA:37,0,4,0
BRDA:37,0,5,0
BRDA:37,0,6,0
BRDA:37,0,7,0
BRDA:37,0,8,0
BRDA:37,0,9,0
BRDA:37,0,10,0
BRDA:37,0,11,0
BRDA:37,0,12,0
BRDA:37,0,13,0
BRDA:37,0,14,48
BRDA:37,0,15,47
BRDA:37,0,16,24
BRDA:37,0,17,23
BRDA:37,0,18,12
BRDA:37,0,19,11
BRDA:37,0,20,6
BRDA:37,0,21,5
BRDA:37,0,22,0
BRDA:37,0,23,0
BRDA:37,0,24,0
BRDA:37,0,25,0
BRDA:37,0,26,0
BRDA:37,0,27,0
BRDA:37,0,28,0
BRDA:37,0,29,0
BRDA:37,0,30,0
BRDA:37,0,31,0
DA:38,46
BRDA:38,0,0,46
BRDA:38,0,1,46
BRDA:38,0,2,3
BRDA:38,0,3,3
BRDA:38,0,4,3
BRDA:38,0,5,3
BRDA:38,0,6,3
BRDA:38,0,7,3
BRDA:38,0,8,3
BRDA:38,0,9,3
BRDA:38,0,10,3
BRDA:38,0,11,3
BRDA:38,0,12,3
BRDA:38,0,13,3
BRDA:38,0,14,24
BRDA:38,0,15,24
BRDA:38,0,16,12
BRDA:38,0,17,12
BRDA:38,0,18,40
BRDA:38,0,19,40
BRDA:38,0,20,21
BRDA:38,0,21,21
BRDA:38,0,22,9
BRDA:38,0,23,9
BRDA:38,0,24,6
BRDA:38,0,25,6
BRDA:38,0,26,3
BRDA:38,0,27,3
BRDA:38,0,28,3
BRDA:38,0,29,3
BRDA:38,0,30,3
BRDA:38,0,31,3
DA:39,90
BRDA:39,0,0,90
BRDA:39,0,1,90
DA:40,63
BRDA:40,0,0,63
BRDA:40,0,1,63
BRDA:40,0,2,5
BRDA:40,0,3,5
BRDA:40,0,4,5
BRDA:40,0,5,5
BRDA:40,0,6,5
BRDA:40,0,7,5
BRDA:40,0,8,5
BRDA:40,0,9,5
BRDA:40,0,10,5
BRDA:40,0,11,5
BRDA:40,0,12,5
BRDA:40,0,13,5
BRDA:40,0,14,40
BRDA:40,0,15,40
BRDA:40,0,16,24
BRDA:40,0,17,24
BRDA:40,0,18,61
BRDA:40,0,19,61
BRDA:40,0,20,34
BRDA:40,0,21,34
BRDA:40,0,22,19
BRDA:40,0,23,19
BRDA:40,0,24,6
BRDA:40,0,25,6
BRDA:40,0,26,5
BRDA:40,0,27,5
BRDA:40,0,28,5
BRDA:40,0,29,5
BRDA:40,0,30,5
BRDA:40,0,31,5
DA:41,0
BRDA:41,0,0,0
BRDA:41,0,1,0
DA:42,0
BRDA:42,0,0,0
BRDA:42,0,1,0
BRDA:42,0,2,0
BRDA:42,0,3,0
BRDA:42,0,4,0
BRDA:42,0,5,0
BRDA:42,0,6,0
BRDA:42,0,7,0
BRDA:42,0,8,0
BRDA:42,0,9,0
BRDA:42,0,10,0
BRDA:42,0,11,0
BRDA:42,0,12,0
BRDA:42,0,13,0
BRDA:42,0,14,0
BRDA:42,0,15,0
BRDA:42,0,16,0
BRDA:42,0,17,0
BRDA:42,0,18,0
BRDA:42,0,19,0
BRDA:42,0,20,0
BRDA:42,0,21,0
BRDA:42,0,22,0
BRDA:42,0,23,0
BRDA:42,0,24,0
BRDA:42,0,25,0
BRDA:42,0,26,0
BRDA:42,0,27,0
BRDA:42,0,28,0
BRDA:42,0,29,0
BRDA:42,0,30,0
BRDA:42,0,31,0
DA:43,0
BRDA:43,0,0,0
BRDA:43,0,1,0
DA:58,0
BRDA:58,0,0,0
BRDA:58,0,1,0
DA:59,0
BRDA:59,0,0,0
BRDA:59,0,1,0
BRDA:59,0,2,0
BRDA:59,0,3,0
BRDA:59,0,4,0
BRDA:59,0,5,0
BRDA:59,0,6,0
BRDA:59,0,7,0
BRDA:59,0,8,0
BRDA:59,0,9,0
BRDA:59,0,10,0
BRDA:59,0,11,0
BRDA:59,0,12,0
BRDA:59,0,13,0
BRDA:59,0,14,0
BRDA:59,0,15,0
BRDA:59,0,16,0
BRDA:59,0,17,0
BRDA:59,0,18,0
BRDA:59,0,19,0
BRDA:59,0,20,0
BRDA:59,0,21,0
BRDA:59,0,22,0
BRDA:59,0,23,0
BRDA:59,0,24,0
BRDA:59,0,25,0
BRDA:59,0,26,0
BRDA:59,0,27,0
BRDA:59,0,28,0
BRDA:59,0,29,0
BRDA:59,0,30,0
BRDA:59,0,31,0
DA:68,90
BRDA:68,0,0,90
BRDA:68,0,1,90
BRDA:68,0,2,0
BRDA:68,0,3,0
BRDA:68,0,4,0
BRDA:68,0,5,0
BRDA:68,0,6,0
BRDA:68,0,7,0
BRDA:68,0,8,0
BRDA:68,0,9,0
BRDA:68,0,10,0
BRDA:68,0,11,0
BRDA:68,0,12,0
BRDA:68,0,13,0
BRDA:68,0,14,48
BRDA:68,0,15,47
BRDA:68,0,16,24
BRDA:68,0,17,23
BRDA:68,0,18,12
BRDA:68,0,19,11
BRDA:68,0,20,6
BRDA:68,0,21,5
BRDA:68,0,22,0
BRDA:68,0,23,0
BRDA:68,0,24,0
BRDA:68,0,25,0
BRDA:68,0,26,0
BRDA:68,0,27,0
BRDA:68,0,28,0
BRDA:68,0,29,0
BRDA:68,0,30,0
BRDA:68,0,31,0
DA:69,46
BRDA:69,0,0,46
BRDA:69,0,1,46
BRDA:69,0,2,3
BRDA:69,0,3,3
BRDA:69,0,4,3
BRDA:69,0,5,3
BRDA:69,0,6,3
BRDA:69,0,7,3
BRDA:69,0,8,3
BRDA:69,0,9,3
BRDA:69,0,10,3
BRDA:69,0,11,3
BRDA:69,0,12,3
BRDA:69,0,13,3
BRDA:69,0,14,24
BRDA:69,0,15,24
BRDA:69,0,16,12
BRDA:69,0,17,12
BRDA:69,0,18,40
BRDA:69,0,19,40
BRDA:69,0,20,21
BRDA:69,0,21,21
BRDA:69,0,22,9
BRDA:69,0,23,9
BRDA:69,0,24,6
BRDA:69,0,25,6
BRDA:69,0,26,3
BRDA:69,0,27,3
BRDA:69,0,28,3
BRDA:69,0,29,3
BRDA:69,0,30,3
BRDA:69,0,31,3
DA:70,90
BRDA:70,0,0,90
BRDA:70,0,1,90
DA:72,6041
DA:73,6041
DA:74,6041
DA:75,6041
DA:76,6041
BRDA:76,0,0,6041
BRDA:76,0,1,0
DA:77,0
DA:78,0
DA:79,0
DA:112,6039
DA:113,6039
DA:114,6019
BRDA:114,0,0,6019
BRDA:114,0,1,20
BRDA:114,0,2,6019
BRDA:114,0,3,20
DA:115,600
BRDA:115,0,0,20
BRDA:115,0,1,600
DA:116,600
DA:117,6019
DA:118,5719
BRDA:118,0,0,300
BRDA:118,0,1,5719
DA:119,300
DA:120,5929
BRDA:120,0,0,90
BRDA:120,0,1,5929
DA:121,90
DA:135,6039
DA:136,6019
BRDA:136,0,0,6019
BRDA:136,0,1,20
BRDA:136,0,2,6019
BRDA:136,0,3,20
DA:137,20
DA:138,20
DA:139,20
DA:140,6019
DA:141,6019
DA:142,6019
DA:143,6019
BRDA:143,0,0,0
BRDA:143,0,1,6019
DA:144,0
DA:145,0
DA:146,0
DA:149,0
DA:150,0
BRDA:150,0,0,0
BRDA:150,0,1,0
DA:152,0
DA:153,0
DA:154,0
DA:155,0
DA:158,0
DA:159,0
DA:160,0
DA:161,0
BRF:356
BRH:146
end_of_record
SF:verify/tb_common/apb4_bfm.vh
DA:23,116
DA:26,116
DA:27,116
DA:28,116
DA:29,116
DA:30,116
DA:31,116
DA:32,116
DA:33,116
DA:34,116
DA:35,116
DA:36,116
BRDA:36,0,0,116
BRDA:36,0,1,0
DA:37,0
DA:38,0
DA:40,116
BRDA:40,0,0,116
BRDA:40,0,1,0
DA:41,0
DA:42,0
DA:44,116
DA:45,116
DA:46,116
DA:51,1425
DA:53,1425
DA:54,1425
DA:55,1425
DA:56,1425
DA:57,1425
DA:58,1425
DA:59,1425
DA:60,1425
DA:61,1425
DA:62,1425
DA:63,1425
BRDA:63,0,0,1425
BRDA:63,0,1,0
DA:64,0
DA:65,0
DA:67,1425
BRDA:67,0,0,1425
BRDA:67,0,1,0
DA:68,0
DA:69,0
DA:71,1425
DA:72,1425
DA:73,1425
DA:79,0
DA:83,0
DA:84,0
DA:85,0
DA:86,0
DA:87,0
DA:88,0
DA:89,0
DA:90,0
DA:91,0
DA:92,0
DA:93,0
DA:94,0
BRDA:94,0,0,0
BRDA:94,0,1,0
DA:95,0
DA:96,0
DA:98,0
BRDA:98,0,0,0
BRDA:98,0,1,0
DA:99,0
DA:100,0
DA:102,0
DA:103,0
DA:104,0
DA:105,0
DA:112,0
DA:115,0
DA:116,0
DA:117,0
DA:118,0
DA:119,0
DA:120,0
DA:121,0
DA:122,0
DA:123,0
DA:124,0
DA:129,0
DA:131,0
DA:132,0
DA:133,0
DA:134,0
BRDA:134,0,0,0
BRDA:134,0,1,0
BRF:14
BRH:4
end_of_record
SF:verify/tb_common/checker.vh
DA:11,0
DA:15,0
DA:16,0
BRDA:16,0,0,0
BRDA:16,0,1,0
DA:17,0
DA:18,0
DA:23,0
DA:27,0
DA:28,0
BRDA:28,0,0,0
BRDA:28,0,1,0
DA:29,0
DA:30,0
DA:35,0
DA:38,0
DA:39,0
BRDA:39,0,0,0
BRDA:39,0,1,0
BRDA:39,0,2,0
BRDA:39,0,3,0
DA:40,0
DA:41,0
DA:46,1
DA:48,1
DA:49,1
BRDA:49,0,0,0
BRDA:49,0,1,1
DA:50,0
BRF:10
BRH:0
end_of_record
SF:verify/tb_common/clk_rst.vh
DA:14,12077
BRDA:14,0,0,12077
BRDA:14,0,1,6038
BRDA:14,0,2,6039
DA:16,1
DA:17,1
DA:18,1
DA:19,20
BRDA:19,0,0,1
BRDA:19,0,1,20
DA:20,1
DA:21,1
BRF:5
BRH:4
end_of_record
SF:verify/tb_common/golden_replay.vh
DA:22,10
DA:23,10
DA:24,10
DA:25,10
DA:26,790
DA:27,790
DA:28,780
BRDA:28,0,0,10
BRDA:28,0,1,780
DA:29,780
DA:30,780
DA:31,780
DA:34,10
BRDA:34,0,0,0
BRDA:34,0,1,10
DA:35,10
DA:36,10
BRDA:36,0,0,0
BRDA:36,0,1,10
BRDA:36,0,2,0
BRDA:36,0,3,10
DA:37,0
DA:38,0
DA:45,3
DA:46,3
DA:47,3
DA:48,3
DA:49,90
BRDA:49,0,0,3
BRDA:49,0,1,90
DA:50,90
DA:55,3
DA:56,3
DA:57,3
DA:58,3
DA:59,90
BRDA:59,0,0,3
BRDA:59,0,1,90
DA:60,90
DA:61,90
BRDA:61,0,0,0
BRDA:61,0,1,90
DA:62,0
DA:63,0
DA:64,0
DA:72,15
DA:74,15
DA:75,15
DA:76,15
BRDA:76,0,0,15
BRDA:76,0,1,0
DA:77,0
DA:78,0
DA:79,0
DA:81,15
DA:82,15
BRDA:82,0,0,15
BRDA:82,0,1,0
DA:83,0
DA:84,0
DA:85,0
DA:87,15
DA:88,15
BRDA:88,0,0,15
BRDA:88,0,1,0
DA:89,0
DA:90,0
DA:91,0
DA:93,15
DA:94,15
BRDA:94,0,0,15
BRDA:94,0,1,0
DA:95,0
DA:96,0
DA:97,0
DA:107,3
DA:111,3
DA:112,3
DA:113,3
DA:114,3
DA:115,3
DA:118,2
BRDA:118,0,0,2
BRDA:118,0,1,1
DA:119,2
DA:120,3
DA:122,2
BRDA:122,0,0,1
BRDA:122,0,1,2
BRDA:122,0,2,1
BRDA:122,0,3,2
DA:127,10
BRDA:127,0,0,2
BRDA:127,0,1,10
DA:128,10
BRDA:128,0,0,10
BRDA:128,0,1,5
BRDA:128,0,2,5
DA:129,40
BRDA:129,0,0,10
BRDA:129,0,1,40
DA:130,40
DA:131,10
DA:132,10
DA:133,10
DA:135,1
DA:137,1
BRDA:137,0,0,1
BRDA:137,0,1,1
BRDA:137,0,2,0
DA:138,5
BRDA:138,0,0,1
BRDA:138,0,1,5
DA:139,20
BRDA:139,0,0,5
BRDA:139,0,1,20
DA:140,20
DA:141,5
DA:143,5
DA:144,5
DA:145,5
DA:146,470
DA:147,470
DA:148,465
BRDA:148,0,0,5
BRDA:148,0,1,465
DA:149,465
DA:151,5
BRDA:151,0,0,5
BRDA:151,0,1,0
DA:152,5
DA:153,5
BRDA:153,0,0,0
BRDA:153,0,1,5
DA:154,0
DA:155,0
DA:159,5
DA:162,3
BRF:48
BRH:18
end_of_record
SF:verify/tb_common/stream_byte.vh
DA:21,0
DA:23,0
DA:24,0
DA:30,75
DA:33,75
DA:34,75
DA:35,75
DA:36,75
DA:37,65
BRDA:37,0,0,65
BRDA:37,0,1,15
BRDA:37,0,2,60
BRDA:37,0,3,10
DA:38,10
BRDA:38,0,0,10
BRDA:38,0,1,0
BRDA:38,0,2,10
DA:39,65
DA:40,65
DA:42,75
DA:43,75
DA:44,75
BRF:7
BRH:6
end_of_record
SF:verify/tests/tb_learn_accel.v
DA:26,6039
BRDA:26,0,0,1
BRDA:26,0,1,6039
BRDA:26,0,2,6038
DA:27,1
BRDA:27,0,0,1
BRDA:27,0,1,1
BRDA:27,0,2,0
DA:30,1541
BRDA:30,0,0,1541
BRDA:30,0,1,1541
BRDA:30,0,2,1
BRDA:30,0,3,1541
BRDA:30,0,4,1541
BRDA:30,0,5,1
BRDA:30,0,6,116
BRDA:30,0,7,116
BRDA:30,0,8,1
DA:31,46
BRDA:31,0,0,0
BRDA:31,0,1,0
BRDA:31,0,2,0
BRDA:31,0,3,0
BRDA:31,0,4,0
BRDA:31,0,5,0
BRDA:31,0,6,0
BRDA:31,0,7,0
BRDA:31,0,8,0
BRDA:31,0,9,0
BRDA:31,0,10,0
BRDA:31,0,11,0
BRDA:31,0,12,0
BRDA:31,0,13,0
BRDA:31,0,14,0
BRDA:31,0,15,0
BRDA:31,0,16,0
BRDA:31,0,17,0
BRDA:31,0,18,0
BRDA:31,0,19,0
BRDA:31,0,20,0
BRDA:31,0,21,0
BRDA:31,0,22,0
BRDA:31,0,23,0
BRDA:31,0,24,0
BRDA:31,0,25,0
BRDA:31,0,26,0
BRDA:31,0,27,0
BRDA:31,0,28,0
BRDA:31,0,29,0
BRDA:31,0,30,0
BRDA:31,0,31,0
BRDA:31,0,32,0
BRDA:31,0,33,0
BRDA:31,0,34,0
BRDA:31,0,35,0
BRDA:31,0,36,0
BRDA:31,0,37,0
BRDA:31,0,38,0
BRDA:31,0,39,0
BRDA:31,0,40,0
BRDA:31,0,41,0
BRDA:31,0,42,0
BRDA:31,0,43,0
BRDA:31,0,44,37
BRDA:31,0,45,37
BRDA:31,0,46,0
BRDA:31,0,47,0
BRDA:31,0,48,0
BRDA:31,0,49,0
BRDA:31,0,50,21
BRDA:31,0,51,21
BRDA:31,0,52,33
BRDA:31,0,53,33
BRDA:31,0,54,6
BRDA:31,0,55,5
BRDA:31,0,56,0
BRDA:31,0,57,0
BRDA:31,0,58,0
BRDA:31,0,59,0
BRDA:31,0,60,0
BRDA:31,0,61,0
BRDA:31,0,62,0
BRDA:31,0,63,0
BRDA:31,0,64,1
BRDA:31,0,65,46
BRDA:31,0,66,46
BRDA:31,0,67,3
BRDA:31,0,68,3
BRDA:31,0,69,3
BRDA:31,0,70,3
BRDA:31,0,71,3
BRDA:31,0,72,3
BRDA:31,0,73,3
BRDA:31,0,74,3
BRDA:31,0,75,3
BRDA:31,0,76,3
BRDA:31,0,77,3
BRDA:31,0,78,3
BRDA:31,0,79,0
BRDA:31,0,80,0
BRDA:31,0,81,0
BRDA:31,0,82,0
BRDA:31,0,83,0
BRDA:31,0,84,0
BRDA:31,0,85,0
BRDA:31,0,86,0
BRDA:31,0,87,24
BRDA:31,0,88,24
BRDA:31,0,89,0
BRDA:31,0,90,0
BRDA:31,0,91,0
BRDA:31,0,92,0
BRDA:31,0,93,0
BRDA:31,0,94,0
BRDA:31,0,95,0
BRDA:31,0,96,0
BRDA:31,0,97,0
BRDA:31,0,98,0
BRDA:31,0,99,0
BRDA:31,0,100,0
BRDA:31,0,101,0
BRDA:31,0,102,0
BRDA:31,0,103,0
BRDA:31,0,104,0
BRDA:31,0,105,0
BRDA:31,0,106,0
BRDA:31,0,107,0
BRDA:31,0,108,0
BRDA:31,0,109,12
BRDA:31,0,110,12
BRDA:31,0,111,0
BRDA:31,0,112,0
BRDA:31,0,113,0
BRDA:31,0,114,0
BRDA:31,0,115,40
BRDA:31,0,116,40
BRDA:31,0,117,21
BRDA:31,0,118,21
BRDA:31,0,119,9
BRDA:31,0,120,9
BRDA:31,0,121,6
BRDA:31,0,122,6
BRDA:31,0,123,3
BRDA:31,0,124,3
BRDA:31,0,125,3
BRDA:31,0,126,3
BRDA:31,0,127,3
BRDA:31,0,128,3
BRDA:31,0,129,1
DA:32,95
BRDA:32,0,0,95
BRDA:32,0,1,95
BRDA:32,0,2,5
BRDA:32,0,3,5
BRDA:32,0,4,5
BRDA:32,0,5,5
BRDA:32,0,6,5
BRDA:32,0,7,5
BRDA:32,0,8,5
BRDA:32,0,9,5
BRDA:32,0,10,5
BRDA:32,0,11,5
BRDA:32,0,12,5
BRDA:32,0,13,5
BRDA:32,0,14,0
BRDA:32,0,15,0
BRDA:32,0,16,0
BRDA:32,0,17,0
BRDA:32,0,18,0
BRDA:32,0,19,0
BRDA:32,0,20,0
BRDA:32,0,21,0
BRDA:32,0,22,70
BRDA:32,0,23,70
BRDA:32,0,24,0
BRDA:32,0,25,0
BRDA:32,0,26,0
BRDA:32,0,27,0
BRDA:32,0,28,0
BRDA:32,0,29,0
BRDA:32,0,30,0
BRDA:32,0,31,0
BRDA:32,0,32,0
BRDA:32,0,33,0
BRDA:32,0,34,0
BRDA:32,0,35,0
BRDA:32,0,36,0
BRDA:32,0,37,0
BRDA:32,0,38,0
BRDA:32,0,39,0
BRDA:32,0,40,0
BRDA:32,0,41,0
BRDA:32,0,42,0
BRDA:32,0,43,0
BRDA:32,0,44,37
BRDA:32,0,45,37
BRDA:32,0,46,0
BRDA:32,0,47,0
BRDA:32,0,48,0
BRDA:32,0,49,0
BRDA:32,0,50,72
BRDA:32,0,51,72
BRDA:32,0,52,39
BRDA:32,0,53,39
BRDA:32,0,54,19
BRDA:32,0,55,19
BRDA:32,0,56,6
BRDA:32,0,57,6
BRDA:32,0,58,5
BRDA:32,0,59,5
BRDA:32,0,60,5
BRDA:32,0,61,5
BRDA:32,0,62,5
BRDA:32,0,63,5
DA:33,1541
BRDA:33,0,0,1541
BRDA:33,0,1,1541
BRDA:33,0,2,0
BRDA:33,0,3,0
DA:36,75
BRDA:36,0,0,75
BRDA:36,0,1,75
BRDA:36,0,2,1
BRDA:36,0,3,15
BRDA:36,0,4,15
BRDA:36,0,5,1
DA:37,12
BRDA:37,0,0,6
BRDA:37,0,1,5
BRDA:37,0,2,6
BRDA:37,0,3,6
BRDA:37,0,4,6
BRDA:37,0,5,6
BRDA:37,0,6,9
BRDA:37,0,7,9
BRDA:37,0,8,6
BRDA:37,0,9,6
BRDA:37,0,10,9
BRDA:37,0,11,9
BRDA:37,0,12,12
BRDA:37,0,13,12
BRDA:37,0,14,9
BRDA:37,0,15,9
BRDA:37,0,16,1
DA:38,15
BRDA:38,0,0,15
BRDA:38,0,1,15
DA:40,1
DA:43,64
BRDA:43,0,0,64
BRDA:43,0,1,64
BRDA:43,0,2,3
BRDA:43,0,3,3
BRDA:43,0,4,3
BRDA:43,0,5,3
BRDA:43,0,6,3
BRDA:43,0,7,3
BRDA:43,0,8,3
BRDA:43,0,9,3
BRDA:43,0,10,3
BRDA:43,0,11,3
BRDA:43,0,12,3
BRDA:43,0,13,3
BRDA:43,0,14,0
BRDA:43,0,15,0
BRDA:43,0,16,0
BRDA:43,0,17,0
BRDA:43,0,18,0
BRDA:43,0,19,0
BRDA:43,0,20,0
BRDA:43,0,21,0
BRDA:43,0,22,49
BRDA:43,0,23,48
BRDA:43,0,24,0
BRDA:43,0,25,0
BRDA:43,0,26,0
BRDA:43,0,27,0
BRDA:43,0,28,0
BRDA:43,0,29,0
BRDA:43,0,30,0
BRDA:43,0,31,0
BRDA:43,0,32,0
BRDA:43,0,33,0
BRDA:43,0,34,0
BRDA:43,0,35,0
BRDA:43,0,36,0
BRDA:43,0,37,0
BRDA:43,0,38,0
BRDA:43,0,39,0
BRDA:43,0,40,0
BRDA:43,0,41,0
BRDA:43,0,42,0
BRDA:43,0,43,0
BRDA:43,0,44,24
BRDA:43,0,45,23
BRDA:43,0,46,0
BRDA:43,0,47,0
BRDA:43,0,48,0
BRDA:43,0,49,0
BRDA:43,0,50,42
BRDA:43,0,51,41
BRDA:43,0,52,20
BRDA:43,0,53,20
BRDA:43,0,54,11
BRDA:43,0,55,11
BRDA:43,0,56,4
BRDA:43,0,57,3
BRDA:43,0,58,3
BRDA:43,0,59,3
BRDA:43,0,60,3
BRDA:43,0,61,3
BRDA:43,0,62,3
BRDA:43,0,63,3
DA:60,1
DA:61,1
DA:62,1
DA:64,1
DA:65,1
DA:67,1
DA:70,1
DA:71,1
DA:74,1
DA:76,1
DA:79,1
DA:81,1
DA:82,1
DA:84,1
DA:85,1
DA:89,0
DA:90,0
DA:91,0
DA:92,0
BRF:302
BRH:58
end_of_record
